#
# There is insufficient memory for the Java Runtime Environment to continue.
# Native memory allocation (malloc) failed to allocate 1900816 bytes. Error detail: Chunk::new
# Possible reasons:
#   The system is out of physical RAM or swap space
#   This process is running with CompressedOops enabled, and the Java Heap may be blocking the growth of the native heap
# Possible solutions:
#   Reduce memory load on the system
#   Increase physical memory or swap space
#   Check if swap backing store is full
#   Decrease Java heap size (-Xmx/-Xms)
#   Decrease number of Java threads
#   Decrease Java thread stack sizes (-Xss)
#   Set larger code cache with -XX:ReservedCodeCacheSize=
#   JVM is running with Unscaled Compressed Oops mode in which the Java heap is
#     placed in the first 4GB address space. The Java Heap base address is the
#     maximum limit for the native heap growth. Please use -XX:HeapBaseMinAddress
#     to set the Java Heap base and to place the Java Heap above 4GB virtual address.
# This output file may be truncated or incomplete.
#
#  Out of Memory Error (arena.cpp:168), pid=32836, tid=31908
#
# JRE version: OpenJDK Runtime Environment Temurin-21.0.8+9 (21.0.8+9) (build 21.0.8+9-LTS)
# Java VM: OpenJDK 64-Bit Server VM Temurin-21.0.8+9 (21.0.8+9-LTS, mixed mode, sharing, tiered, compressed oops, compressed class ptrs, parallel gc, windows-amd64)
# No core dump will be written. Minidumps are not enabled by default on client versions of Windows
#

---------------  S U M M A R Y ------------

Command Line: --add-modules=ALL-SYSTEM --add-opens=java.base/java.util=ALL-UNNAMED --add-opens=java.base/java.lang=ALL-UNNAMED --add-opens=java.base/sun.nio.fs=ALL-UNNAMED -Declipse.application=org.eclipse.jdt.ls.core.id1 -Dosgi.bundles.defaultStartLevel=4 -Declipse.product=org.eclipse.jdt.ls.core.product -Djava.import.generatesMetadataFilesAtProjectRoot=false -DDetectVMInstallationsJob.disabled=true -Dfile.encoding=utf8 -XX:+UseParallelGC -XX:GCTimeRatio=4 -XX:AdaptiveSizePolicyWeight=90 -Dsun.zip.disableMemoryMapping=true -Xmx2G -Xms100m -Xlog:disable -javaagent:c:\Users\alifs\.vscode\extensions\redhat.java-1.46.0-win32-x64\lombok\lombok-1.18.39-4050.jar -XX:+HeapDumpOnOutOfMemoryError -XX:HeapDumpPath=c:\Users\alifs\AppData\Roaming\Code\User\workspaceStorage\b58b63099126c7551d0743b44b78206b\redhat.java -Daether.dependencyCollector.impl=bf c:\Users\alifs\.vscode\extensions\redhat.java-1.46.0-win32-x64\server\plugins\org.eclipse.equinox.launcher_1.7.0.v20250519-0528.jar -configuration c:\Users\alifs\AppData\Roaming\Code\User\globalStorage\redhat.java\1.46.0\config_win -data c:\Users\alifs\AppData\Roaming\Code\User\workspaceStorage\b58b63099126c7551d0743b44b78206b\redhat.java\jdt_ws --pipe=\\.\pipe\lsp-d8516391a5368770e6c5a87383e39d71-sock

Host: AMD Ryzen 5 7535HS with Radeon Graphics        , 12 cores, 5G,  Windows 11 , 64 bit Build 26100 (10.0.26100.5074)
Time: Sun Oct  5 23:14:57 2025 Bangladesh Standard Time elapsed time: 7.768905 seconds (0d 0h 0m 7s)

---------------  T H R E A D  ---------------

Current thread (0x000002b3dc032930):  JavaThread "C2 CompilerThread0" daemon [_thread_in_native, id=31908, stack(0x000000d7ecb00000,0x000000d7ecc00000) (1024K)]


Current CompileTask:
C2:7769 3962       4       org.lombokweb.asm.ClassReader::readMethod (1070 bytes)

Stack: [0x000000d7ecb00000,0x000000d7ecc00000]
Native frames: (J=compiled Java code, j=interpreted, Vv=VM code, C=native code)
V  [jvm.dll+0x6d2449]
V  [jvm.dll+0x8ae341]
V  [jvm.dll+0x8b08be]
V  [jvm.dll+0x8b0fa3]
V  [jvm.dll+0x280c96]
V  [jvm.dll+0xc581d]
V  [jvm.dll+0xc5d53]
V  [jvm.dll+0x3b9162]
V  [jvm.dll+0x1e1213]
V  [jvm.dll+0x249022]
V  [jvm.dll+0x2484af]
V  [jvm.dll+0x1c89ee]
V  [jvm.dll+0x257d4d]
V  [jvm.dll+0x2562ea]
V  [jvm.dll+0x3f2d16]
V  [jvm.dll+0x857e6b]
V  [jvm.dll+0x6d0b0d]
C  [ucrtbase.dll+0x37b0]
C  [KERNEL32.DLL+0x2e8d7]
C  [ntdll.dll+0x8d9c]


---------------  P R O C E S S  ---------------

Threads class SMR info:
_java_thread_list=0x000002b3fb4fc1b0, length=37, elements={
0x000002b3d9b3d5f0, 0x000002b3dc025390, 0x000002b3f2a1dfb0, 0x000002b3dc027ac0,
0x000002b3dc028710, 0x000002b3dc02a820, 0x000002b3dc02f3c0, 0x000002b3dc032930,
0x000002b3f3d99fd0, 0x000002b3dbfecbe0, 0x000002b3f4013200, 0x000002b3f9572610,
0x000002b3f9681b70, 0x000002b3f938bde0, 0x000002b3f964d4b0, 0x000002b3f969a920,
0x000002b3f99723e0, 0x000002b3f9aa91a0, 0x000002b3f9aa8b10, 0x000002b3f9aa7df0,
0x000002b3f9aa9830, 0x000002b3f9aa9ec0, 0x000002b3f9aab270, 0x000002b3f9aaa550,
0x000002b3f9aaabe0, 0x000002b3fbaccaa0, 0x000002b3fbacc410, 0x000002b3fbacd130,
0x000002b3fbac9cb0, 0x000002b3fbaca340, 0x000002b3fbacb060, 0x000002b3fbacd7c0,
0x000002b3fbacb6f0, 0x000002b3fbacde50, 0x000002b3fbaca9d0, 0x000002b3fbaceb70,
0x000002b3fbace4e0
}
_to_delete_list=0x000002b3fb4fc1b0
Skipping _to_delete_list fields and contents for safety.
The _java_thread_list has changed from 0x000002b3fb4fc1b0 to 0x000002b3fb4fbe20 so some of the above information may be stale.

Java Threads: ( => current thread )
  0x000002b3d9b3d5f0 JavaThread "main"                              [_thread_in_vm, id=19740, stack(0x000000d7ec100000,0x000000d7ec200000) (1024K)]
  0x000002b3dc025390 JavaThread "Reference Handler"          daemon [_thread_blocked, id=15484, stack(0x000000d7ec500000,0x000000d7ec600000) (1024K)]
  0x000002b3f2a1dfb0 JavaThread "Finalizer"                  daemon [_thread_blocked, id=21640, stack(0x000000d7ec600000,0x000000d7ec700000) (1024K)]
  0x000002b3dc027ac0 JavaThread "Signal Dispatcher"          daemon [_thread_blocked, id=21232, stack(0x000000d7ec700000,0x000000d7ec800000) (1024K)]
  0x000002b3dc028710 JavaThread "Attach Listener"            daemon [_thread_blocked, id=31816, stack(0x000000d7ec800000,0x000000d7ec900000) (1024K)]
  0x000002b3dc02a820 JavaThread "Service Thread"             daemon [_thread_blocked, id=20572, stack(0x000000d7ec900000,0x000000d7eca00000) (1024K)]
  0x000002b3dc02f3c0 JavaThread "Monitor Deflation Thread"   daemon [_thread_blocked, id=28568, stack(0x000000d7eca00000,0x000000d7ecb00000) (1024K)]
=>0x000002b3dc032930 JavaThread "C2 CompilerThread0"         daemon [_thread_in_native, id=31908, stack(0x000000d7ecb00000,0x000000d7ecc00000) (1024K)]
  0x000002b3f3d99fd0 JavaThread "C1 CompilerThread0"         daemon [_thread_blocked, id=20408, stack(0x000000d7ecc00000,0x000000d7ecd00000) (1024K)]
  0x000002b3dbfecbe0 JavaThread "Common-Cleaner"             daemon [_thread_blocked, id=4384, stack(0x000000d7ecd00000,0x000000d7ece00000) (1024K)]
  0x000002b3f4013200 JavaThread "Notification Thread"        daemon [_thread_blocked, id=19828, stack(0x000000d7ece00000,0x000000d7ecf00000) (1024K)]
  0x000002b3f9572610 JavaThread "Active Thread: Equinox Container: bcccf876-f639-4348-afee-fbd9fb068298"        [_thread_blocked, id=24948, stack(0x000000d7ecf00000,0x000000d7ed000000) (1024K)]
  0x000002b3f9681b70 JavaThread "Refresh Thread: Equinox Container: bcccf876-f639-4348-afee-fbd9fb068298" daemon [_thread_blocked, id=15976, stack(0x000000d7ed700000,0x000000d7ed800000) (1024K)]
  0x000002b3f938bde0 JavaThread "Framework Event Dispatcher: Equinox Container: bcccf876-f639-4348-afee-fbd9fb068298" daemon [_thread_blocked, id=10512, stack(0x000000d7ed800000,0x000000d7ed900000) (1024K)]
  0x000002b3f964d4b0 JavaThread "Start Level: Equinox Container: bcccf876-f639-4348-afee-fbd9fb068298" daemon [_thread_blocked, id=4484, stack(0x000000d7ed900000,0x000000d7eda00000) (1024K)]
  0x000002b3f969a920 JavaThread "Bundle File Closer"         daemon [_thread_blocked, id=12932, stack(0x000000d7edc00000,0x000000d7edd00000) (1024K)]
  0x000002b3f99723e0 JavaThread "SCR Component Actor"        daemon [_thread_blocked, id=19092, stack(0x000000d7edd00000,0x000000d7ede00000) (1024K)]
  0x000002b3f9aa91a0 JavaThread "Worker-JM"                         [_thread_blocked, id=9444, stack(0x000000d7edf00000,0x000000d7ee000000) (1024K)]
  0x000002b3f9aa8b10 JavaThread "JNA Cleaner"                daemon [_thread_blocked, id=6768, stack(0x000000d7ede00000,0x000000d7edf00000) (1024K)]
  0x000002b3f9aa7df0 JavaThread "Worker-0: Initialize After Load"        [_thread_in_vm, id=18860, stack(0x000000d7ee000000,0x000000d7ee100000) (1024K)]
  0x000002b3f9aa9830 JavaThread "Worker-1: Repository registry initialization"        [_thread_in_Java, id=17812, stack(0x000000d7ee100000,0x000000d7ee200000) (1024K)]
  0x000002b3f9aa9ec0 JavaThread "Java indexing"              daemon [_thread_blocked, id=35736, stack(0x000000d7ee200000,0x000000d7ee300000) (1024K)]
  0x000002b3f9aab270 JavaThread "Worker-2: Loading available Gradle versions"        [_thread_in_vm, id=31836, stack(0x000000d7ee500000,0x000000d7ee600000) (1024K)]
  0x000002b3f9aaa550 JavaThread "Worker-3"                          [_thread_blocked, id=36388, stack(0x000000d7ee600000,0x000000d7ee700000) (1024K)]
  0x000002b3f9aaabe0 JavaThread "Worker-4"                          [_thread_blocked, id=32924, stack(0x000000d7ee700000,0x000000d7ee800000) (1024K)]
  0x000002b3fbaccaa0 JavaThread "Thread-1"                   daemon [_thread_in_native, id=380, stack(0x000000d7ee800000,0x000000d7ee900000) (1024K)]
  0x000002b3fbacc410 JavaThread "Thread-2"                   daemon [_thread_in_native, id=24660, stack(0x000000d7ee900000,0x000000d7eea00000) (1024K)]
  0x000002b3fbacd130 JavaThread "Thread-3"                   daemon [_thread_in_native, id=6396, stack(0x000000d7eea00000,0x000000d7eeb00000) (1024K)]
  0x000002b3fbac9cb0 JavaThread "Thread-4"                   daemon [_thread_in_native, id=8872, stack(0x000000d7eeb00000,0x000000d7eec00000) (1024K)]
  0x000002b3fbaca340 JavaThread "Thread-5"                   daemon [_thread_new, id=11312, stack(0x0000000000000000,0x0000000000000000) (0B)]
  0x000002b3fbacb060 JavaThread "Thread-6"                   daemon [_thread_in_native, id=37248, stack(0x000000d7eed00000,0x000000d7eee00000) (1024K)]
  0x000002b3fbacd7c0 JavaThread "Thread-7"                   daemon [_thread_new, id=26188, stack(0x0000000000000000,0x0000000000000000) (0B)]
  0x000002b3fbacb6f0 JavaThread "Thread-8"                   daemon [_thread_new, id=30572, stack(0x0000000000000000,0x0000000000000000) (0B)]
  0x000002b3fbacde50 JavaThread "Thread-9"                   daemon [_thread_new, id=27888, stack(0x0000000000000000,0x0000000000000000) (0B)]
  0x000002b3fbaca9d0 JavaThread "Thread-10"                  daemon [_thread_new, id=12852, stack(0x0000000000000000,0x0000000000000000) (0B)]
  0x000002b3fbaceb70 JavaThread "Thread-11"                  daemon [_thread_new, id=21940, stack(0x0000000000000000,0x0000000000000000) (0B)]
  0x000002b3fbace4e0 JavaThread "Thread-12"                  daemon [_thread_new, id=29056, stack(0x0000000000000000,0x0000000000000000) (0B)]
  0x000002b3fbacf200 JavaThread "Thread-13"                  daemon [_thread_new, id=24196, stack(0x0000000000000000,0x0000000000000000) (0B)]
Total: 38

Other Threads:
  0x000002b3f2a02c70 VMThread "VM Thread"                           [id=16348, stack(0x000000d7ec400000,0x000000d7ec500000) (1024K)]
  0x000002b3f28fca00 WatcherThread "VM Periodic Task Thread"        [id=33424, stack(0x000000d7ec300000,0x000000d7ec400000) (1024K)]
  0x000002b3dbf9c9a0 WorkerThread "GC Thread#0"                     [id=32700, stack(0x000000d7ec200000,0x000000d7ec300000) (1024K)]
  0x000002b3f92cc7b0 WorkerThread "GC Thread#1"                     [id=33604, stack(0x000000d7ed000000,0x000000d7ed100000) (1024K)]
  0x000002b3f9049860 WorkerThread "GC Thread#2"                     [id=35888, stack(0x000000d7ed100000,0x000000d7ed200000) (1024K)]
  0x000002b3f9049c00 WorkerThread "GC Thread#3"                     [id=18292, stack(0x000000d7ed200000,0x000000d7ed300000) (1024K)]
  0x000002b3f9324d70 WorkerThread "GC Thread#4"                     [id=37844, stack(0x000000d7ed300000,0x000000d7ed400000) (1024K)]
  0x000002b3f9325110 WorkerThread "GC Thread#5"                     [id=9964, stack(0x000000d7ed400000,0x000000d7ed500000) (1024K)]
  0x000002b3f93d8b20 WorkerThread "GC Thread#6"                     [id=10628, stack(0x000000d7ed500000,0x000000d7ed600000) (1024K)]
  0x000002b3f96680f0 WorkerThread "GC Thread#7"                     [id=9644, stack(0x000000d7ed600000,0x000000d7ed700000) (1024K)]
  0x000002b3f9b3c690 WorkerThread "GC Thread#8"                     [id=8780, stack(0x000000d7eda00000,0x000000d7edb00000) (1024K)]
  0x000002b3f97c7080 WorkerThread "GC Thread#9"                     [id=33528, stack(0x000000d7edb00000,0x000000d7edc00000) (1024K)]
Total: 12

Threads with active compile tasks:
C2 CompilerThread0  7814 3962       4       org.lombokweb.asm.ClassReader::readMethod (1070 bytes)
C1 CompilerThread0  7814 4372       2       java.lang.reflect.Method::getAnnotation (6 bytes)
Total: 2

VM state: not at safepoint (normal execution)

VM Mutex/Monitor currently owned by a thread: None

Heap address: 0x0000000080000000, size: 2048 MB, Compressed Oops mode: 32-bit

CDS archive(s) mapped at: [0x000002b380000000-0x000002b380ba0000-0x000002b380ba0000), size 12189696, SharedBaseAddress: 0x000002b380000000, ArchiveRelocationMode: 1.
Compressed class space mapped at: 0x000002b381000000-0x000002b3c1000000, reserved size: 1073741824
Narrow klass base: 0x000002b380000000, Narrow klass shift: 0, Narrow klass range: 0x100000000

GC Precious Log:
 CardTable entry size: 512
 CPUs: 12 total, 12 available
 Memory: 5845M
 Large Page Support: Disabled
 NUMA Support: Disabled
 Compressed Oops: Enabled (32-bit)
 Alignments: Space 512K, Generation 512K, Heap 2M
 Heap Min Capacity: 100M
 Heap Initial Capacity: 100M
 Heap Max Capacity: 2G
 Pre-touch: Disabled
 Parallel Workers: 10

Heap:
 PSYoungGen      total 24064K, used 22404K [0x00000000d5580000, 0x00000000d7280000, 0x0000000100000000)
  eden space 22528K, 94% used [0x00000000d5580000,0x00000000d6a4d120,0x00000000d6b80000)
  from space 1536K, 77% used [0x00000000d7000000,0x00000000d712b500,0x00000000d7180000)
  to   space 1024K, 0% used [0x00000000d7180000,0x00000000d7180000,0x00000000d7280000)
 ParOldGen       total 68608K, used 16785K [0x0000000080000000, 0x0000000084300000, 0x00000000d5580000)
  object space 68608K, 24% used [0x0000000080000000,0x0000000081064458,0x0000000084300000)
 Metaspace       used 34319K, committed 35456K, reserved 1114112K
  class space    used 3569K, committed 4032K, reserved 1048576K

Card table byte_map: [0x000002b3db950000,0x000002b3dbd60000] _byte_map_base: 0x000002b3db550000

Marking Bits: (ParMarkBitMap*) 0x00007ffa2880a340
 Begin Bits: [0x000002b3ee420000, 0x000002b3f0420000)
 End Bits:   [0x000002b3f0420000, 0x000002b3f2420000)

Polling page: 0x000002b3db740000

Metaspace:

Usage:
  Non-class:     30.03 MB used.
      Class:      3.49 MB used.
       Both:     33.52 MB used.

Virtual space:
  Non-class space:       64.00 MB reserved,      30.69 MB ( 48%) committed,  1 nodes.
      Class space:        1.00 GB reserved,       3.94 MB ( <1%) committed,  1 nodes.
             Both:        1.06 GB reserved,      34.62 MB (  3%) committed. 

Chunk freelists:
   Non-Class:  1.03 MB
       Class:  12.04 MB
        Both:  13.07 MB

MaxMetaspaceSize: unlimited
CompressedClassSpaceSize: 1.00 GB
Initial GC threshold: 21.00 MB
Current GC threshold: 35.00 MB
CDS: on
 - commit_granule_bytes: 65536.
 - commit_granule_words: 8192.
 - virtual_space_node_default_size: 8388608.
 - enlarge_chunks_in_place: 1.
 - use_allocation_guard: 0.


Internal statistics:

num_allocs_failed_limit: 3.
num_arena_births: 884.
num_arena_deaths: 14.
num_vsnodes_births: 2.
num_vsnodes_deaths: 0.
num_space_committed: 554.
num_space_uncommitted: 0.
num_chunks_returned_to_freelist: 17.
num_chunks_taken_from_freelist: 2396.
num_chunk_merges: 9.
num_chunk_splits: 1488.
num_chunks_enlarged: 844.
num_inconsistent_stats: 0.

CodeHeap 'non-profiled nmethods': size=120000Kb used=1704Kb max_used=1704Kb free=118295Kb
 bounds [0x000002b3e6c40000, 0x000002b3e6eb0000, 0x000002b3ee170000]
CodeHeap 'profiled nmethods': size=120000Kb used=8809Kb max_used=8809Kb free=111190Kb
 bounds [0x000002b3df170000, 0x000002b3dfa10000, 0x000002b3e66a0000]
CodeHeap 'non-nmethods': size=5760Kb used=1354Kb max_used=1354Kb free=4405Kb
 bounds [0x000002b3e66a0000, 0x000002b3e6910000, 0x000002b3e6c40000]
CodeCache: size=245760Kb, used=11867Kb, max_used=11867Kb, free=233890Kb
 total_blobs=4991, nmethods=4341, adapters=556, full_count=0
Compilation: enabled, stopped_count=0, restarted_count=0

Compilation events (20 events):
Event: 6.741 Thread 0x000002b3f3d99fd0 4327       2       jdk.internal.org.objectweb.asm.Frame::merge (395 bytes)
Event: 6.742 Thread 0x000002b3f3d99fd0 nmethod 4327 0x000002b3df9fd710 code [0x000002b3df9fd980, 0x000002b3df9fe2f8]
Event: 6.742 Thread 0x000002b3f3d99fd0 4326       2       aQute.bnd.stream.EntryPipeline$$Lambda/0x000002b381130ef8::<init> (10 bytes)
Event: 6.743 Thread 0x000002b3f3d99fd0 nmethod 4326 0x000002b3df9fe910 code [0x000002b3df9feaa0, 0x000002b3df9febc0]
Event: 6.744 Thread 0x000002b3f3d99fd0 4332       2       java.lang.invoke.InvokerBytecodeGenerator::<init> (129 bytes)
Event: 6.745 Thread 0x000002b3f3d99fd0 nmethod 4332 0x000002b3df9fec90 code [0x000002b3df9feec0, 0x000002b3df9ff540]
Event: 6.745 Thread 0x000002b3f3d99fd0 4333       1       org.eclipse.core.internal.dtree.DataTreeNode::getData (5 bytes)
Event: 6.745 Thread 0x000002b3f3d99fd0 nmethod 4333 0x000002b3e6de8590 code [0x000002b3e6de8720, 0x000002b3e6de87e8]
Event: 6.745 Thread 0x000002b3f3d99fd0 4334       2       org.eclipse.core.internal.resources.Resource::getFlags (13 bytes)
Event: 6.746 Thread 0x000002b3f3d99fd0 nmethod 4334 0x000002b3df9ff910 code [0x000002b3df9ffac0, 0x000002b3df9ffc08]
Event: 6.746 Thread 0x000002b3f3d99fd0 4335       2       org.eclipse.core.runtime.Path::getFileExtension (42 bytes)
Event: 6.746 Thread 0x000002b3f3d99fd0 nmethod 4335 0x000002b3df9ffd10 code [0x000002b3df9fff00, 0x000002b3dfa001e0]
Event: 6.746 Thread 0x000002b3f3d99fd0 4336       2       org.eclipse.core.internal.resources.ResourceInfo::getType (10 bytes)
Event: 6.746 Thread 0x000002b3f3d99fd0 nmethod 4336 0x000002b3dfa00410 code [0x000002b3dfa005a0, 0x000002b3dfa00690]
Event: 6.746 Thread 0x000002b3f3d99fd0 4337       1       org.eclipse.core.internal.dtree.AbstractDataTreeNode::getName (5 bytes)
Event: 6.746 Thread 0x000002b3f3d99fd0 nmethod 4337 0x000002b3e6de8890 code [0x000002b3e6de8a20, 0x000002b3e6de8ae8]
Event: 6.747 Thread 0x000002b3f3d99fd0 4338   !   2       org.eclipse.osgi.internal.serviceregistry.ServiceRegistrationImpl::getProperties (17 bytes)
Event: 6.747 Thread 0x000002b3f3d99fd0 nmethod 4338 0x000002b3dfa00710 code [0x000002b3dfa008c0, 0x000002b3dfa00ab8]
Event: 6.758 Thread 0x000002b3f3d99fd0 4340       2       java.util.concurrent.ConcurrentHashMap$ValueIterator::<init> (12 bytes)
Event: 6.758 Thread 0x000002b3f3d99fd0 nmethod 4340 0x000002b3dfa00b90 code [0x000002b3dfa00d40, 0x000002b3dfa00e60]

GC Heap History (20 events):
Event: 2.358 GC heap before
{Heap before GC invocations=3 (full 0):
 PSYoungGen      total 29696K, used 29685K [0x00000000d5580000, 0x00000000d7680000, 0x0000000100000000)
  eden space 25600K, 100% used [0x00000000d5580000,0x00000000d6e80000,0x00000000d6e80000)
  from space 4096K, 99% used [0x00000000d7280000,0x00000000d767d790,0x00000000d7680000)
  to   space 4096K, 0% used [0x00000000d6e80000,0x00000000d6e80000,0x00000000d7280000)
 ParOldGen       total 68608K, used 1761K [0x0000000080000000, 0x0000000084300000, 0x00000000d5580000)
  object space 68608K, 2% used [0x0000000080000000,0x00000000801b86a8,0x0000000084300000)
 Metaspace       used 9388K, committed 9728K, reserved 1114112K
  class space    used 1004K, committed 1152K, reserved 1048576K
}
Event: 2.365 GC heap after
{Heap after GC invocations=3 (full 0):
 PSYoungGen      total 29696K, used 4077K [0x00000000d5580000, 0x00000000d7680000, 0x0000000100000000)
  eden space 25600K, 0% used [0x00000000d5580000,0x00000000d5580000,0x00000000d6e80000)
  from space 4096K, 99% used [0x00000000d6e80000,0x00000000d727b550,0x00000000d7280000)
  to   space 4096K, 0% used [0x00000000d7280000,0x00000000d7280000,0x00000000d7680000)
 ParOldGen       total 68608K, used 4726K [0x0000000080000000, 0x0000000084300000, 0x00000000d5580000)
  object space 68608K, 6% used [0x0000000080000000,0x000000008049d948,0x0000000084300000)
 Metaspace       used 9388K, committed 9728K, reserved 1114112K
  class space    used 1004K, committed 1152K, reserved 1048576K
}
Event: 2.928 GC heap before
{Heap before GC invocations=4 (full 0):
 PSYoungGen      total 29696K, used 29677K [0x00000000d5580000, 0x00000000d7680000, 0x0000000100000000)
  eden space 25600K, 100% used [0x00000000d5580000,0x00000000d6e80000,0x00000000d6e80000)
  from space 4096K, 99% used [0x00000000d6e80000,0x00000000d727b550,0x00000000d7280000)
  to   space 4096K, 0% used [0x00000000d7280000,0x00000000d7280000,0x00000000d7680000)
 ParOldGen       total 68608K, used 4726K [0x0000000080000000, 0x0000000084300000, 0x00000000d5580000)
  object space 68608K, 6% used [0x0000000080000000,0x000000008049d948,0x0000000084300000)
 Metaspace       used 12000K, committed 12352K, reserved 1114112K
  class space    used 1286K, committed 1472K, reserved 1048576K
}
Event: 2.933 GC heap after
{Heap after GC invocations=4 (full 0):
 PSYoungGen      total 29696K, used 4075K [0x00000000d5580000, 0x00000000d7680000, 0x0000000100000000)
  eden space 25600K, 0% used [0x00000000d5580000,0x00000000d5580000,0x00000000d6e80000)
  from space 4096K, 99% used [0x00000000d7280000,0x00000000d767ada8,0x00000000d7680000)
  to   space 4096K, 0% used [0x00000000d6e80000,0x00000000d6e80000,0x00000000d7280000)
 ParOldGen       total 68608K, used 6319K [0x0000000080000000, 0x0000000084300000, 0x00000000d5580000)
  object space 68608K, 9% used [0x0000000080000000,0x000000008062bd68,0x0000000084300000)
 Metaspace       used 12000K, committed 12352K, reserved 1114112K
  class space    used 1286K, committed 1472K, reserved 1048576K
}
Event: 3.421 GC heap before
{Heap before GC invocations=5 (full 0):
 PSYoungGen      total 29696K, used 29675K [0x00000000d5580000, 0x00000000d7680000, 0x0000000100000000)
  eden space 25600K, 100% used [0x00000000d5580000,0x00000000d6e80000,0x00000000d6e80000)
  from space 4096K, 99% used [0x00000000d7280000,0x00000000d767ada8,0x00000000d7680000)
  to   space 4096K, 0% used [0x00000000d6e80000,0x00000000d6e80000,0x00000000d7280000)
 ParOldGen       total 68608K, used 6319K [0x0000000080000000, 0x0000000084300000, 0x00000000d5580000)
  object space 68608K, 9% used [0x0000000080000000,0x000000008062bd68,0x0000000084300000)
 Metaspace       used 16041K, committed 16704K, reserved 1114112K
  class space    used 1669K, committed 1984K, reserved 1048576K
}
Event: 3.427 GC heap after
{Heap after GC invocations=5 (full 0):
 PSYoungGen      total 29184K, used 4085K [0x00000000d5580000, 0x00000000d7a00000, 0x0000000100000000)
  eden space 25088K, 0% used [0x00000000d5580000,0x00000000d5580000,0x00000000d6e00000)
  from space 4096K, 99% used [0x00000000d6e80000,0x00000000d727d718,0x00000000d7280000)
  to   space 6144K, 0% used [0x00000000d7400000,0x00000000d7400000,0x00000000d7a00000)
 ParOldGen       total 68608K, used 7949K [0x0000000080000000, 0x0000000084300000, 0x00000000d5580000)
  object space 68608K, 11% used [0x0000000080000000,0x00000000807c3478,0x0000000084300000)
 Metaspace       used 16041K, committed 16704K, reserved 1114112K
  class space    used 1669K, committed 1984K, reserved 1048576K
}
Event: 4.870 GC heap before
{Heap before GC invocations=6 (full 0):
 PSYoungGen      total 29184K, used 29173K [0x00000000d5580000, 0x00000000d7a00000, 0x0000000100000000)
  eden space 25088K, 100% used [0x00000000d5580000,0x00000000d6e00000,0x00000000d6e00000)
  from space 4096K, 99% used [0x00000000d6e80000,0x00000000d727d718,0x00000000d7280000)
  to   space 6144K, 0% used [0x00000000d7400000,0x00000000d7400000,0x00000000d7a00000)
 ParOldGen       total 68608K, used 7949K [0x0000000080000000, 0x0000000084300000, 0x00000000d5580000)
  object space 68608K, 11% used [0x0000000080000000,0x00000000807c3478,0x0000000084300000)
 Metaspace       used 18804K, committed 19584K, reserved 1114112K
  class space    used 1995K, committed 2304K, reserved 1048576K
}
Event: 4.876 GC heap after
{Heap after GC invocations=6 (full 0):
 PSYoungGen      total 29696K, used 4756K [0x00000000d5580000, 0x00000000d7900000, 0x0000000100000000)
  eden space 24576K, 0% used [0x00000000d5580000,0x00000000d5580000,0x00000000d6d80000)
  from space 5120K, 92% used [0x00000000d7400000,0x00000000d78a5228,0x00000000d7900000)
  to   space 5120K, 0% used [0x00000000d6f00000,0x00000000d6f00000,0x00000000d7400000)
 ParOldGen       total 68608K, used 7957K [0x0000000080000000, 0x0000000084300000, 0x00000000d5580000)
  object space 68608K, 11% used [0x0000000080000000,0x00000000807c5478,0x0000000084300000)
 Metaspace       used 18804K, committed 19584K, reserved 1114112K
  class space    used 1995K, committed 2304K, reserved 1048576K
}
Event: 5.360 GC heap before
{Heap before GC invocations=7 (full 0):
 PSYoungGen      total 29696K, used 23021K [0x00000000d5580000, 0x00000000d7900000, 0x0000000100000000)
  eden space 24576K, 74% used [0x00000000d5580000,0x00000000d6756290,0x00000000d6d80000)
  from space 5120K, 92% used [0x00000000d7400000,0x00000000d78a5228,0x00000000d7900000)
  to   space 5120K, 0% used [0x00000000d6f00000,0x00000000d6f00000,0x00000000d7400000)
 ParOldGen       total 68608K, used 7957K [0x0000000080000000, 0x0000000084300000, 0x00000000d5580000)
  object space 68608K, 11% used [0x0000000080000000,0x00000000807c5478,0x0000000084300000)
 Metaspace       used 20641K, committed 21504K, reserved 1114112K
  class space    used 2227K, committed 2624K, reserved 1048576K
}
Event: 5.365 GC heap after
{Heap after GC invocations=7 (full 0):
 PSYoungGen      total 29184K, used 4419K [0x00000000d5580000, 0x00000000d7680000, 0x0000000100000000)
  eden space 24576K, 0% used [0x00000000d5580000,0x00000000d5580000,0x00000000d6d80000)
  from space 4608K, 95% used [0x00000000d6f00000,0x00000000d7350d38,0x00000000d7380000)
  to   space 3072K, 0% used [0x00000000d7380000,0x00000000d7380000,0x00000000d7680000)
 ParOldGen       total 68608K, used 9387K [0x0000000080000000, 0x0000000084300000, 0x00000000d5580000)
  object space 68608K, 13% used [0x0000000080000000,0x000000008092acb0,0x0000000084300000)
 Metaspace       used 20641K, committed 21504K, reserved 1114112K
  class space    used 2227K, committed 2624K, reserved 1048576K
}
Event: 5.365 GC heap before
{Heap before GC invocations=8 (full 1):
 PSYoungGen      total 29184K, used 4419K [0x00000000d5580000, 0x00000000d7680000, 0x0000000100000000)
  eden space 24576K, 0% used [0x00000000d5580000,0x00000000d5580000,0x00000000d6d80000)
  from space 4608K, 95% used [0x00000000d6f00000,0x00000000d7350d38,0x00000000d7380000)
  to   space 3072K, 0% used [0x00000000d7380000,0x00000000d7380000,0x00000000d7680000)
 ParOldGen       total 68608K, used 9387K [0x0000000080000000, 0x0000000084300000, 0x00000000d5580000)
  object space 68608K, 13% used [0x0000000080000000,0x000000008092acb0,0x0000000084300000)
 Metaspace       used 20641K, committed 21504K, reserved 1114112K
  class space    used 2227K, committed 2624K, reserved 1048576K
}
Event: 5.404 GC heap after
{Heap after GC invocations=8 (full 1):
 PSYoungGen      total 29184K, used 0K [0x00000000d5580000, 0x00000000d7680000, 0x0000000100000000)
  eden space 24576K, 0% used [0x00000000d5580000,0x00000000d5580000,0x00000000d6d80000)
  from space 4608K, 0% used [0x00000000d6f00000,0x00000000d6f00000,0x00000000d7380000)
  to   space 3072K, 0% used [0x00000000d7380000,0x00000000d7380000,0x00000000d7680000)
 ParOldGen       total 68608K, used 13172K [0x0000000080000000, 0x0000000084300000, 0x00000000d5580000)
  object space 68608K, 19% used [0x0000000080000000,0x0000000080cdd148,0x0000000084300000)
 Metaspace       used 20628K, committed 21504K, reserved 1114112K
  class space    used 2223K, committed 2624K, reserved 1048576K
}
Event: 5.745 GC heap before
{Heap before GC invocations=9 (full 1):
 PSYoungGen      total 29184K, used 24576K [0x00000000d5580000, 0x00000000d7680000, 0x0000000100000000)
  eden space 24576K, 100% used [0x00000000d5580000,0x00000000d6d80000,0x00000000d6d80000)
  from space 4608K, 0% used [0x00000000d6f00000,0x00000000d6f00000,0x00000000d7380000)
  to   space 3072K, 0% used [0x00000000d7380000,0x00000000d7380000,0x00000000d7680000)
 ParOldGen       total 68608K, used 13172K [0x0000000080000000, 0x0000000084300000, 0x00000000d5580000)
  object space 68608K, 19% used [0x0000000080000000,0x0000000080cdd148,0x0000000084300000)
 Metaspace       used 23014K, committed 24000K, reserved 1114112K
  class space    used 2397K, committed 2816K, reserved 1048576K
}
Event: 5.747 GC heap after
{Heap after GC invocations=9 (full 1):
 PSYoungGen      total 25088K, used 864K [0x00000000d5580000, 0x00000000d7480000, 0x0000000100000000)
  eden space 24064K, 0% used [0x00000000d5580000,0x00000000d5580000,0x00000000d6d00000)
  from space 1024K, 84% used [0x00000000d7380000,0x00000000d7458310,0x00000000d7480000)
  to   space 2560K, 0% used [0x00000000d6f80000,0x00000000d6f80000,0x00000000d7200000)
 ParOldGen       total 68608K, used 13180K [0x0000000080000000, 0x0000000084300000, 0x00000000d5580000)
  object space 68608K, 19% used [0x0000000080000000,0x0000000080cdf148,0x0000000084300000)
 Metaspace       used 23014K, committed 24000K, reserved 1114112K
  class space    used 2397K, committed 2816K, reserved 1048576K
}
Event: 6.102 GC heap before
{Heap before GC invocations=10 (full 1):
 PSYoungGen      total 25088K, used 24928K [0x00000000d5580000, 0x00000000d7480000, 0x0000000100000000)
  eden space 24064K, 100% used [0x00000000d5580000,0x00000000d6d00000,0x00000000d6d00000)
  from space 1024K, 84% used [0x00000000d7380000,0x00000000d7458310,0x00000000d7480000)
  to   space 2560K, 0% used [0x00000000d6f80000,0x00000000d6f80000,0x00000000d7200000)
 ParOldGen       total 68608K, used 13180K [0x0000000080000000, 0x0000000084300000, 0x00000000d5580000)
  object space 68608K, 19% used [0x0000000080000000,0x0000000080cdf148,0x0000000084300000)
 Metaspace       used 26371K, committed 27328K, reserved 1114112K
  class space    used 2653K, committed 3072K, reserved 1048576K
}
Event: 6.104 GC heap after
{Heap after GC invocations=10 (full 1):
 PSYoungGen      total 26112K, used 2073K [0x00000000d5580000, 0x00000000d7400000, 0x0000000100000000)
  eden space 23552K, 0% used [0x00000000d5580000,0x00000000d5580000,0x00000000d6c80000)
  from space 2560K, 80% used [0x00000000d6f80000,0x00000000d7186418,0x00000000d7200000)
  to   space 2048K, 0% used [0x00000000d7200000,0x00000000d7200000,0x00000000d7400000)
 ParOldGen       total 68608K, used 13969K [0x0000000080000000, 0x0000000084300000, 0x00000000d5580000)
  object space 68608K, 20% used [0x0000000080000000,0x0000000080da4658,0x0000000084300000)
 Metaspace       used 26371K, committed 27328K, reserved 1114112K
  class space    used 2653K, committed 3072K, reserved 1048576K
}
Event: 6.442 GC heap before
{Heap before GC invocations=11 (full 1):
 PSYoungGen      total 26112K, used 25625K [0x00000000d5580000, 0x00000000d7400000, 0x0000000100000000)
  eden space 23552K, 100% used [0x00000000d5580000,0x00000000d6c80000,0x00000000d6c80000)
  from space 2560K, 80% used [0x00000000d6f80000,0x00000000d7186418,0x00000000d7200000)
  to   space 2048K, 0% used [0x00000000d7200000,0x00000000d7200000,0x00000000d7400000)
 ParOldGen       total 68608K, used 13969K [0x0000000080000000, 0x0000000084300000, 0x00000000d5580000)
  object space 68608K, 20% used [0x0000000080000000,0x0000000080da4658,0x0000000084300000)
 Metaspace       used 28183K, committed 29120K, reserved 1114112K
  class space    used 2802K, committed 3200K, reserved 1048576K
}
Event: 6.445 GC heap after
{Heap after GC invocations=11 (full 1):
 PSYoungGen      total 25088K, used 1571K [0x00000000d5580000, 0x00000000d7400000, 0x0000000100000000)
  eden space 23040K, 0% used [0x00000000d5580000,0x00000000d5580000,0x00000000d6c00000)
  from space 2048K, 76% used [0x00000000d7200000,0x00000000d7388d88,0x00000000d7400000)
  to   space 2048K, 0% used [0x00000000d7000000,0x00000000d7000000,0x00000000d7200000)
 ParOldGen       total 68608K, used 15436K [0x0000000080000000, 0x0000000084300000, 0x00000000d5580000)
  object space 68608K, 22% used [0x0000000080000000,0x0000000080f13178,0x0000000084300000)
 Metaspace       used 28183K, committed 29120K, reserved 1114112K
  class space    used 2802K, committed 3200K, reserved 1048576K
}
Event: 6.688 GC heap before
{Heap before GC invocations=12 (full 1):
 PSYoungGen      total 25088K, used 24611K [0x00000000d5580000, 0x00000000d7400000, 0x0000000100000000)
  eden space 23040K, 100% used [0x00000000d5580000,0x00000000d6c00000,0x00000000d6c00000)
  from space 2048K, 76% used [0x00000000d7200000,0x00000000d7388d88,0x00000000d7400000)
  to   space 2048K, 0% used [0x00000000d7000000,0x00000000d7000000,0x00000000d7200000)
 ParOldGen       total 68608K, used 15436K [0x0000000080000000, 0x0000000084300000, 0x00000000d5580000)
  object space 68608K, 22% used [0x0000000080000000,0x0000000080f13178,0x0000000084300000)
 Metaspace       used 31660K, committed 32768K, reserved 1114112K
  class space    used 3238K, committed 3712K, reserved 1048576K
}
Event: 6.691 GC heap after
{Heap after GC invocations=12 (full 1):
 PSYoungGen      total 24064K, used 1197K [0x00000000d5580000, 0x00000000d7280000, 0x0000000100000000)
  eden space 22528K, 0% used [0x00000000d5580000,0x00000000d5580000,0x00000000d6b80000)
  from space 1536K, 77% used [0x00000000d7000000,0x00000000d712b500,0x00000000d7180000)
  to   space 1024K, 0% used [0x00000000d7180000,0x00000000d7180000,0x00000000d7280000)
 ParOldGen       total 68608K, used 16785K [0x0000000080000000, 0x0000000084300000, 0x00000000d5580000)
  object space 68608K, 24% used [0x0000000080000000,0x0000000081064458,0x0000000084300000)
 Metaspace       used 31660K, committed 32768K, reserved 1114112K
  class space    used 3238K, committed 3712K, reserved 1048576K
}

Dll operation events (10 events):
Event: 0.018 Loaded shared library c:\Users\alifs\.vscode\extensions\redhat.java-1.46.0-win32-x64\jre\21.0.8-win32-x86_64\bin\java.dll
Event: 0.122 Loaded shared library c:\Users\alifs\.vscode\extensions\redhat.java-1.46.0-win32-x64\jre\21.0.8-win32-x86_64\bin\zip.dll
Event: 0.152 Loaded shared library C:\Users\alifs\.vscode\extensions\redhat.java-1.46.0-win32-x64\jre\21.0.8-win32-x86_64\bin\instrument.dll
Event: 0.159 Loaded shared library C:\Users\alifs\.vscode\extensions\redhat.java-1.46.0-win32-x64\jre\21.0.8-win32-x86_64\bin\net.dll
Event: 0.163 Loaded shared library C:\Users\alifs\.vscode\extensions\redhat.java-1.46.0-win32-x64\jre\21.0.8-win32-x86_64\bin\nio.dll
Event: 0.168 Loaded shared library C:\Users\alifs\.vscode\extensions\redhat.java-1.46.0-win32-x64\jre\21.0.8-win32-x86_64\bin\zip.dll
Event: 0.193 Loaded shared library C:\Users\alifs\.vscode\extensions\redhat.java-1.46.0-win32-x64\jre\21.0.8-win32-x86_64\bin\jimage.dll
Event: 0.318 Loaded shared library c:\Users\alifs\.vscode\extensions\redhat.java-1.46.0-win32-x64\jre\21.0.8-win32-x86_64\bin\verify.dll
Event: 1.979 Loaded shared library C:\Users\alifs\AppData\Roaming\Code\User\globalStorage\redhat.java\1.46.0\config_win\org.eclipse.equinox.launcher\org.eclipse.equinox.launcher.win32.win32.x86_64_1.2.1400.v20250801-0854\eclipse_11916.dll
Event: 4.422 Loaded shared library C:\Users\alifs\AppData\Local\Temp\jna-92903147\jna935194269510190328.dll

Deoptimization events (20 events):
Event: 6.633 Thread 0x000002b3f964d4b0 DEOPT UNPACKING pc=0x000002b3e66f3aa2 sp=0x000000d7ed9fb960 mode 2
Event: 6.671 Thread 0x000002b3f964d4b0 Uncommon trap: trap_request=0xffffff45 fr.pc=0x000002b3e6ddb9e8 relative=0x00000000000001c8
Event: 6.671 Thread 0x000002b3f964d4b0 Uncommon trap: reason=unstable_if action=reinterpret pc=0x000002b3e6ddb9e8 method=java.util.concurrent.locks.ReentrantReadWriteLock$Sync.tryAcquireShared(I)I @ 81 c2
Event: 6.671 Thread 0x000002b3f964d4b0 DEOPT PACKING pc=0x000002b3e6ddb9e8 sp=0x000000d7ed9fdfb0
Event: 6.671 Thread 0x000002b3f964d4b0 DEOPT UNPACKING pc=0x000002b3e66f3aa2 sp=0x000000d7ed9fded0 mode 2
Event: 6.672 Thread 0x000002b3f964d4b0 Uncommon trap: trap_request=0xffffff45 fr.pc=0x000002b3e6dd88e4 relative=0x00000000000000c4
Event: 6.672 Thread 0x000002b3f9aa7df0 Uncommon trap: trap_request=0xffffff45 fr.pc=0x000002b3e6dd88e4 relative=0x00000000000000c4
Event: 6.672 Thread 0x000002b3f9aa7df0 Uncommon trap: reason=unstable_if action=reinterpret pc=0x000002b3e6dd88e4 method=java.util.concurrent.locks.ReentrantReadWriteLock$Sync.tryReleaseShared(I)Z @ 9 c2
Event: 6.672 Thread 0x000002b3f964d4b0 Uncommon trap: reason=unstable_if action=reinterpret pc=0x000002b3e6dd88e4 method=java.util.concurrent.locks.ReentrantReadWriteLock$Sync.tryReleaseShared(I)Z @ 9 c2
Event: 6.672 Thread 0x000002b3f9aa7df0 DEOPT PACKING pc=0x000002b3e6dd88e4 sp=0x000000d7ee0fe630
Event: 6.672 Thread 0x000002b3f964d4b0 DEOPT PACKING pc=0x000002b3e6dd88e4 sp=0x000000d7ed9fdfc0
Event: 6.672 Thread 0x000002b3f9aa7df0 DEOPT UNPACKING pc=0x000002b3e66f3aa2 sp=0x000000d7ee0fe5b0 mode 2
Event: 6.672 Thread 0x000002b3f964d4b0 DEOPT UNPACKING pc=0x000002b3e66f3aa2 sp=0x000000d7ed9fdf40 mode 2
Event: 6.687 Thread 0x000002b3f964d4b0 Uncommon trap: trap_request=0xffffff45 fr.pc=0x000002b3e6dd3c4c relative=0x000000000000070c
Event: 6.687 Thread 0x000002b3f964d4b0 Uncommon trap: reason=unstable_if action=reinterpret pc=0x000002b3e6dd3c4c method=java.util.regex.Pattern$BmpCharPropertyGreedy.match(Ljava/util/regex/Matcher;ILjava/lang/CharSequence;)Z @ 12 c2
Event: 6.687 Thread 0x000002b3f964d4b0 DEOPT PACKING pc=0x000002b3e6dd3c4c sp=0x000000d7ed9fd0e0
Event: 6.687 Thread 0x000002b3f964d4b0 DEOPT UNPACKING pc=0x000002b3e66f3aa2 sp=0x000000d7ed9fcfa8 mode 2
Event: 6.758 Thread 0x000002b3d9b3d5f0 Uncommon trap: trap_request=0xffffff45 fr.pc=0x000002b3e6d9cd2c relative=0x00000000000015cc
Event: 6.758 Thread 0x000002b3d9b3d5f0 Uncommon trap: reason=unstable_if action=reinterpret pc=0x000002b3e6d9cd2c method=jdk.internal.jimage.ImageLocation.verifyName(Ljava/lang/String;Ljava/lang/String;IIIIIILjdk/internal/jimage/ImageStrings;)Z @ 2 c2
Event: 6.758 Thread 0x000002b3d9b3d5f0 DEOPT PACKING pc=0x000002b3e6d9cd2c sp=0x000000d7ec1f85a0

Classes loaded (20 events):
Event: 6.712 Loading class java/util/concurrent/CompletableFuture$AsynchronousCompletionTask done
Event: 6.712 Loading class java/util/concurrent/CompletableFuture$Completion done
Event: 6.714 Loading class javax/xml/parsers/FactoryConfigurationError
Event: 6.714 Loading class java/util/concurrent/CompletableFuture$UniAccept
Event: 6.714 Loading class javax/xml/parsers/FactoryConfigurationError done
Event: 6.714 Loading class java/util/concurrent/CompletableFuture$UniCompletion
Event: 6.714 Loading class java/util/concurrent/CompletableFuture$UniCompletion done
Event: 6.714 Loading class java/util/concurrent/CompletableFuture$UniAccept done
Event: 6.731 Loading class java/io/UncheckedIOException
Event: 6.732 Loading class java/io/UncheckedIOException done
Event: 6.734 Loading class java/nio/channels/spi/AbstractInterruptibleChannel$1
Event: 6.734 Loading class sun/nio/ch/Interruptible
Event: 6.734 Loading class sun/nio/ch/Interruptible done
Event: 6.734 Loading class java/nio/channels/spi/AbstractInterruptibleChannel$1 done
Event: 6.736 Loading class java/util/concurrent/Executors$DefaultThreadFactory
Event: 6.737 Loading class java/util/concurrent/Executors$DefaultThreadFactory done
Event: 6.737 Loading class java/lang/annotation/ElementType
Event: 6.737 Loading class java/lang/annotation/ElementType done
Event: 6.755 Loading class java/math/BigDecimal
Event: 6.757 Loading class java/math/BigDecimal done

Classes unloaded (7 events):
Event: 5.370 Thread 0x000002b3f2a02c70 Unloading class 0x000002b3811acc00 'java/lang/invoke/LambdaForm$MH+0x000002b3811acc00'
Event: 5.370 Thread 0x000002b3f2a02c70 Unloading class 0x000002b3811ac800 'java/lang/invoke/LambdaForm$MH+0x000002b3811ac800'
Event: 5.370 Thread 0x000002b3f2a02c70 Unloading class 0x000002b3811ac400 'java/lang/invoke/LambdaForm$MH+0x000002b3811ac400'
Event: 5.370 Thread 0x000002b3f2a02c70 Unloading class 0x000002b3811ac000 'java/lang/invoke/LambdaForm$MH+0x000002b3811ac000'
Event: 5.370 Thread 0x000002b3f2a02c70 Unloading class 0x000002b3811abc00 'java/lang/invoke/LambdaForm$BMH+0x000002b3811abc00'
Event: 5.370 Thread 0x000002b3f2a02c70 Unloading class 0x000002b3811ab800 'java/lang/invoke/LambdaForm$DMH+0x000002b3811ab800'
Event: 5.370 Thread 0x000002b3f2a02c70 Unloading class 0x000002b3811aa400 'java/lang/invoke/LambdaForm$DMH+0x000002b3811aa400'

Classes redefined (0 events):
No events

Internal exceptions (20 events):
Event: 5.332 Thread 0x000002b3f964d4b0 Exception <a 'java/lang/NoSuchMethodError'{0x00000000d6538598}: 'java.lang.Object java.lang.invoke.Invokers$Holder.invoker(java.lang.Object, java.lang.Object, java.lang.Object, java.lang.Object, java.lang.Object, java.lang.Object, java.lang.Object, java.lang.Object, java.lang.Object, java.lang.Object, java.lang.Object, java.lang.Object, java.lang.Object)'> (0x00000000d6538598) 
thrown [s\src\hotspot\share\interpreter\linkResolver.cpp, line 773]
Event: 5.333 Thread 0x000002b3f964d4b0 Exception <a 'java/lang/NoSuchMethodError'{0x00000000d6542a30}: 'java.lang.Object java.lang.invoke.DelegatingMethodHandle$Holder.delegate(java.lang.Object, java.lang.Object, java.lang.Object, java.lang.Object, java.lang.Object, java.lang.Object, java.lang.Object, java.lang.Object, java.lang.Object, java.lang.Object, java.lang.Object, java.lang.Object, java.lang.Object)'> (0x00000000d6542a30) 
thrown [s\src\hotspot\share\interpreter\linkResolver.cpp, line 773]
Event: 5.339 Thread 0x000002b3f964d4b0 Exception <a 'java/lang/NoSuchMethodError'{0x00000000d65aef98}: static Lorg/eclipse/m2e/core/internal/lifecyclemapping/model/PluginExecutionMetadata;.<clinit>()V> (0x00000000d65aef98) 
thrown [s\src\hotspot\share\prims\jni.cpp, line 1111]
Event: 5.345 Thread 0x000002b3f964d4b0 Exception <a 'java/lang/NoSuchMethodError'{0x00000000d660cb78}: static Lorg/eclipse/m2e/core/internal/lifecyclemapping/model/PluginExecutionFilter;.<clinit>()V> (0x00000000d660cb78) 
thrown [s\src\hotspot\share\prims\jni.cpp, line 1111]
Event: 5.348 Thread 0x000002b3f964d4b0 Exception <a 'java/lang/NoSuchMethodError'{0x00000000d66428c8}: static Lorg/eclipse/m2e/core/internal/project/registry/MavenProjectFacade$MavenProjectConfiguration;.<clinit>()V> (0x00000000d66428c8) 
thrown [s\src\hotspot\share\prims\jni.cpp, line 1111]
Event: 5.475 Thread 0x000002b3f964d4b0 Exception <a 'java/lang/NoSuchMethodError'{0x00000000d594f568}: 'double java.lang.invoke.DirectMethodHandle$Holder.invokeStatic(java.lang.Object, java.lang.Object)'> (0x00000000d594f568) 
thrown [s\src\hotspot\share\interpreter\linkResolver.cpp, line 773]
Event: 5.476 Thread 0x000002b3f964d4b0 Exception <a 'java/lang/NoSuchMethodError'{0x00000000d5952c28}: 'double java.lang.invoke.DirectMethodHandle$Holder.invokeStaticInit(java.lang.Object, java.lang.Object)'> (0x00000000d5952c28) 
thrown [s\src\hotspot\share\interpreter\linkResolver.cpp, line 773]
Event: 5.981 Thread 0x000002b3f964d4b0 Implicit null exception at 0x000002b3e6ddc4f5 to 0x000002b3e6ddc5d0
Event: 6.141 Thread 0x000002b3f964d4b0 Exception <a 'java/lang/NoSuchMethodError'{0x00000000d5f04fa0}: 'java.lang.Object java.lang.invoke.DirectMethodHandle$Holder.newInvokeSpecial(java.lang.Object, int, java.lang.Object, java.lang.Object)'> (0x00000000d5f04fa0) 
thrown [s\src\hotspot\share\interpreter\linkResolver.cpp, line 773]
Event: 6.358 Thread 0x000002b3f964d4b0 Exception <a 'java/lang/ClassNotFoundException'{0x00000000d67e7028}: com/sun/org/apache/xerces/internal/impl/msg/spi/DOMMessagesProvider> (0x00000000d67e7028) 
thrown [s\src\hotspot\share\classfile\systemDictionary.cpp, line 312]
Event: 6.359 Thread 0x000002b3f964d4b0 Exception <a 'java/lang/ClassNotFoundException'{0x00000000d67f8790}: com/sun/org/apache/xerces/internal/impl/msg/spi/XMLSerializerMessagesProvider> (0x00000000d67f8790) 
thrown [s\src\hotspot\share\classfile\systemDictionary.cpp, line 312]
Event: 6.360 Thread 0x000002b3f964d4b0 Exception <a 'java/lang/ClassNotFoundException'{0x00000000d6805ab0}: com/sun/org/apache/xerces/internal/impl/msg/spi/XMLMessagesProvider> (0x00000000d6805ab0) 
thrown [s\src\hotspot\share\classfile\systemDictionary.cpp, line 312]
Event: 6.524 Thread 0x000002b3f9aa9830 Exception <a 'java/lang/NoSuchMethodError'{0x00000000d5a4fd38}: 'java.lang.Object java.lang.invoke.DirectMethodHandle$Holder.invokeSpecialIFC(java.lang.Object, java.lang.Object, java.lang.Object, java.lang.Object)'> (0x00000000d5a4fd38) 
thrown [s\src\hotspot\share\interpreter\linkResolver.cpp, line 773]
Event: 6.529 Thread 0x000002b3f964d4b0 Exception <a 'java/lang/ClassNotFoundException'{0x00000000d5aabe18}: com/sun/org/apache/xml/internal/serializer/spi/XMLEntitiesProvider> (0x00000000d5aabe18) 
thrown [s\src\hotspot\share\classfile\systemDictionary.cpp, line 312]
Event: 6.614 Thread 0x000002b3f964d4b0 Exception <a 'java/io/FileNotFoundException'{0x00000000d64e4120}> (0x00000000d64e4120) 
thrown [s\src\hotspot\share\prims\jni.cpp, line 520]
Event: 6.636 Thread 0x000002b3f964d4b0 Exception <a 'java/lang/UnsatisfiedLinkError'{0x00000000d66d0ee8}: The specified procedure could not be found.
> (0x00000000d66d0ee8) 
thrown [s\src\hotspot\share\prims\jni.cpp, line 539]
Event: 6.642 Thread 0x000002b3f964d4b0 Exception <a 'java/io/FileNotFoundException'{0x00000000d66e8b10}> (0x00000000d66e8b10) 
thrown [s\src\hotspot\share\prims\jni.cpp, line 520]
Event: 6.650 Thread 0x000002b3f964d4b0 Exception <a 'java/io/FileNotFoundException'{0x00000000d688a1f8}> (0x00000000d688a1f8) 
thrown [s\src\hotspot\share\prims\jni.cpp, line 520]
Event: 6.656 Thread 0x000002b3f964d4b0 Exception <a 'java/lang/UnsatisfiedLinkError'{0x00000000d68bc510}: The specified procedure could not be found.
> (0x00000000d68bc510) 
thrown [s\src\hotspot\share\prims\jni.cpp, line 539]
Event: 6.733 Thread 0x000002b3f9aab270 Exception <a 'java/lang/NoSuchMethodError'{0x00000000d5d51238}: 'void java.lang.invoke.DirectMethodHandle$Holder.invokeStaticInit(java.lang.Object, java.lang.Object, java.lang.Object, java.lang.Object)'> (0x00000000d5d51238) 
thrown [s\src\hotspot\share\interpreter\linkResolver.cpp, line 773]

ZGC Phase Switch (0 events):
No events

VM Operations (20 events):
Event: 4.870 Executing VM operation: ParallelGCFailedAllocation (Allocation Failure)
Event: 4.876 Executing VM operation: ParallelGCFailedAllocation (Allocation Failure) done
Event: 5.199 Executing VM operation: HandshakeAllThreads (Deoptimize)
Event: 5.199 Executing VM operation: HandshakeAllThreads (Deoptimize) done
Event: 5.359 Executing VM operation: CollectForMetadataAllocation (Metadata GC Threshold)
Event: 5.404 Executing VM operation: CollectForMetadataAllocation (Metadata GC Threshold) done
Event: 5.745 Executing VM operation: ParallelGCFailedAllocation (Allocation Failure)
Event: 5.747 Executing VM operation: ParallelGCFailedAllocation (Allocation Failure) done
Event: 6.102 Executing VM operation: ParallelGCFailedAllocation (Allocation Failure)
Event: 6.104 Executing VM operation: ParallelGCFailedAllocation (Allocation Failure) done
Event: 6.417 Executing VM operation: HandshakeAllThreads (Deoptimize)
Event: 6.417 Executing VM operation: HandshakeAllThreads (Deoptimize) done
Event: 6.442 Executing VM operation: ParallelGCFailedAllocation (Allocation Failure)
Event: 6.445 Executing VM operation: ParallelGCFailedAllocation (Allocation Failure) done
Event: 6.497 Executing VM operation: HandshakeAllThreads (Deoptimize)
Event: 6.497 Executing VM operation: HandshakeAllThreads (Deoptimize) done
Event: 6.558 Executing VM operation: HandshakeAllThreads (Deoptimize)
Event: 6.558 Executing VM operation: HandshakeAllThreads (Deoptimize) done
Event: 6.688 Executing VM operation: ParallelGCFailedAllocation (Allocation Failure)
Event: 6.691 Executing VM operation: ParallelGCFailedAllocation (Allocation Failure) done

Memory protections (0 events):
No events

Nmethod flushes (0 events):
No events

Events (20 events):
Event: 0.103 Thread 0x000002b3d9b3d5f0 Thread added: 0x000002b3dbfecbe0
Event: 0.461 Thread 0x000002b3d9b3d5f0 Thread added: 0x000002b3f4013200
Event: 0.814 Thread 0x000002b3f3d99fd0 Thread added: 0x000002b3f40dde60
Event: 1.346 Thread 0x000002b3f40dde60 Thread exited: 0x000002b3f40dde60
Event: 1.714 Thread 0x000002b3d9b3d5f0 Thread added: 0x000002b3f9572610
Event: 1.970 Thread 0x000002b3d9b3d5f0 Thread added: 0x000002b3f9681b70
Event: 2.017 Thread 0x000002b3f9681b70 Thread added: 0x000002b3f938bde0
Event: 2.022 Thread 0x000002b3d9b3d5f0 Thread added: 0x000002b3f964d4b0
Event: 2.422 Thread 0x000002b3f964d4b0 Thread added: 0x000002b3f969a920
Event: 2.830 Thread 0x000002b3f964d4b0 Thread added: 0x000002b3f99723e0
Event: 2.927 Thread 0x000002b3f3d99fd0 Thread added: 0x000002b3f9626ff0
Event: 3.141 Thread 0x000002b3f964d4b0 Thread added: 0x000002b3f9aa91a0
Event: 3.947 Thread 0x000002b3f9626ff0 Thread exited: 0x000002b3f9626ff0
Event: 4.458 Thread 0x000002b3f964d4b0 Thread added: 0x000002b3f9aa8b10
Event: 4.502 Thread 0x000002b3f964d4b0 Thread added: 0x000002b3f9aa7df0
Event: 4.530 Thread 0x000002b3f964d4b0 Thread added: 0x000002b3f9aa9830
Event: 6.388 Thread 0x000002b3f964d4b0 Thread added: 0x000002b3f9aa9ec0
Event: 6.668 Thread 0x000002b3f9aa7df0 Thread added: 0x000002b3f9aab270
Event: 6.698 Thread 0x000002b3f9aab270 Thread added: 0x000002b3f9aaa550
Event: 6.705 Thread 0x000002b3f9aaa550 Thread added: 0x000002b3f9aaabe0


Dynamic libraries:
0x00007ff7f1bd0000 - 0x00007ff7f1bde000 	c:\Users\alifs\.vscode\extensions\redhat.java-1.46.0-win32-x64\jre\21.0.8-win32-x86_64\bin\java.exe
0x00007ffb21740000 - 0x00007ffb219a9000 	C:\WINDOWS\SYSTEM32\ntdll.dll
0x00007ffb1ff00000 - 0x00007ffb1ffc9000 	C:\WINDOWS\System32\KERNEL32.DLL
0x00007ffb1ee50000 - 0x00007ffb1f243000 	C:\WINDOWS\System32\KERNELBASE.dll
0x00007ffb1ead0000 - 0x00007ffb1ec1b000 	C:\WINDOWS\System32\ucrtbase.dll
0x00007ffaf6b90000 - 0x00007ffaf6ba8000 	c:\Users\alifs\.vscode\extensions\redhat.java-1.46.0-win32-x64\jre\21.0.8-win32-x86_64\bin\jli.dll
0x00007ffaf6de0000 - 0x00007ffaf6dfe000 	c:\Users\alifs\.vscode\extensions\redhat.java-1.46.0-win32-x64\jre\21.0.8-win32-x86_64\bin\VCRUNTIME140.dll
0x00007ffb20a00000 - 0x00007ffb20bc4000 	C:\WINDOWS\System32\USER32.dll
0x00007ffafcde0000 - 0x00007ffafd073000 	C:\WINDOWS\WinSxS\amd64_microsoft.windows.common-controls_6595b64144ccf1df_6.0.26100.5074_none_3e0d6f78e32fd63f\COMCTL32.dll
0x00007ffb1eaa0000 - 0x00007ffb1eac7000 	C:\WINDOWS\System32\win32u.dll
0x00007ffb1f9f0000 - 0x00007ffb1fa99000 	C:\WINDOWS\System32\msvcrt.dll
0x00007ffb21690000 - 0x00007ffb216bb000 	C:\WINDOWS\System32\GDI32.dll
0x00007ffb1e8d0000 - 0x00007ffb1e9fd000 	C:\WINDOWS\System32\gdi32full.dll
0x00007ffb1f3d0000 - 0x00007ffb1f473000 	C:\WINDOWS\System32\msvcp_win.dll
0x00007ffb216c0000 - 0x00007ffb216ef000 	C:\WINDOWS\System32\IMM32.DLL
0x00007ffb1ba50000 - 0x00007ffb1ba5c000 	c:\Users\alifs\.vscode\extensions\redhat.java-1.46.0-win32-x64\jre\21.0.8-win32-x86_64\bin\vcruntime140_1.dll
0x00007ffae0890000 - 0x00007ffae091d000 	c:\Users\alifs\.vscode\extensions\redhat.java-1.46.0-win32-x64\jre\21.0.8-win32-x86_64\bin\msvcp140.dll
0x00007ffa27b50000 - 0x00007ffa288e7000 	c:\Users\alifs\.vscode\extensions\redhat.java-1.46.0-win32-x64\jre\21.0.8-win32-x86_64\bin\server\jvm.dll
0x00007ffb20920000 - 0x00007ffb209d4000 	C:\WINDOWS\System32\ADVAPI32.dll
0x00007ffb207f0000 - 0x00007ffb20896000 	C:\WINDOWS\System32\sechost.dll
0x00007ffb1fdd0000 - 0x00007ffb1fee8000 	C:\WINDOWS\System32\RPCRT4.dll
0x00007ffb21610000 - 0x00007ffb21684000 	C:\WINDOWS\System32\WS2_32.dll
0x00007ffb1e730000 - 0x00007ffb1e78e000 	C:\WINDOWS\SYSTEM32\POWRPROF.dll
0x00007ffb172a0000 - 0x00007ffb172ab000 	C:\WINDOWS\SYSTEM32\VERSION.dll
0x00007ffb16630000 - 0x00007ffb16665000 	C:\WINDOWS\SYSTEM32\WINMM.dll
0x00007ffb1e710000 - 0x00007ffb1e724000 	C:\WINDOWS\SYSTEM32\UMPDC.dll
0x00007ffb1d6b0000 - 0x00007ffb1d6cb000 	C:\WINDOWS\SYSTEM32\kernel.appcore.dll
0x00007ffb0dfc0000 - 0x00007ffb0dfca000 	c:\Users\alifs\.vscode\extensions\redhat.java-1.46.0-win32-x64\jre\21.0.8-win32-x86_64\bin\jimage.dll
0x00007ffb111c0000 - 0x00007ffb11402000 	C:\WINDOWS\SYSTEM32\DBGHELP.DLL
0x00007ffb1f510000 - 0x00007ffb1f88b000 	C:\WINDOWS\System32\combase.dll
0x00007ffb1fb60000 - 0x00007ffb1fc37000 	C:\WINDOWS\System32\OLEAUT32.dll
0x00007ffafd770000 - 0x00007ffafd7ad000 	C:\WINDOWS\SYSTEM32\dbgcore.DLL
0x00007ffb1ea00000 - 0x00007ffb1ea99000 	C:\WINDOWS\System32\bcryptPrimitives.dll
0x00007ffb0dfa0000 - 0x00007ffb0dfaf000 	c:\Users\alifs\.vscode\extensions\redhat.java-1.46.0-win32-x64\jre\21.0.8-win32-x86_64\bin\instrument.dll
0x00007ffaf56e0000 - 0x00007ffaf56ff000 	c:\Users\alifs\.vscode\extensions\redhat.java-1.46.0-win32-x64\jre\21.0.8-win32-x86_64\bin\java.dll
0x00007ffb20c50000 - 0x00007ffb2139d000 	C:\WINDOWS\System32\SHELL32.dll
0x00007ffb1ec20000 - 0x00007ffb1ed8c000 	C:\WINDOWS\System32\wintypes.dll
0x00007ffb1c500000 - 0x00007ffb1cd59000 	C:\WINDOWS\SYSTEM32\windows.storage.dll
0x00007ffb1fcd0000 - 0x00007ffb1fdc0000 	C:\WINDOWS\System32\SHCORE.dll
0x00007ffb1faa0000 - 0x00007ffb1fb02000 	C:\WINDOWS\System32\shlwapi.dll
0x00007ffb1e7f0000 - 0x00007ffb1e819000 	C:\WINDOWS\SYSTEM32\profapi.dll
0x00007ffaf4d40000 - 0x00007ffaf4d58000 	c:\Users\alifs\.vscode\extensions\redhat.java-1.46.0-win32-x64\jre\21.0.8-win32-x86_64\bin\zip.dll
0x00007ffb0d0e0000 - 0x00007ffb0d0f0000 	C:\Users\alifs\.vscode\extensions\redhat.java-1.46.0-win32-x64\jre\21.0.8-win32-x86_64\bin\net.dll
0x00007ffb17a30000 - 0x00007ffb17b4f000 	C:\WINDOWS\SYSTEM32\WINHTTP.dll
0x00007ffb1dc30000 - 0x00007ffb1dc9b000 	C:\WINDOWS\system32\mswsock.dll
0x00007ffaf6aa0000 - 0x00007ffaf6ab6000 	C:\Users\alifs\.vscode\extensions\redhat.java-1.46.0-win32-x64\jre\21.0.8-win32-x86_64\bin\nio.dll
0x00007ffaffd70000 - 0x00007ffaffd80000 	c:\Users\alifs\.vscode\extensions\redhat.java-1.46.0-win32-x64\jre\21.0.8-win32-x86_64\bin\verify.dll
0x00007ffafe1a0000 - 0x00007ffafe1e4000 	C:\Users\alifs\AppData\Roaming\Code\User\globalStorage\redhat.java\1.46.0\config_win\org.eclipse.equinox.launcher\org.eclipse.equinox.launcher.win32.win32.x86_64_1.2.1400.v20250801-0854\eclipse_11916.dll
0x00007ffb20000000 - 0x00007ffb20198000 	C:\WINDOWS\System32\ole32.dll
0x00007ffb1ded0000 - 0x00007ffb1deeb000 	C:\WINDOWS\SYSTEM32\CRYPTSP.dll
0x00007ffb1d610000 - 0x00007ffb1d64b000 	C:\WINDOWS\system32\rsaenh.dll
0x00007ffb1dcd0000 - 0x00007ffb1dcfb000 	C:\WINDOWS\SYSTEM32\USERENV.dll
0x00007ffb1e7c0000 - 0x00007ffb1e7e6000 	C:\WINDOWS\SYSTEM32\bcrypt.dll
0x00007ffb1def0000 - 0x00007ffb1defc000 	C:\WINDOWS\SYSTEM32\CRYPTBASE.dll
0x00007ffb1d0d0000 - 0x00007ffb1d104000 	C:\WINDOWS\SYSTEM32\IPHLPAPI.DLL
0x00007ffb209f0000 - 0x00007ffb209fa000 	C:\WINDOWS\System32\NSI.dll
0x00007ffae93e0000 - 0x00007ffae9429000 	C:\Users\alifs\AppData\Local\Temp\jna-92903147\jna935194269510190328.dll
0x00007ffb1fef0000 - 0x00007ffb1fef8000 	C:\WINDOWS\System32\PSAPI.DLL
0x00007ffb18d60000 - 0x00007ffb18d7e000 	C:\WINDOWS\SYSTEM32\dhcpcsvc6.DLL
0x00007ffb18b60000 - 0x00007ffb18b83000 	C:\WINDOWS\SYSTEM32\dhcpcsvc.DLL

JVMTI agents:
c:\Users\alifs\.vscode\extensions\redhat.java-1.46.0-win32-x64\lombok\lombok-1.18.39-4050.jar path:c:\Users\alifs\.vscode\extensions\redhat.java-1.46.0-win32-x64\jre\21.0.8-win32-x86_64\bin\instrument.dll, loaded, initialized, instrumentlib options:none

dbghelp: loaded successfully - version: 4.0.5 - missing functions: none
symbol engine: initialized successfully - sym options: 0x614 - pdb path: .;c:\Users\alifs\.vscode\extensions\redhat.java-1.46.0-win32-x64\jre\21.0.8-win32-x86_64\bin;C:\WINDOWS\SYSTEM32;C:\WINDOWS\WinSxS\amd64_microsoft.windows.common-controls_6595b64144ccf1df_6.0.26100.5074_none_3e0d6f78e32fd63f;c:\Users\alifs\.vscode\extensions\redhat.java-1.46.0-win32-x64\jre\21.0.8-win32-x86_64\bin\server;C:\Users\alifs\AppData\Roaming\Code\User\globalStorage\redhat.java\1.46.0\config_win\org.eclipse.equinox.launcher\org.eclipse.equinox.launcher.win32.win32.x86_64_1.2.1400.v20250801-0854;C:\Users\alifs\AppData\Local\Temp\jna-92903147

VM Arguments:
jvm_args: --add-modules=ALL-SYSTEM --add-opens=java.base/java.util=ALL-UNNAMED --add-opens=java.base/java.lang=ALL-UNNAMED --add-opens=java.base/sun.nio.fs=ALL-UNNAMED -Declipse.application=org.eclipse.jdt.ls.core.id1 -Dosgi.bundles.defaultStartLevel=4 -Declipse.product=org.eclipse.jdt.ls.core.product -Djava.import.generatesMetadataFilesAtProjectRoot=false -DDetectVMInstallationsJob.disabled=true -Dfile.encoding=utf8 -XX:+UseParallelGC -XX:GCTimeRatio=4 -XX:AdaptiveSizePolicyWeight=90 -Dsun.zip.disableMemoryMapping=true -Xmx2G -Xms100m -Xlog:disable -javaagent:c:\Users\alifs\.vscode\extensions\redhat.java-1.46.0-win32-x64\lombok\lombok-1.18.39-4050.jar -XX:+HeapDumpOnOutOfMemoryError -XX:HeapDumpPath=c:\Users\alifs\AppData\Roaming\Code\User\workspaceStorage\b58b63099126c7551d0743b44b78206b\redhat.java -Daether.dependencyCollector.impl=bf 
java_command: c:\Users\alifs\.vscode\extensions\redhat.java-1.46.0-win32-x64\server\plugins\org.eclipse.equinox.launcher_1.7.0.v20250519-0528.jar -configuration c:\Users\alifs\AppData\Roaming\Code\User\globalStorage\redhat.java\1.46.0\config_win -data c:\Users\alifs\AppData\Roaming\Code\User\workspaceStorage\b58b63099126c7551d0743b44b78206b\redhat.java\jdt_ws --pipe=\\.\pipe\lsp-d8516391a5368770e6c5a87383e39d71-sock
java_class_path (initial): c:\Users\alifs\.vscode\extensions\redhat.java-1.46.0-win32-x64\server\plugins\org.eclipse.equinox.launcher_1.7.0.v20250519-0528.jar
Launcher Type: SUN_STANDARD

[Global flags]
    uintx AdaptiveSizePolicyWeight                 = 90                                        {product} {command line}
     intx CICompilerCount                          = 4                                         {product} {ergonomic}
    uintx GCTimeRatio                              = 4                                         {product} {command line}
     bool HeapDumpOnOutOfMemoryError               = true                                   {manageable} {command line}
    ccstr HeapDumpPath                             = c:\Users\alifs\AppData\Roaming\Code\User\workspaceStorage\b58b63099126c7551d0743b44b78206b\redhat.java         {manageable} {command line}
   size_t InitialHeapSize                          = 104857600                                 {product} {command line}
   size_t MaxHeapSize                              = 2147483648                                {product} {command line}
   size_t MaxNewSize                               = 715653120                                 {product} {ergonomic}
   size_t MinHeapDeltaBytes                        = 524288                                    {product} {ergonomic}
   size_t MinHeapSize                              = 104857600                                 {product} {command line}
   size_t NewSize                                  = 34603008                                  {product} {ergonomic}
    uintx NonNMethodCodeHeapSize                   = 5839372                                {pd product} {ergonomic}
    uintx NonProfiledCodeHeapSize                  = 122909434                              {pd product} {ergonomic}
   size_t OldSize                                  = 70254592                                  {product} {ergonomic}
    uintx ProfiledCodeHeapSize                     = 122909434                              {pd product} {ergonomic}
    uintx ReservedCodeCacheSize                    = 251658240                              {pd product} {ergonomic}
     bool SegmentedCodeCache                       = true                                      {product} {ergonomic}
   size_t SoftMaxHeapSize                          = 2147483648                             {manageable} {ergonomic}
     bool UseCompressedOops                        = true                           {product lp64_product} {ergonomic}
     bool UseLargePagesIndividualAllocation        = false                                  {pd product} {ergonomic}
     bool UseParallelGC                            = true                                      {product} {command line}

Logging:
Log output configuration:
 #0: stdout all=off uptime,level,tags foldmultilines=false
 #1: stderr all=off uptime,level,tags foldmultilines=false

Environment Variables:
JAVA_HOME=C:\Program Files\Amazon Corretto\jdk17.0.16_8
PATH=C:\Program Files\Amazon Corretto\jdk17.0.16_8\bin;C:\Program Files\Amazon Corretto\jdk11.0.28_6\bin;C:\Program Files\Python313\Scripts\;C:\Program Files\Python313\;C:\windows\system32;C:\windows;C:\windows\System32\Wbem;C:\windows\System32\WindowsPowerShell\v1.0\;C:\windows\System32\OpenSSH\;C:\Program Files (x86)\NVIDIA Corporation\PhysX\Common;C:\Users\Administrator\AppData\Local\Microsoft\WindowsApps;C:\Program Files\HP\OMEN-Broadcast\Common;C:\MinGW\bin;C:\Program Files\HP\HP One Agent;C:\Program Files\Git\cmd;C:\Program Files\Git\mingw64\bin;C:\Program Files\Git\usr\bin;C:\Program Files\Microsoft SQL Server\150\Tools\Binn\;C:\Program Files\Microsoft SQL Server\Client SDK\ODBC\170\Tools\Binn\;C:\Program Files\dotnet\;C:\Program Files\NVIDIA Corporation\NVIDIA app\NvDLISR;C:\WINDOWS\system32;C:\WINDOWS;C:\WINDOWS\System32\Wbem;C:\WINDOWS\System32\WindowsPowerShell\v1.0\;C:\WINDOWS\System32\OpenSSH\;C:\Program Files (x86)\Microsoft SQL Server\160\Tools\Binn\;C:\Program Files\Microsoft SQL Server\160\Tools\Binn\;C:\Program Files\Microsoft SQL Server\160\DTS\Binn\;C:\Program Files (x86)\Microsoft SQL Server\160\DTS\Binn\;C:\Program Files\Azure Data Studio\bin;C:\Program Files\nodejs\;C:\Program Files (x86)\dotnet\;C:\Program Files\Cloudflare\Cloudflare WARP\;C:\Program Files\MySQL\MySQL Shell 8.0\bin\;C:\Users\alifs\AppData\Local\Microsoft\WindowsApps;C:\Users\alifs\AppData\Local\Programs\Microsoft VS Code\bin;C:\Users\alifs\.dotnet\tools;;C:\Program Files\Azure Data Studio\bin;C:\Users\alifs\AppData\Roaming\npm;C:\maven\apache-maven-3.9.4\bin
USERNAME=alifs
OS=Windows_NT
PROCESSOR_IDENTIFIER=AMD64 Family 25 Model 68 Stepping 1, AuthenticAMD
TMP=C:\Users\alifs\AppData\Local\Temp
TEMP=C:\Users\alifs\AppData\Local\Temp




Periodic native trim disabled

---------------  S Y S T E M  ---------------

OS:
 Windows 11 , 64 bit Build 26100 (10.0.26100.5074)
OS uptime: 11 days 16:05 hours
Hyper-V role detected

CPU: total 12 (initial active 12) (12 cores per cpu, 2 threads per core) family 25 model 68 stepping 1 microcode 0xa404107, cx8, cmov, fxsr, ht, mmx, 3dnowpref, sse, sse2, sse3, ssse3, sse4a, sse4.1, sse4.2, popcnt, lzcnt, tsc, tscinvbit, avx, avx2, aes, erms, clmul, bmi1, bmi2, adx, sha, fma, vzeroupper, clflush, clflushopt, hv, rdtscp, rdpid, fsrm, f16c, cet_ss
Processor Information for processor 0
  Max Mhz: 3301, Current Mhz: 2496, Mhz Limit: 3301
Processor Information for processor 1
  Max Mhz: 3301, Current Mhz: 2496, Mhz Limit: 3301
Processor Information for processor 2
  Max Mhz: 3301, Current Mhz: 2496, Mhz Limit: 3301
Processor Information for processor 3
  Max Mhz: 3301, Current Mhz: 2496, Mhz Limit: 3301
Processor Information for processor 4
  Max Mhz: 3301, Current Mhz: 2496, Mhz Limit: 3301
Processor Information for processor 5
  Max Mhz: 3301, Current Mhz: 2496, Mhz Limit: 3301
Processor Information for processor 6
  Max Mhz: 3301, Current Mhz: 2496, Mhz Limit: 3301
Processor Information for processor 7
  Max Mhz: 3301, Current Mhz: 2496, Mhz Limit: 3301
Processor Information for processor 8
  Max Mhz: 3301, Current Mhz: 2024, Mhz Limit: 3301
Processor Information for processor 9
  Max Mhz: 3301, Current Mhz: 2024, Mhz Limit: 3301
Processor Information for processor 10
  Max Mhz: 3301, Current Mhz: 2024, Mhz Limit: 3301
Processor Information for processor 11
  Max Mhz: 3301, Current Mhz: 2024, Mhz Limit: 3301

Memory: 4k page, system-wide physical 5845M (329M free)
TotalPageFile size 24277M (AvailPageFile size 6M)
current process WorkingSet (physical memory assigned to process): 180M, peak: 181M
current process commit charge ("private bytes"): 310M, peak: 311M

vm_info: OpenJDK 64-Bit Server VM (21.0.8+9-LTS) for windows-amd64 JRE (21.0.8+9-LTS), built on 2025-07-15T00:00:00Z by "admin" with MS VC++ 17.7 (VS2022)

END.
