#
# There is insufficient memory for the Java Runtime Environment to continue.
# Native memory allocation (malloc) failed to allocate 4003664 bytes. Error detail: Chunk::new
# Possible reasons:
#   The system is out of physical RAM or swap space
#   This process is running with CompressedOops enabled, and the Java Heap may be blocking the growth of the native heap
# Possible solutions:
#   Reduce memory load on the system
#   Increase physical memory or swap space
#   Check if swap backing store is full
#   Decrease Java heap size (-Xmx/-Xms)
#   Decrease number of Java threads
#   Decrease Java thread stack sizes (-Xss)
#   Set larger code cache with -XX:ReservedCodeCacheSize=
#   JVM is running with Unscaled Compressed Oops mode in which the Java heap is
#     placed in the first 4GB address space. The Java Heap base address is the
#     maximum limit for the native heap growth. Please use -XX:HeapBaseMinAddress
#     to set the Java Heap base and to place the Java Heap above 4GB virtual address.
# This output file may be truncated or incomplete.
#
#  Out of Memory Error (arena.cpp:168), pid=14016, tid=16056
#
# JRE version: OpenJDK Runtime Environment Temurin-21.0.8+9 (21.0.8+9) (build 21.0.8+9-LTS)
# Java VM: OpenJDK 64-Bit Server VM Temurin-21.0.8+9 (21.0.8+9-LTS, mixed mode, sharing, tiered, compressed oops, compressed class ptrs, parallel gc, windows-amd64)
# No core dump will be written. Minidumps are not enabled by default on client versions of Windows
#

---------------  S U M M A R Y ------------

Command Line: --add-modules=ALL-SYSTEM --add-opens=java.base/java.util=ALL-UNNAMED --add-opens=java.base/java.lang=ALL-UNNAMED --add-opens=java.base/sun.nio.fs=ALL-UNNAMED -Declipse.application=org.eclipse.jdt.ls.core.id1 -Dosgi.bundles.defaultStartLevel=4 -Declipse.product=org.eclipse.jdt.ls.core.product -Djava.import.generatesMetadataFilesAtProjectRoot=false -DDetectVMInstallationsJob.disabled=true -Dfile.encoding=utf8 -XX:+UseParallelGC -XX:GCTimeRatio=4 -XX:AdaptiveSizePolicyWeight=90 -Dsun.zip.disableMemoryMapping=true -Xmx2G -Xms100m -Xlog:disable -javaagent:c:\Users\alifs\.vscode\extensions\redhat.java-1.46.0-win32-x64\lombok\lombok-1.18.39-4050.jar -XX:+HeapDumpOnOutOfMemoryError -XX:HeapDumpPath=c:\Users\alifs\AppData\Roaming\Code\User\workspaceStorage\b58b63099126c7551d0743b44b78206b\redhat.java -Daether.dependencyCollector.impl=bf c:\Users\alifs\.vscode\extensions\redhat.java-1.46.0-win32-x64\server\plugins\org.eclipse.equinox.launcher_1.7.0.v20250519-0528.jar -configuration c:\Users\alifs\AppData\Roaming\Code\User\globalStorage\redhat.java\1.46.0\config_win -data c:\Users\alifs\AppData\Roaming\Code\User\workspaceStorage\b58b63099126c7551d0743b44b78206b\redhat.java\jdt_ws --pipe=\\.\pipe\lsp-3502b504928480f0541a9d731fa91903-sock

Host: AMD Ryzen 5 7535HS with Radeon Graphics        , 12 cores, 5G,  Windows 11 , 64 bit Build 26100 (10.0.26100.5074)
Time: Sun Oct  5 23:15:48 2025 Bangladesh Standard Time elapsed time: 20.103648 seconds (0d 0h 0m 20s)

---------------  T H R E A D  ---------------

Current thread (0x00000232d1e18c50):  JavaThread "C2 CompilerThread1" daemon [_thread_in_native, id=16056, stack(0x000000b843700000,0x000000b843800000) (1024K)]


Current CompileTask:
C2:20103 11090   !   4       lombok.core.FieldAugment$ReflectionFieldAugment::getAndSet (80 bytes)

Stack: [0x000000b843700000,0x000000b843800000]
Native frames: (J=compiled Java code, j=interpreted, Vv=VM code, C=native code)
V  [jvm.dll+0x6d2449]
V  [jvm.dll+0x8ae341]
V  [jvm.dll+0x8b08be]
V  [jvm.dll+0x8b0fa3]
V  [jvm.dll+0x280c96]
V  [jvm.dll+0xc581d]
V  [jvm.dll+0xc5d53]
V  [jvm.dll+0x3b919c]
V  [jvm.dll+0x385315]
V  [jvm.dll+0x38477a]
V  [jvm.dll+0x248ed0]
V  [jvm.dll+0x2484af]
V  [jvm.dll+0x1c89ee]
V  [jvm.dll+0x257d4d]
V  [jvm.dll+0x2562ea]
V  [jvm.dll+0x3f2d16]
V  [jvm.dll+0x857e6b]
V  [jvm.dll+0x6d0b0d]
C  [ucrtbase.dll+0x37b0]
C  [KERNEL32.DLL+0x2e8d7]
C  [ntdll.dll+0x8d9c]


---------------  P R O C E S S  ---------------

Threads class SMR info:
_java_thread_list=0x00000232d29e09c0, length=53, elements={
0x00000232f02bf060, 0x00000232f036a1e0, 0x00000232f036c940, 0x00000232f036e4f0,
0x00000232f036f3c0, 0x00000232f0370a20, 0x00000232f037d710, 0x00000232f037e710,
0x00000232f8fb3380, 0x00000232f032afc0, 0x00000232f938e3c0, 0x00000232fe7c3510,
0x00000232fe708fc0, 0x00000232fe4766a0, 0x00000232fe7e2480, 0x00000232fed36220,
0x00000232fe1159e0, 0x00000232fee0d3c0, 0x00000232fee0c010, 0x00000232fee0e0e0,
0x00000232fee0ee00, 0x00000232fee0c6a0, 0x00000232fee0e770, 0x00000232fee0b980,
0x00000232fee0cd30, 0x00000232d1ee0560, 0x00000232d1ee1280, 0x00000232d1edf1b0,
0x00000232d1edf840, 0x00000232d1ee0bf0, 0x00000232d1edfed0, 0x00000232d1ee39e0,
0x00000232d1ee1910, 0x00000232d1ee4070, 0x00000232d1ee5420, 0x00000232d1ee4700,
0x00000232d1ee4d90, 0x00000232d1ee1fa0, 0x00000232d1ee5ab0, 0x00000232d1ee3350,
0x00000232d1ee2630, 0x00000232d1ee6140, 0x00000232d1ee2cc0, 0x00000232d1ee67d0,
0x00000232ff407fb0, 0x00000232ff4099f0, 0x00000232ff40ada0, 0x00000232ff40a080,
0x00000232ff40b430, 0x00000232ff40bac0, 0x00000232ff408640, 0x00000232ff40a710,
0x00000232d1e18c50
}

Java Threads: ( => current thread )
  0x00000232f02bf060 JavaThread "main"                              [_thread_blocked, id=31972, stack(0x000000b841600000,0x000000b841700000) (1024K)]
  0x00000232f036a1e0 JavaThread "Reference Handler"          daemon [_thread_blocked, id=13844, stack(0x000000b841a00000,0x000000b841b00000) (1024K)]
  0x00000232f036c940 JavaThread "Finalizer"                  daemon [_thread_blocked, id=12876, stack(0x000000b841b00000,0x000000b841c00000) (1024K)]
  0x00000232f036e4f0 JavaThread "Signal Dispatcher"          daemon [_thread_blocked, id=25832, stack(0x000000b841c00000,0x000000b841d00000) (1024K)]
  0x00000232f036f3c0 JavaThread "Attach Listener"            daemon [_thread_blocked, id=7488, stack(0x000000b841d00000,0x000000b841e00000) (1024K)]
  0x00000232f0370a20 JavaThread "Service Thread"             daemon [_thread_blocked, id=24608, stack(0x000000b841e00000,0x000000b841f00000) (1024K)]
  0x00000232f037d710 JavaThread "Monitor Deflation Thread"   daemon [_thread_blocked, id=3480, stack(0x000000b841f00000,0x000000b842000000) (1024K)]
  0x00000232f037e710 JavaThread "C2 CompilerThread0"         daemon [_thread_blocked, id=23640, stack(0x000000b842000000,0x000000b842100000) (1024K)]
  0x00000232f8fb3380 JavaThread "C1 CompilerThread0"         daemon [_thread_blocked, id=32064, stack(0x000000b842100000,0x000000b842200000) (1024K)]
  0x00000232f032afc0 JavaThread "Common-Cleaner"             daemon [_thread_blocked, id=26388, stack(0x000000b842200000,0x000000b842300000) (1024K)]
  0x00000232f938e3c0 JavaThread "Notification Thread"        daemon [_thread_blocked, id=29564, stack(0x000000b842400000,0x000000b842500000) (1024K)]
  0x00000232fe7c3510 JavaThread "Active Thread: Equinox Container: 33eefc2b-e607-475a-b6f9-dc0de02aa1af"        [_thread_blocked, id=34896, stack(0x000000b842c00000,0x000000b842d00000) (1024K)]
  0x00000232fe708fc0 JavaThread "Refresh Thread: Equinox Container: 33eefc2b-e607-475a-b6f9-dc0de02aa1af" daemon [_thread_blocked, id=35468, stack(0x000000b842e00000,0x000000b842f00000) (1024K)]
  0x00000232fe4766a0 JavaThread "Framework Event Dispatcher: Equinox Container: 33eefc2b-e607-475a-b6f9-dc0de02aa1af" daemon [_thread_blocked, id=7884, stack(0x000000b842f00000,0x000000b843000000) (1024K)]
  0x00000232fe7e2480 JavaThread "Start Level: Equinox Container: 33eefc2b-e607-475a-b6f9-dc0de02aa1af" daemon [_thread_blocked, id=36216, stack(0x000000b843000000,0x000000b843100000) (1024K)]
  0x00000232fed36220 JavaThread "Bundle File Closer"         daemon [_thread_blocked, id=32336, stack(0x000000b843300000,0x000000b843400000) (1024K)]
  0x00000232fe1159e0 JavaThread "SCR Component Actor"        daemon [_thread_blocked, id=37392, stack(0x000000b842500000,0x000000b842600000) (1024K)]
  0x00000232fee0d3c0 JavaThread "Worker-JM"                         [_thread_blocked, id=12508, stack(0x000000b843400000,0x000000b843500000) (1024K)]
  0x00000232fee0c010 JavaThread "JNA Cleaner"                daemon [_thread_blocked, id=23484, stack(0x000000b842300000,0x000000b842400000) (1024K)]
  0x00000232fee0e0e0 JavaThread "Worker-0"                          [_thread_blocked, id=36528, stack(0x000000b843500000,0x000000b843600000) (1024K)]
  0x00000232fee0ee00 JavaThread "Worker-1"                          [_thread_blocked, id=24412, stack(0x000000b843600000,0x000000b843700000) (1024K)]
  0x00000232fee0c6a0 JavaThread "Java indexing"              daemon [_thread_blocked, id=2396, stack(0x000000b843800000,0x000000b843900000) (1024K)]
  0x00000232fee0e770 JavaThread "Worker-2"                          [_thread_blocked, id=33692, stack(0x000000b843b00000,0x000000b843c00000) (1024K)]
  0x00000232fee0b980 JavaThread "Worker-3"                          [_thread_blocked, id=5252, stack(0x000000b843c00000,0x000000b843d00000) (1024K)]
  0x00000232fee0cd30 JavaThread "Worker-4"                          [_thread_blocked, id=33648, stack(0x000000b843d00000,0x000000b843e00000) (1024K)]
  0x00000232d1ee0560 JavaThread "Thread-1"                   daemon [_thread_in_native, id=22116, stack(0x000000b843e00000,0x000000b843f00000) (1024K)]
  0x00000232d1ee1280 JavaThread "Thread-2"                   daemon [_thread_in_native, id=9772, stack(0x000000b843f00000,0x000000b844000000) (1024K)]
  0x00000232d1edf1b0 JavaThread "Thread-3"                   daemon [_thread_in_native, id=3844, stack(0x000000b844000000,0x000000b844100000) (1024K)]
  0x00000232d1edf840 JavaThread "Thread-4"                   daemon [_thread_in_native, id=6872, stack(0x000000b844100000,0x000000b844200000) (1024K)]
  0x00000232d1ee0bf0 JavaThread "Thread-5"                   daemon [_thread_in_native, id=32332, stack(0x000000b844200000,0x000000b844300000) (1024K)]
  0x00000232d1edfed0 JavaThread "Thread-6"                   daemon [_thread_in_native, id=12468, stack(0x000000b844300000,0x000000b844400000) (1024K)]
  0x00000232d1ee39e0 JavaThread "Thread-7"                   daemon [_thread_in_native, id=37756, stack(0x000000b844400000,0x000000b844500000) (1024K)]
  0x00000232d1ee1910 JavaThread "Thread-8"                   daemon [_thread_in_native, id=7528, stack(0x000000b844500000,0x000000b844600000) (1024K)]
  0x00000232d1ee4070 JavaThread "Thread-9"                   daemon [_thread_in_native, id=32220, stack(0x000000b844600000,0x000000b844700000) (1024K)]
  0x00000232d1ee5420 JavaThread "Thread-10"                  daemon [_thread_in_native, id=36120, stack(0x000000b844700000,0x000000b844800000) (1024K)]
  0x00000232d1ee4700 JavaThread "Thread-11"                  daemon [_thread_in_native, id=18812, stack(0x000000b844800000,0x000000b844900000) (1024K)]
  0x00000232d1ee4d90 JavaThread "Thread-12"                  daemon [_thread_in_native, id=27652, stack(0x000000b844900000,0x000000b844a00000) (1024K)]
  0x00000232d1ee1fa0 JavaThread "Thread-13"                  daemon [_thread_in_native, id=30152, stack(0x000000b844a00000,0x000000b844b00000) (1024K)]
  0x00000232d1ee5ab0 JavaThread "pool-2-thread-1"                   [_thread_blocked, id=20200, stack(0x000000b844b00000,0x000000b844c00000) (1024K)]
  0x00000232d1ee3350 JavaThread "WorkspaceEventsHandler"            [_thread_blocked, id=20120, stack(0x000000b844c00000,0x000000b844d00000) (1024K)]
  0x00000232d1ee2630 JavaThread "pool-1-thread-1"                   [_thread_blocked, id=8728, stack(0x000000b844d00000,0x000000b844e00000) (1024K)]
  0x00000232d1ee6140 JavaThread "ForkJoinPool.commonPool-worker-1" daemon [_thread_blocked, id=25528, stack(0x000000b844e00000,0x000000b844f00000) (1024K)]
  0x00000232d1ee2cc0 JavaThread "ForkJoinPool.commonPool-worker-2" daemon [_thread_blocked, id=27836, stack(0x000000b844f00000,0x000000b845000000) (1024K)]
  0x00000232d1ee67d0 JavaThread "ForkJoinPool.commonPool-worker-3" daemon [_thread_blocked, id=16256, stack(0x000000b845000000,0x000000b845100000) (1024K)]
  0x00000232ff407fb0 JavaThread "ForkJoinPool.commonPool-worker-4" daemon [_thread_blocked, id=24856, stack(0x000000b845100000,0x000000b845200000) (1024K)]
  0x00000232ff4099f0 JavaThread "ForkJoinPool.commonPool-worker-5" daemon [_thread_blocked, id=25084, stack(0x000000b845200000,0x000000b845300000) (1024K)]
  0x00000232ff40ada0 JavaThread "ForkJoinPool.commonPool-worker-6" daemon [_thread_blocked, id=26620, stack(0x000000b845300000,0x000000b845400000) (1024K)]
  0x00000232ff40a080 JavaThread "ForkJoinPool.commonPool-worker-7" daemon [_thread_blocked, id=15584, stack(0x000000b845400000,0x000000b845500000) (1024K)]
  0x00000232ff40b430 JavaThread "ForkJoinPool.commonPool-worker-8" daemon [_thread_blocked, id=12620, stack(0x000000b845500000,0x000000b845600000) (1024K)]
  0x00000232ff40bac0 JavaThread "ForkJoinPool.commonPool-worker-9" daemon [_thread_blocked, id=36760, stack(0x000000b845600000,0x000000b845700000) (1024K)]
  0x00000232ff408640 JavaThread "ForkJoinPool.commonPool-worker-10" daemon [_thread_blocked, id=18296, stack(0x000000b845700000,0x000000b845800000) (1024K)]
  0x00000232ff40a710 JavaThread "ForkJoinPool.commonPool-worker-11" daemon [_thread_blocked, id=34740, stack(0x000000b845800000,0x000000b845900000) (1024K)]
=>0x00000232d1e18c50 JavaThread "C2 CompilerThread1"         daemon [_thread_in_native, id=16056, stack(0x000000b843700000,0x000000b843800000) (1024K)]
Total: 53

Other Threads:
  0x00000232f035eac0 VMThread "VM Thread"                           [id=21484, stack(0x000000b841900000,0x000000b841a00000) (1024K)]
  0x00000232f0329e90 WatcherThread "VM Periodic Task Thread"        [id=33756, stack(0x000000b841800000,0x000000b841900000) (1024K)]
  0x00000232f02dd7c0 WorkerThread "GC Thread#0"                     [id=29984, stack(0x000000b841700000,0x000000b841800000) (1024K)]
  0x00000232fe6cc010 WorkerThread "GC Thread#1"                     [id=31252, stack(0x000000b842600000,0x000000b842700000) (1024K)]
  0x00000232fe6cc3b0 WorkerThread "GC Thread#2"                     [id=21568, stack(0x000000b842700000,0x000000b842800000) (1024K)]
  0x00000232fe6e1940 WorkerThread "GC Thread#3"                     [id=7740, stack(0x000000b842800000,0x000000b842900000) (1024K)]
  0x00000232fe6e1ce0 WorkerThread "GC Thread#4"                     [id=6080, stack(0x000000b842900000,0x000000b842a00000) (1024K)]
  0x00000232fe120990 WorkerThread "GC Thread#5"                     [id=21648, stack(0x000000b842a00000,0x000000b842b00000) (1024K)]
  0x00000232fe120d30 WorkerThread "GC Thread#6"                     [id=35808, stack(0x000000b842b00000,0x000000b842c00000) (1024K)]
  0x00000232fe7e38a0 WorkerThread "GC Thread#7"                     [id=24228, stack(0x000000b842d00000,0x000000b842e00000) (1024K)]
  0x00000232fea63f90 WorkerThread "GC Thread#8"                     [id=32784, stack(0x000000b843100000,0x000000b843200000) (1024K)]
  0x00000232fea651b0 WorkerThread "GC Thread#9"                     [id=32116, stack(0x000000b843200000,0x000000b843300000) (1024K)]
Total: 12

Threads with active compile tasks:
C2 CompilerThread1  20148 11090   !   4       lombok.core.FieldAugment$ReflectionFieldAugment::getAndSet (80 bytes)
Total: 1

VM state: not at safepoint (normal execution)

VM Mutex/Monitor currently owned by a thread: None

Heap address: 0x0000000080000000, size: 2048 MB, Compressed Oops mode: 32-bit

CDS archive(s) mapped at: [0x000002328f000000-0x000002328fba0000-0x000002328fba0000), size 12189696, SharedBaseAddress: 0x000002328f000000, ArchiveRelocationMode: 1.
Compressed class space mapped at: 0x0000023290000000-0x00000232d0000000, reserved size: 1073741824
Narrow klass base: 0x000002328f000000, Narrow klass shift: 0, Narrow klass range: 0x100000000

GC Precious Log:
 CardTable entry size: 512
 CPUs: 12 total, 12 available
 Memory: 5845M
 Large Page Support: Disabled
 NUMA Support: Disabled
 Compressed Oops: Enabled (32-bit)
 Alignments: Space 512K, Generation 512K, Heap 2M
 Heap Min Capacity: 100M
 Heap Initial Capacity: 100M
 Heap Max Capacity: 2G
 Pre-touch: Disabled
 Parallel Workers: 10

Heap:
 PSYoungGen      total 16384K, used 4213K [0x00000000d5580000, 0x00000000d6800000, 0x0000000100000000)
  eden space 14336K, 16% used [0x00000000d5580000,0x00000000d57c6758,0x00000000d6380000)
  from space 2048K, 91% used [0x00000000d6500000,0x00000000d66d6fb8,0x00000000d6700000)
  to   space 1024K, 0% used [0x00000000d6700000,0x00000000d6700000,0x00000000d6800000)
 ParOldGen       total 74240K, used 74076K [0x0000000080000000, 0x0000000084880000, 0x00000000d5580000)
  object space 74240K, 99% used [0x0000000080000000,0x0000000084857380,0x0000000084880000)
 Metaspace       used 62167K, committed 63744K, reserved 1114112K
  class space    used 6597K, committed 7296K, reserved 1048576K

Card table byte_map: [0x00000232efc60000,0x00000232f0070000] _byte_map_base: 0x00000232ef860000

Marking Bits: (ParMarkBitMap*) 0x00007ffa2880a340
 Begin Bits: [0x00000232f3760000, 0x00000232f5760000)
 End Bits:   [0x00000232f5760000, 0x00000232f7760000)

Polling page: 0x00000232ee230000

Metaspace:

Usage:
  Non-class:     54.27 MB used.
      Class:      6.44 MB used.
       Both:     60.71 MB used.

Virtual space:
  Non-class space:       64.00 MB reserved,      55.12 MB ( 86%) committed,  1 nodes.
      Class space:        1.00 GB reserved,       7.12 MB ( <1%) committed,  1 nodes.
             Both:        1.06 GB reserved,      62.25 MB (  6%) committed. 

Chunk freelists:
   Non-Class:  8.73 MB
       Class:  8.75 MB
        Both:  17.48 MB

MaxMetaspaceSize: unlimited
CompressedClassSpaceSize: 1.00 GB
Initial GC threshold: 21.00 MB
Current GC threshold: 97.31 MB
CDS: on
 - commit_granule_bytes: 65536.
 - commit_granule_words: 8192.
 - virtual_space_node_default_size: 8388608.
 - enlarge_chunks_in_place: 1.
 - use_allocation_guard: 0.


Internal statistics:

num_allocs_failed_limit: 11.
num_arena_births: 1204.
num_arena_deaths: 22.
num_vsnodes_births: 2.
num_vsnodes_deaths: 0.
num_space_committed: 996.
num_space_uncommitted: 0.
num_chunks_returned_to_freelist: 37.
num_chunks_taken_from_freelist: 4114.
num_chunk_merges: 18.
num_chunk_splits: 2563.
num_chunks_enlarged: 1457.
num_inconsistent_stats: 0.

CodeHeap 'non-profiled nmethods': size=120000Kb used=5547Kb max_used=5547Kb free=114452Kb
 bounds [0x0000023287ad0000, 0x0000023288040000, 0x000002328f000000]
CodeHeap 'profiled nmethods': size=120000Kb used=22062Kb max_used=22062Kb free=97937Kb
 bounds [0x0000023280000000, 0x0000023281590000, 0x0000023287530000]
CodeHeap 'non-nmethods': size=5760Kb used=1420Kb max_used=1478Kb free=4339Kb
 bounds [0x0000023287530000, 0x00000232877a0000, 0x0000023287ad0000]
CodeCache: size=245760Kb, used=29029Kb, max_used=29087Kb, free=216728Kb
 total_blobs=11266, nmethods=10537, adapters=634, full_count=0
Compilation: enabled, stopped_count=0, restarted_count=0

Compilation events (20 events):
Event: 19.005 Thread 0x00000232f037e710 10431       4       org.eclipse.jdt.internal.compiler.env.ITypeAnnotationWalker$1::getAnnotationsAtCursor (4 bytes)
Event: 19.005 Thread 0x00000232f037e710 nmethod 10431 0x0000023288038d90 code [0x0000023288038f20, 0x0000023288038fb0]
Event: 19.005 Thread 0x00000232f037e710 10631       4       org.eclipse.jdt.internal.compiler.env.ITypeAnnotationWalker$1::toMethodParameter (2 bytes)
Event: 19.006 Thread 0x00000232f037e710 nmethod 10631 0x0000023288039090 code [0x0000023288039220, 0x00000232880392a8]
Event: 19.006 Thread 0x00000232f037e710 10703       4       org.eclipse.jdt.internal.compiler.env.ITypeAnnotationWalker$1::toMethodReturn (2 bytes)
Event: 19.006 Thread 0x00000232f037e710 nmethod 10703 0x0000023288039390 code [0x0000023288039520, 0x00000232880395a8]
Event: 19.006 Thread 0x00000232f037e710 10705       4       org.eclipse.jdt.internal.compiler.env.ITypeAnnotationWalker$1::toReceiver (2 bytes)
Event: 19.006 Thread 0x00000232f037e710 nmethod 10705 0x0000023288039690 code [0x0000023288039820, 0x00000232880398a8]
Event: 19.006 Thread 0x00000232f037e710 10657       4       org.eclipse.jdt.internal.compiler.lookup.Scope::environment (8 bytes)
Event: 19.006 Thread 0x00000232f037e710 nmethod 10657 0x0000023288039990 code [0x0000023288039b20, 0x0000023288039bc8]
Event: 19.007 Thread 0x00000232f037e710 9869       4       org.eclipse.jdt.internal.core.PackageFragmentRoot::getPath (5 bytes)
Event: 19.007 Thread 0x00000232f037e710 nmethod 9869 0x0000023288039c90 code [0x0000023288039e20, 0x0000023288039ed0]
Event: 19.007 Thread 0x00000232f037e710 10873       4       org.eclipse.jdt.internal.compiler.env.ITypeAnnotationWalker$1::toTypeArgument (2 bytes)
Event: 19.007 Thread 0x00000232f037e710 nmethod 10873 0x0000023288039f90 code [0x000002328803a120, 0x000002328803a1a8]
Event: 19.007 Thread 0x00000232f037e710 11020       4       org.eclipse.jdt.internal.compiler.lookup.TypeBinding::leafComponentType (2 bytes)
Event: 19.007 Thread 0x00000232f037e710 nmethod 11020 0x000002328803a290 code [0x000002328803a420, 0x000002328803a4a8]
Event: 19.007 Thread 0x00000232f037e710 10997       4       org.eclipse.jdt.internal.compiler.lookup.TypeBinding::original (53 bytes)
Event: 19.008 Thread 0x00000232f037e710 nmethod 10997 0x000002328803a590 code [0x000002328803a720, 0x000002328803a860]
Event: 19.009 Thread 0x00000232f037e710 11164       4       org.eclipse.jdt.internal.compiler.lookup.TypeBinding::erasure (2 bytes)
Event: 19.009 Thread 0x00000232f037e710 nmethod 11164 0x000002328803a990 code [0x000002328803ab20, 0x000002328803aba8]

GC Heap History (20 events):
Event: 16.367 GC heap before
{Heap before GC invocations=69 (full 3):
 PSYoungGen      total 15872K, used 15851K [0x00000000d5580000, 0x00000000d6700000, 0x0000000100000000)
  eden space 14848K, 100% used [0x00000000d5580000,0x00000000d6400000,0x00000000d6400000)
  from space 1024K, 97% used [0x00000000d6480000,0x00000000d657ac68,0x00000000d6580000)
  to   space 1536K, 0% used [0x00000000d6580000,0x00000000d6580000,0x00000000d6700000)
 ParOldGen       total 68608K, used 63833K [0x0000000080000000, 0x0000000084300000, 0x00000000d5580000)
  object space 68608K, 93% used [0x0000000080000000,0x0000000083e56678,0x0000000084300000)
 Metaspace       used 58917K, committed 60480K, reserved 1114112K
  class space    used 6329K, committed 7040K, reserved 1048576K
}
Event: 16.370 GC heap after
{Heap after GC invocations=69 (full 3):
 PSYoungGen      total 15872K, used 1468K [0x00000000d5580000, 0x00000000d6800000, 0x0000000100000000)
  eden space 14336K, 0% used [0x00000000d5580000,0x00000000d5580000,0x00000000d6380000)
  from space 1536K, 95% used [0x00000000d6580000,0x00000000d66ef0a0,0x00000000d6700000)
  to   space 2048K, 0% used [0x00000000d6380000,0x00000000d6380000,0x00000000d6580000)
 ParOldGen       total 68608K, used 64618K [0x0000000080000000, 0x0000000084300000, 0x00000000d5580000)
  object space 68608K, 94% used [0x0000000080000000,0x0000000083f1aa20,0x0000000084300000)
 Metaspace       used 58917K, committed 60480K, reserved 1114112K
  class space    used 6329K, committed 7040K, reserved 1048576K
}
Event: 16.420 GC heap before
{Heap before GC invocations=70 (full 3):
 PSYoungGen      total 15872K, used 15804K [0x00000000d5580000, 0x00000000d6800000, 0x0000000100000000)
  eden space 14336K, 100% used [0x00000000d5580000,0x00000000d6380000,0x00000000d6380000)
  from space 1536K, 95% used [0x00000000d6580000,0x00000000d66ef0a0,0x00000000d6700000)
  to   space 2048K, 0% used [0x00000000d6380000,0x00000000d6380000,0x00000000d6580000)
 ParOldGen       total 68608K, used 64618K [0x0000000080000000, 0x0000000084300000, 0x00000000d5580000)
  object space 68608K, 94% used [0x0000000080000000,0x0000000083f1aa20,0x0000000084300000)
 Metaspace       used 58932K, committed 60480K, reserved 1114112K
  class space    used 6329K, committed 7040K, reserved 1048576K
}
Event: 16.423 GC heap after
{Heap after GC invocations=70 (full 3):
 PSYoungGen      total 15360K, used 703K [0x00000000d5580000, 0x00000000d6600000, 0x0000000100000000)
  eden space 14336K, 0% used [0x00000000d5580000,0x00000000d5580000,0x00000000d6380000)
  from space 1024K, 68% used [0x00000000d6380000,0x00000000d642fc90,0x00000000d6480000)
  to   space 1024K, 0% used [0x00000000d6500000,0x00000000d6500000,0x00000000d6600000)
 ParOldGen       total 68608K, used 65975K [0x0000000080000000, 0x0000000084300000, 0x00000000d5580000)
  object space 68608K, 96% used [0x0000000080000000,0x000000008406dda8,0x0000000084300000)
 Metaspace       used 58932K, committed 60480K, reserved 1114112K
  class space    used 6329K, committed 7040K, reserved 1048576K
}
Event: 16.479 GC heap before
{Heap before GC invocations=71 (full 3):
 PSYoungGen      total 15360K, used 15039K [0x00000000d5580000, 0x00000000d6600000, 0x0000000100000000)
  eden space 14336K, 100% used [0x00000000d5580000,0x00000000d6380000,0x00000000d6380000)
  from space 1024K, 68% used [0x00000000d6380000,0x00000000d642fc90,0x00000000d6480000)
  to   space 1024K, 0% used [0x00000000d6500000,0x00000000d6500000,0x00000000d6600000)
 ParOldGen       total 68608K, used 65975K [0x0000000080000000, 0x0000000084300000, 0x00000000d5580000)
  object space 68608K, 96% used [0x0000000080000000,0x000000008406dda8,0x0000000084300000)
 Metaspace       used 59044K, committed 60608K, reserved 1114112K
  class space    used 6335K, committed 7040K, reserved 1048576K
}
Event: 16.481 GC heap after
{Heap after GC invocations=71 (full 3):
 PSYoungGen      total 15360K, used 528K [0x00000000d5580000, 0x00000000d6600000, 0x0000000100000000)
  eden space 14336K, 0% used [0x00000000d5580000,0x00000000d5580000,0x00000000d6380000)
  from space 1024K, 51% used [0x00000000d6500000,0x00000000d65841b0,0x00000000d6600000)
  to   space 1024K, 0% used [0x00000000d6380000,0x00000000d6380000,0x00000000d6480000)
 ParOldGen       total 68608K, used 66432K [0x0000000080000000, 0x0000000084300000, 0x00000000d5580000)
  object space 68608K, 96% used [0x0000000080000000,0x00000000840e0020,0x0000000084300000)
 Metaspace       used 59044K, committed 60608K, reserved 1114112K
  class space    used 6335K, committed 7040K, reserved 1048576K
}
Event: 16.774 GC heap before
{Heap before GC invocations=72 (full 3):
 PSYoungGen      total 15360K, used 14849K [0x00000000d5580000, 0x00000000d6600000, 0x0000000100000000)
  eden space 14336K, 99% used [0x00000000d5580000,0x00000000d637c3c0,0x00000000d6380000)
  from space 1024K, 51% used [0x00000000d6500000,0x00000000d65841b0,0x00000000d6600000)
  to   space 1024K, 0% used [0x00000000d6380000,0x00000000d6380000,0x00000000d6480000)
 ParOldGen       total 68608K, used 66432K [0x0000000080000000, 0x0000000084300000, 0x00000000d5580000)
  object space 68608K, 96% used [0x0000000080000000,0x00000000840e0020,0x0000000084300000)
 Metaspace       used 59909K, committed 61376K, reserved 1114112K
  class space    used 6432K, committed 7104K, reserved 1048576K
}
Event: 16.777 GC heap after
{Heap after GC invocations=72 (full 3):
 PSYoungGen      total 15360K, used 999K [0x00000000d5580000, 0x00000000d6780000, 0x0000000100000000)
  eden space 14336K, 0% used [0x00000000d5580000,0x00000000d5580000,0x00000000d6380000)
  from space 1024K, 97% used [0x00000000d6380000,0x00000000d6479e68,0x00000000d6480000)
  to   space 2048K, 0% used [0x00000000d6580000,0x00000000d6580000,0x00000000d6780000)
 ParOldGen       total 68608K, used 67028K [0x0000000080000000, 0x0000000084300000, 0x00000000d5580000)
  object space 68608K, 97% used [0x0000000080000000,0x0000000084175160,0x0000000084300000)
 Metaspace       used 59909K, committed 61376K, reserved 1114112K
  class space    used 6432K, committed 7104K, reserved 1048576K
}
Event: 16.903 GC heap before
{Heap before GC invocations=73 (full 3):
 PSYoungGen      total 15360K, used 15335K [0x00000000d5580000, 0x00000000d6780000, 0x0000000100000000)
  eden space 14336K, 100% used [0x00000000d5580000,0x00000000d6380000,0x00000000d6380000)
  from space 1024K, 97% used [0x00000000d6380000,0x00000000d6479e68,0x00000000d6480000)
  to   space 2048K, 0% used [0x00000000d6580000,0x00000000d6580000,0x00000000d6780000)
 ParOldGen       total 68608K, used 67028K [0x0000000080000000, 0x0000000084300000, 0x00000000d5580000)
  object space 68608K, 97% used [0x0000000080000000,0x0000000084175160,0x0000000084300000)
 Metaspace       used 60058K, committed 61632K, reserved 1114112K
  class space    used 6443K, committed 7168K, reserved 1048576K
}
Event: 16.905 GC heap after
{Heap after GC invocations=73 (full 3):
 PSYoungGen      total 15360K, used 608K [0x00000000d5580000, 0x00000000d6680000, 0x0000000100000000)
  eden space 14336K, 0% used [0x00000000d5580000,0x00000000d5580000,0x00000000d6380000)
  from space 1024K, 59% used [0x00000000d6580000,0x00000000d6618000,0x00000000d6680000)
  to   space 1024K, 0% used [0x00000000d6380000,0x00000000d6380000,0x00000000d6480000)
 ParOldGen       total 68608K, used 67981K [0x0000000080000000, 0x0000000084300000, 0x00000000d5580000)
  object space 68608K, 99% used [0x0000000080000000,0x00000000842634c0,0x0000000084300000)
 Metaspace       used 60058K, committed 61632K, reserved 1114112K
  class space    used 6443K, committed 7168K, reserved 1048576K
}
Event: 17.298 GC heap before
{Heap before GC invocations=74 (full 3):
 PSYoungGen      total 15360K, used 14944K [0x00000000d5580000, 0x00000000d6680000, 0x0000000100000000)
  eden space 14336K, 100% used [0x00000000d5580000,0x00000000d6380000,0x00000000d6380000)
  from space 1024K, 59% used [0x00000000d6580000,0x00000000d6618000,0x00000000d6680000)
  to   space 1024K, 0% used [0x00000000d6380000,0x00000000d6380000,0x00000000d6480000)
 ParOldGen       total 68608K, used 67981K [0x0000000080000000, 0x0000000084300000, 0x00000000d5580000)
  object space 68608K, 99% used [0x0000000080000000,0x00000000842634c0,0x0000000084300000)
 Metaspace       used 60703K, committed 62208K, reserved 1114112K
  class space    used 6496K, committed 7168K, reserved 1048576K
}
Event: 17.303 GC heap after
{Heap after GC invocations=74 (full 3):
 PSYoungGen      total 15360K, used 1013K [0x00000000d5580000, 0x00000000d6780000, 0x0000000100000000)
  eden space 14336K, 0% used [0x00000000d5580000,0x00000000d5580000,0x00000000d6380000)
  from space 1024K, 98% used [0x00000000d6380000,0x00000000d647d438,0x00000000d6480000)
  to   space 2048K, 0% used [0x00000000d6580000,0x00000000d6580000,0x00000000d6780000)
 ParOldGen       total 69120K, used 68757K [0x0000000080000000, 0x0000000084380000, 0x00000000d5580000)
  object space 69120K, 99% used [0x0000000080000000,0x00000000843256e0,0x0000000084380000)
 Metaspace       used 60703K, committed 62208K, reserved 1114112K
  class space    used 6496K, committed 7168K, reserved 1048576K
}
Event: 17.595 GC heap before
{Heap before GC invocations=75 (full 3):
 PSYoungGen      total 15360K, used 15349K [0x00000000d5580000, 0x00000000d6780000, 0x0000000100000000)
  eden space 14336K, 100% used [0x00000000d5580000,0x00000000d6380000,0x00000000d6380000)
  from space 1024K, 98% used [0x00000000d6380000,0x00000000d647d438,0x00000000d6480000)
  to   space 2048K, 0% used [0x00000000d6580000,0x00000000d6580000,0x00000000d6780000)
 ParOldGen       total 69120K, used 68757K [0x0000000080000000, 0x0000000084380000, 0x00000000d5580000)
  object space 69120K, 99% used [0x0000000080000000,0x00000000843256e0,0x0000000084380000)
 Metaspace       used 61584K, committed 63104K, reserved 1114112K
  class space    used 6584K, committed 7232K, reserved 1048576K
}
Event: 17.598 GC heap after
{Heap after GC invocations=75 (full 3):
 PSYoungGen      total 16384K, used 1560K [0x00000000d5580000, 0x00000000d6780000, 0x0000000100000000)
  eden space 14336K, 0% used [0x00000000d5580000,0x00000000d5580000,0x00000000d6380000)
  from space 2048K, 76% used [0x00000000d6580000,0x00000000d67063b0,0x00000000d6780000)
  to   space 2048K, 0% used [0x00000000d6380000,0x00000000d6380000,0x00000000d6580000)
 ParOldGen       total 70144K, used 69785K [0x0000000080000000, 0x0000000084480000, 0x00000000d5580000)
  object space 70144K, 99% used [0x0000000080000000,0x0000000084426488,0x0000000084480000)
 Metaspace       used 61584K, committed 63104K, reserved 1114112K
  class space    used 6584K, committed 7232K, reserved 1048576K
}
Event: 17.896 GC heap before
{Heap before GC invocations=76 (full 3):
 PSYoungGen      total 16384K, used 15896K [0x00000000d5580000, 0x00000000d6780000, 0x0000000100000000)
  eden space 14336K, 100% used [0x00000000d5580000,0x00000000d6380000,0x00000000d6380000)
  from space 2048K, 76% used [0x00000000d6580000,0x00000000d67063b0,0x00000000d6780000)
  to   space 2048K, 0% used [0x00000000d6380000,0x00000000d6380000,0x00000000d6580000)
 ParOldGen       total 70144K, used 69785K [0x0000000080000000, 0x0000000084480000, 0x00000000d5580000)
  object space 70144K, 99% used [0x0000000080000000,0x0000000084426488,0x0000000084480000)
 Metaspace       used 61894K, committed 63424K, reserved 1114112K
  class space    used 6595K, committed 7296K, reserved 1048576K
}
Event: 17.900 GC heap after
{Heap after GC invocations=76 (full 3):
 PSYoungGen      total 16384K, used 2028K [0x00000000d5580000, 0x00000000d6b80000, 0x0000000100000000)
  eden space 14336K, 0% used [0x00000000d5580000,0x00000000d5580000,0x00000000d6380000)
  from space 2048K, 99% used [0x00000000d6380000,0x00000000d657b348,0x00000000d6580000)
  to   space 4096K, 0% used [0x00000000d6780000,0x00000000d6780000,0x00000000d6b80000)
 ParOldGen       total 71680K, used 71214K [0x0000000080000000, 0x0000000084600000, 0x00000000d5580000)
  object space 71680K, 99% used [0x0000000080000000,0x000000008458bbf8,0x0000000084600000)
 Metaspace       used 61894K, committed 63424K, reserved 1114112K
  class space    used 6595K, committed 7296K, reserved 1048576K
}
Event: 18.119 GC heap before
{Heap before GC invocations=77 (full 3):
 PSYoungGen      total 16384K, used 16364K [0x00000000d5580000, 0x00000000d6b80000, 0x0000000100000000)
  eden space 14336K, 100% used [0x00000000d5580000,0x00000000d6380000,0x00000000d6380000)
  from space 2048K, 99% used [0x00000000d6380000,0x00000000d657b348,0x00000000d6580000)
  to   space 4096K, 0% used [0x00000000d6780000,0x00000000d6780000,0x00000000d6b80000)
 ParOldGen       total 71680K, used 71214K [0x0000000080000000, 0x0000000084600000, 0x00000000d5580000)
  object space 71680K, 99% used [0x0000000080000000,0x000000008458bbf8,0x0000000084600000)
 Metaspace       used 62021K, committed 63552K, reserved 1114112K
  class space    used 6596K, committed 7296K, reserved 1048576K
}
Event: 18.121 GC heap after
{Heap after GC invocations=77 (full 3):
 PSYoungGen      total 15872K, used 1080K [0x00000000d5580000, 0x00000000d6900000, 0x0000000100000000)
  eden space 14336K, 0% used [0x00000000d5580000,0x00000000d5580000,0x00000000d6380000)
  from space 1536K, 70% used [0x00000000d6780000,0x00000000d688e098,0x00000000d6900000)
  to   space 2048K, 0% used [0x00000000d6500000,0x00000000d6500000,0x00000000d6700000)
 ParOldGen       total 73216K, used 73185K [0x0000000080000000, 0x0000000084780000, 0x00000000d5580000)
  object space 73216K, 99% used [0x0000000080000000,0x00000000847784b8,0x0000000084780000)
 Metaspace       used 62021K, committed 63552K, reserved 1114112K
  class space    used 6596K, committed 7296K, reserved 1048576K
}
Event: 18.319 GC heap before
{Heap before GC invocations=78 (full 3):
 PSYoungGen      total 15872K, used 15416K [0x00000000d5580000, 0x00000000d6900000, 0x0000000100000000)
  eden space 14336K, 100% used [0x00000000d5580000,0x00000000d6380000,0x00000000d6380000)
  from space 1536K, 70% used [0x00000000d6780000,0x00000000d688e098,0x00000000d6900000)
  to   space 2048K, 0% used [0x00000000d6500000,0x00000000d6500000,0x00000000d6700000)
 ParOldGen       total 73216K, used 73185K [0x0000000080000000, 0x0000000084780000, 0x00000000d5580000)
  object space 73216K, 99% used [0x0000000080000000,0x00000000847784b8,0x0000000084780000)
 Metaspace       used 62144K, committed 63680K, reserved 1114112K
  class space    used 6597K, committed 7296K, reserved 1048576K
}
Event: 18.322 GC heap after
{Heap after GC invocations=78 (full 3):
 PSYoungGen      total 16384K, used 1883K [0x00000000d5580000, 0x00000000d6800000, 0x0000000100000000)
  eden space 14336K, 0% used [0x00000000d5580000,0x00000000d5580000,0x00000000d6380000)
  from space 2048K, 91% used [0x00000000d6500000,0x00000000d66d6fb8,0x00000000d6700000)
  to   space 1024K, 0% used [0x00000000d6700000,0x00000000d6700000,0x00000000d6800000)
 ParOldGen       total 74240K, used 74076K [0x0000000080000000, 0x0000000084880000, 0x00000000d5580000)
  object space 74240K, 99% used [0x0000000080000000,0x0000000084857380,0x0000000084880000)
 Metaspace       used 62144K, committed 63680K, reserved 1114112K
  class space    used 6597K, committed 7296K, reserved 1048576K
}

Dll operation events (10 events):
Event: 0.033 Loaded shared library c:\Users\alifs\.vscode\extensions\redhat.java-1.46.0-win32-x64\jre\21.0.8-win32-x86_64\bin\java.dll
Event: 0.143 Loaded shared library c:\Users\alifs\.vscode\extensions\redhat.java-1.46.0-win32-x64\jre\21.0.8-win32-x86_64\bin\zip.dll
Event: 0.168 Loaded shared library C:\Users\alifs\.vscode\extensions\redhat.java-1.46.0-win32-x64\jre\21.0.8-win32-x86_64\bin\instrument.dll
Event: 0.175 Loaded shared library C:\Users\alifs\.vscode\extensions\redhat.java-1.46.0-win32-x64\jre\21.0.8-win32-x86_64\bin\net.dll
Event: 0.178 Loaded shared library C:\Users\alifs\.vscode\extensions\redhat.java-1.46.0-win32-x64\jre\21.0.8-win32-x86_64\bin\nio.dll
Event: 0.182 Loaded shared library C:\Users\alifs\.vscode\extensions\redhat.java-1.46.0-win32-x64\jre\21.0.8-win32-x86_64\bin\zip.dll
Event: 0.203 Loaded shared library C:\Users\alifs\.vscode\extensions\redhat.java-1.46.0-win32-x64\jre\21.0.8-win32-x86_64\bin\jimage.dll
Event: 0.296 Loaded shared library c:\Users\alifs\.vscode\extensions\redhat.java-1.46.0-win32-x64\jre\21.0.8-win32-x86_64\bin\verify.dll
Event: 1.652 Loaded shared library C:\Users\alifs\AppData\Roaming\Code\User\globalStorage\redhat.java\1.46.0\config_win\org.eclipse.equinox.launcher\org.eclipse.equinox.launcher.win32.win32.x86_64_1.2.1400.v20250801-0854\eclipse_11916.dll
Event: 3.375 Loaded shared library C:\Users\alifs\AppData\Local\Temp\jna-92903147\jna15223244569395008181.dll

Deoptimization events (20 events):
Event: 17.890 Thread 0x00000232fee0ee00 Uncommon trap: trap_request=0xffffffde fr.pc=0x0000023287d2ec54 relative=0x00000000000005d4
Event: 17.890 Thread 0x00000232fee0ee00 Uncommon trap: reason=class_check action=maybe_recompile pc=0x0000023287d2ec54 method=java.util.HashMap.removeNode(ILjava/lang/Object;Ljava/lang/Object;ZZ)Ljava/util/HashMap$Node; @ 143 c2
Event: 17.890 Thread 0x00000232fee0ee00 DEOPT PACKING pc=0x0000023287d2ec54 sp=0x000000b8436fe350
Event: 17.890 Thread 0x00000232fee0ee00 DEOPT UNPACKING pc=0x0000023287583aa2 sp=0x000000b8436fe248 mode 2
Event: 17.908 Thread 0x00000232fee0ee00 DEOPT PACKING pc=0x0000023280d42e0b sp=0x000000b8436fe040
Event: 17.908 Thread 0x00000232fee0ee00 DEOPT UNPACKING pc=0x0000023287584242 sp=0x000000b8436fd528 mode 0
Event: 18.010 Thread 0x00000232fee0ee00 Uncommon trap: trap_request=0xffffffde fr.pc=0x0000023287d2ec54 relative=0x00000000000005d4
Event: 18.010 Thread 0x00000232fee0ee00 Uncommon trap: reason=class_check action=maybe_recompile pc=0x0000023287d2ec54 method=java.util.HashMap.removeNode(ILjava/lang/Object;Ljava/lang/Object;ZZ)Ljava/util/HashMap$Node; @ 143 c2
Event: 18.010 Thread 0x00000232fee0ee00 DEOPT PACKING pc=0x0000023287d2ec54 sp=0x000000b8436fe350
Event: 18.010 Thread 0x00000232fee0ee00 DEOPT UNPACKING pc=0x0000023287583aa2 sp=0x000000b8436fe248 mode 2
Event: 18.021 Thread 0x00000232fee0ee00 DEOPT PACKING pc=0x0000023280d56568 sp=0x000000b8436fe080
Event: 18.021 Thread 0x00000232fee0ee00 DEOPT UNPACKING pc=0x0000023287584242 sp=0x000000b8436fd590 mode 0
Event: 18.027 Thread 0x00000232fee0ee00 Uncommon trap: trap_request=0xffffff45 fr.pc=0x0000023287ecfcd0 relative=0x0000000000000a90
Event: 18.027 Thread 0x00000232fee0ee00 Uncommon trap: reason=unstable_if action=reinterpret pc=0x0000023287ecfcd0 method=lombok.eclipse.EclipseNode.traverse(Llombok/eclipse/EclipseASTVisitor;)V @ 408 c2
Event: 18.027 Thread 0x00000232fee0ee00 DEOPT PACKING pc=0x0000023287ecfcd0 sp=0x000000b8436fdee0
Event: 18.027 Thread 0x00000232fee0ee00 DEOPT UNPACKING pc=0x0000023287583aa2 sp=0x000000b8436fde88 mode 2
Event: 18.101 Thread 0x00000232fee0ee00 DEOPT PACKING pc=0x0000023281348907 sp=0x000000b8436fca20
Event: 18.101 Thread 0x00000232fee0ee00 DEOPT UNPACKING pc=0x0000023287584242 sp=0x000000b8436fbed8 mode 0
Event: 18.258 Thread 0x00000232fee0ee00 DEOPT PACKING pc=0x0000023281470bf1 sp=0x000000b8436fdfa0
Event: 18.258 Thread 0x00000232fee0ee00 DEOPT UNPACKING pc=0x0000023287584242 sp=0x000000b8436fd4e0 mode 0

Classes loaded (20 events):
Event: 13.574 Loading class java/util/Hashtable$KeySet
Event: 13.575 Loading class java/util/Hashtable$KeySet done
Event: 15.644 Loading class sun/nio/cs/ISO_8859_1$Decoder
Event: 15.645 Loading class sun/nio/cs/ISO_8859_1$Decoder done
Event: 16.383 Loading class java/lang/invoke/MethodHandleImpl$CountingWrapper$1
Event: 16.383 Loading class java/lang/invoke/MethodHandleImpl$CountingWrapper$1 done
Event: 16.570 Loading class java/util/stream/ReduceOps$4
Event: 16.570 Loading class java/util/stream/ReduceOps$4 done
Event: 16.570 Loading class java/util/stream/ReduceOps$4ReducingSink
Event: 16.570 Loading class java/util/stream/ReduceOps$4ReducingSink done
Event: 16.827 Loading class java/util/stream/ReduceOps$5
Event: 16.827 Loading class java/util/stream/ReduceOps$5 done
Event: 16.827 Loading class java/util/stream/ReduceOps$CountingSink$OfRef
Event: 16.828 Loading class java/util/stream/ReduceOps$CountingSink
Event: 16.828 Loading class java/util/stream/ReduceOps$CountingSink done
Event: 16.829 Loading class java/util/stream/ReduceOps$CountingSink$OfRef done
Event: 17.073 Loading class java/util/stream/ReduceOps$1
Event: 17.074 Loading class java/util/stream/ReduceOps$1 done
Event: 17.074 Loading class java/util/stream/ReduceOps$1ReducingSink
Event: 17.074 Loading class java/util/stream/ReduceOps$1ReducingSink done

Classes unloaded (11 events):
Event: 4.071 Thread 0x00000232f035eac0 Unloading class 0x00000232901ab400 'java/lang/invoke/LambdaForm$MH+0x00000232901ab400'
Event: 4.071 Thread 0x00000232f035eac0 Unloading class 0x00000232901ab000 'java/lang/invoke/LambdaForm$MH+0x00000232901ab000'
Event: 4.071 Thread 0x00000232f035eac0 Unloading class 0x00000232901aac00 'java/lang/invoke/LambdaForm$MH+0x00000232901aac00'
Event: 4.071 Thread 0x00000232f035eac0 Unloading class 0x00000232901aa800 'java/lang/invoke/LambdaForm$MH+0x00000232901aa800'
Event: 4.071 Thread 0x00000232f035eac0 Unloading class 0x00000232901aa400 'java/lang/invoke/LambdaForm$BMH+0x00000232901aa400'
Event: 4.071 Thread 0x00000232f035eac0 Unloading class 0x00000232901aa000 'java/lang/invoke/LambdaForm$DMH+0x00000232901aa000'
Event: 4.071 Thread 0x00000232f035eac0 Unloading class 0x00000232901a8c00 'java/lang/invoke/LambdaForm$DMH+0x00000232901a8c00'
Event: 15.485 Thread 0x00000232f035eac0 Unloading class 0x00000232906f5000 'java/lang/invoke/LambdaForm$DMH+0x00000232906f5000'
Event: 15.485 Thread 0x00000232f035eac0 Unloading class 0x00000232906f4c00 'java/lang/invoke/LambdaForm$DMH+0x00000232906f4c00'
Event: 15.485 Thread 0x00000232f035eac0 Unloading class 0x00000232906f4800 'java/lang/invoke/LambdaForm$DMH+0x00000232906f4800'
Event: 15.485 Thread 0x00000232f035eac0 Unloading class 0x00000232906f4000 'java/lang/invoke/LambdaForm$DMH+0x00000232906f4000'

Classes redefined (0 events):
No events

Internal exceptions (20 events):
Event: 15.246 Thread 0x00000232fee0cd30 Exception <a 'java/lang/NoSuchMethodError'{0x00000000d65efc08}: 'void java.lang.invoke.DirectMethodHandle$Holder.invokeInterface(java.lang.Object, java.lang.Object)'> (0x00000000d65efc08) 
thrown [s\src\hotspot\share\interpreter\linkResolver.cpp, line 773]
Event: 15.888 Thread 0x00000232fee0ee00 Implicit null exception at 0x0000023287ddd4a1 to 0x0000023287ddd7b4
Event: 16.124 Thread 0x00000232fee0cd30 Exception <a 'sun/nio/fs/WindowsException'{0x00000000d587f420}> (0x00000000d587f420) 
thrown [s\src\hotspot\share\prims\jni.cpp, line 520]
Event: 16.124 Thread 0x00000232fee0cd30 Exception <a 'sun/nio/fs/WindowsException'{0x00000000d587fae0}> (0x00000000d587fae0) 
thrown [s\src\hotspot\share\prims\jni.cpp, line 520]
Event: 16.576 Thread 0x00000232fee0ee00 Exception <a 'java/lang/NoSuchMethodError'{0x00000000d5933a00}: 'int java.lang.invoke.DirectMethodHandle$Holder.invokeSpecialIFC(java.lang.Object, java.lang.Object, java.lang.Object)'> (0x00000000d5933a00) 
thrown [s\src\hotspot\share\interpreter\linkResolver.cpp, line 773]
Event: 16.733 Thread 0x00000232fee0ee00 Implicit null exception at 0x0000023287e6d524 to 0x0000023287e6d5fa
Event: 16.745 Thread 0x00000232ff40a710 Exception <a 'sun/nio/fs/WindowsException'{0x00000000d5f6fc58}> (0x00000000d5f6fc58) 
thrown [s\src\hotspot\share\prims\jni.cpp, line 520]
Event: 16.745 Thread 0x00000232ff40a710 Exception <a 'sun/nio/fs/WindowsException'{0x00000000d5f705e8}> (0x00000000d5f705e8) 
thrown [s\src\hotspot\share\prims\jni.cpp, line 520]
Event: 16.747 Thread 0x00000232ff40a710 Exception <a 'sun/nio/fs/WindowsException'{0x00000000d5f71518}> (0x00000000d5f71518) 
thrown [s\src\hotspot\share\prims\jni.cpp, line 520]
Event: 16.748 Thread 0x00000232ff40a710 Exception <a 'sun/nio/fs/WindowsException'{0x00000000d5f71e88}> (0x00000000d5f71e88) 
thrown [s\src\hotspot\share\prims\jni.cpp, line 520]
Event: 16.749 Thread 0x00000232ff40a710 Exception <a 'sun/nio/fs/WindowsException'{0x00000000d60234d8}> (0x00000000d60234d8) 
thrown [s\src\hotspot\share\prims\jni.cpp, line 520]
Event: 16.749 Thread 0x00000232ff40a710 Exception <a 'sun/nio/fs/WindowsException'{0x00000000d6023e48}> (0x00000000d6023e48) 
thrown [s\src\hotspot\share\prims\jni.cpp, line 520]
Event: 16.754 Thread 0x00000232ff40a710 Exception <a 'sun/nio/fs/WindowsException'{0x00000000d60e65a0}> (0x00000000d60e65a0) 
thrown [s\src\hotspot\share\prims\jni.cpp, line 520]
Event: 16.754 Thread 0x00000232ff40a710 Exception <a 'sun/nio/fs/WindowsException'{0x00000000d60e6f10}> (0x00000000d60e6f10) 
thrown [s\src\hotspot\share\prims\jni.cpp, line 520]
Event: 16.831 Thread 0x00000232fee0cd30 Exception <a 'sun/nio/fs/WindowsException'{0x00000000d5df8b30}> (0x00000000d5df8b30) 
thrown [s\src\hotspot\share\prims\jni.cpp, line 520]
Event: 16.831 Thread 0x00000232fee0cd30 Exception <a 'sun/nio/fs/WindowsException'{0x00000000d5df91f0}> (0x00000000d5df91f0) 
thrown [s\src\hotspot\share\prims\jni.cpp, line 520]
Event: 17.223 Thread 0x00000232fee0ee00 Exception <a 'java/lang/NoSuchMethodError'{0x00000000d61d39b0}: 'java.lang.Object java.lang.invoke.DirectMethodHandle$Holder.invokeStatic(java.lang.Object, java.lang.Object, int, java.lang.Object, java.lang.Object)'> (0x00000000d61d39b0) 
thrown [s\src\hotspot\share\interpreter\linkResolver.cpp, line 773]
Event: 17.456 Thread 0x00000232fee0ee00 Exception <a 'java/io/FileNotFoundException'{0x00000000d5a30418}> (0x00000000d5a30418) 
thrown [s\src\hotspot\share\prims\jni.cpp, line 520]
Event: 17.456 Thread 0x00000232fee0ee00 Exception <a 'java/io/FileNotFoundException'{0x00000000d5a31500}> (0x00000000d5a31500) 
thrown [s\src\hotspot\share\prims\jni.cpp, line 520]
Event: 17.457 Thread 0x00000232fee0ee00 Exception <a 'java/io/FileNotFoundException'{0x00000000d5a32268}> (0x00000000d5a32268) 
thrown [s\src\hotspot\share\prims\jni.cpp, line 520]

ZGC Phase Switch (0 events):
No events

VM Operations (20 events):
Event: 16.774 Executing VM operation: ParallelGCFailedAllocation (Allocation Failure)
Event: 16.777 Executing VM operation: ParallelGCFailedAllocation (Allocation Failure) done
Event: 16.903 Executing VM operation: ParallelGCFailedAllocation (Allocation Failure)
Event: 16.905 Executing VM operation: ParallelGCFailedAllocation (Allocation Failure) done
Event: 17.285 Executing VM operation: HandshakeAllThreads (Deoptimize)
Event: 17.285 Executing VM operation: HandshakeAllThreads (Deoptimize) done
Event: 17.297 Executing VM operation: ParallelGCFailedAllocation (Allocation Failure)
Event: 17.303 Executing VM operation: ParallelGCFailedAllocation (Allocation Failure) done
Event: 17.439 Executing VM operation: HandshakeAllThreads (Deoptimize)
Event: 17.439 Executing VM operation: HandshakeAllThreads (Deoptimize) done
Event: 17.595 Executing VM operation: ParallelGCFailedAllocation (Allocation Failure)
Event: 17.598 Executing VM operation: ParallelGCFailedAllocation (Allocation Failure) done
Event: 17.896 Executing VM operation: ParallelGCFailedAllocation (Allocation Failure)
Event: 17.900 Executing VM operation: ParallelGCFailedAllocation (Allocation Failure) done
Event: 18.118 Executing VM operation: ParallelGCFailedAllocation (Allocation Failure)
Event: 18.121 Executing VM operation: ParallelGCFailedAllocation (Allocation Failure) done
Event: 18.319 Executing VM operation: ParallelGCFailedAllocation (Allocation Failure)
Event: 18.322 Executing VM operation: ParallelGCFailedAllocation (Allocation Failure) done
Event: 19.323 Executing VM operation: Cleanup
Event: 19.323 Executing VM operation: Cleanup done

Memory protections (0 events):
No events

Nmethod flushes (20 events):
Event: 15.516 Thread 0x00000232f035eac0 flushing  nmethod 0x0000023280783a90
Event: 15.516 Thread 0x00000232f035eac0 flushing  nmethod 0x0000023280784d10
Event: 15.516 Thread 0x00000232f035eac0 flushing  nmethod 0x00000232807aa510
Event: 15.516 Thread 0x00000232f035eac0 flushing osr nmethod 0x00000232807b4410
Event: 15.516 Thread 0x00000232f035eac0 flushing osr nmethod 0x00000232807b6110
Event: 15.516 Thread 0x00000232f035eac0 flushing osr nmethod 0x00000232807fd690
Event: 15.516 Thread 0x00000232f035eac0 flushing  nmethod 0x000002328081ac90
Event: 15.516 Thread 0x00000232f035eac0 flushing  nmethod 0x0000023280824f10
Event: 15.516 Thread 0x00000232f035eac0 flushing  nmethod 0x0000023280828790
Event: 15.516 Thread 0x00000232f035eac0 flushing  nmethod 0x000002328083e710
Event: 15.516 Thread 0x00000232f035eac0 flushing  nmethod 0x000002328083ee10
Event: 15.516 Thread 0x00000232f035eac0 flushing  nmethod 0x000002328083f410
Event: 15.516 Thread 0x00000232f035eac0 flushing  nmethod 0x000002328083fc90
Event: 15.516 Thread 0x00000232f035eac0 flushing  nmethod 0x0000023280841a90
Event: 15.516 Thread 0x00000232f035eac0 flushing  nmethod 0x000002328084c810
Event: 15.516 Thread 0x00000232f035eac0 flushing  nmethod 0x0000023280851590
Event: 15.516 Thread 0x00000232f035eac0 flushing  nmethod 0x0000023280865610
Event: 15.516 Thread 0x00000232f035eac0 flushing  nmethod 0x0000023280886d90
Event: 15.516 Thread 0x00000232f035eac0 flushing  nmethod 0x00000232808b6c10
Event: 15.516 Thread 0x00000232f035eac0 flushing  nmethod 0x00000232808dc090

Events (20 events):
Event: 5.925 Thread 0x00000232ff407fb0 Thread added: 0x00000232ff40ada0
Event: 5.926 Thread 0x00000232ff4099f0 Thread added: 0x00000232ff40a080
Event: 5.926 Thread 0x00000232ff40ada0 Thread added: 0x00000232ff40b430
Event: 5.926 Thread 0x00000232ff40b430 Thread added: 0x00000232ff40bac0
Event: 5.927 Thread 0x00000232ff40a080 Thread added: 0x00000232ff408640
Event: 5.927 Thread 0x00000232ff40bac0 Thread added: 0x00000232ff40a710
Event: 9.350 Thread 0x00000232d08c3de0 Thread exited: 0x00000232d08c3de0
Event: 10.808 Thread 0x00000232f037e710 Thread added: 0x00000232d1e18c50
Event: 12.870 Thread 0x00000232d1e18c50 Thread exited: 0x00000232d1e18c50
Event: 12.955 Thread 0x00000232f8fb3380 Thread added: 0x00000232d1e18c50
Event: 15.263 Thread 0x00000232fee0cd30 Thread added: 0x00000232ff40d500
Event: 15.263 Thread 0x00000232fee0cd30 Thread added: 0x00000232ff40db90
Event: 15.263 Thread 0x00000232fee0cd30 Thread added: 0x00000232ff40e220
Event: 15.263 Thread 0x00000232fee0cd30 Thread added: 0x00000232ff40e8b0
Event: 15.264 Thread 0x00000232fee0cd30 Thread added: 0x00000232ff40ce70
Event: 15.782 Thread 0x00000232ff40d500 Thread exited: 0x00000232ff40d500
Event: 15.782 Thread 0x00000232ff40e8b0 Thread exited: 0x00000232ff40e8b0
Event: 15.782 Thread 0x00000232ff40e220 Thread exited: 0x00000232ff40e220
Event: 15.782 Thread 0x00000232ff40db90 Thread exited: 0x00000232ff40db90
Event: 15.783 Thread 0x00000232ff40ce70 Thread exited: 0x00000232ff40ce70


Dynamic libraries:
0x00007ff7f1bd0000 - 0x00007ff7f1bde000 	c:\Users\alifs\.vscode\extensions\redhat.java-1.46.0-win32-x64\jre\21.0.8-win32-x86_64\bin\java.exe
0x00007ffb21740000 - 0x00007ffb219a9000 	C:\WINDOWS\SYSTEM32\ntdll.dll
0x00007ffb1ff00000 - 0x00007ffb1ffc9000 	C:\WINDOWS\System32\KERNEL32.DLL
0x00007ffb1ee50000 - 0x00007ffb1f243000 	C:\WINDOWS\System32\KERNELBASE.dll
0x00007ffb1ead0000 - 0x00007ffb1ec1b000 	C:\WINDOWS\System32\ucrtbase.dll
0x00007ffaf6b90000 - 0x00007ffaf6ba8000 	c:\Users\alifs\.vscode\extensions\redhat.java-1.46.0-win32-x64\jre\21.0.8-win32-x86_64\bin\jli.dll
0x00007ffaf6de0000 - 0x00007ffaf6dfe000 	c:\Users\alifs\.vscode\extensions\redhat.java-1.46.0-win32-x64\jre\21.0.8-win32-x86_64\bin\VCRUNTIME140.dll
0x00007ffb20a00000 - 0x00007ffb20bc4000 	C:\WINDOWS\System32\USER32.dll
0x00007ffb1eaa0000 - 0x00007ffb1eac7000 	C:\WINDOWS\System32\win32u.dll
0x00007ffafcde0000 - 0x00007ffafd073000 	C:\WINDOWS\WinSxS\amd64_microsoft.windows.common-controls_6595b64144ccf1df_6.0.26100.5074_none_3e0d6f78e32fd63f\COMCTL32.dll
0x00007ffb21690000 - 0x00007ffb216bb000 	C:\WINDOWS\System32\GDI32.dll
0x00007ffb1f9f0000 - 0x00007ffb1fa99000 	C:\WINDOWS\System32\msvcrt.dll
0x00007ffb1e8d0000 - 0x00007ffb1e9fd000 	C:\WINDOWS\System32\gdi32full.dll
0x00007ffb1f3d0000 - 0x00007ffb1f473000 	C:\WINDOWS\System32\msvcp_win.dll
0x00007ffb216c0000 - 0x00007ffb216ef000 	C:\WINDOWS\System32\IMM32.DLL
0x00007ffb1ba50000 - 0x00007ffb1ba5c000 	c:\Users\alifs\.vscode\extensions\redhat.java-1.46.0-win32-x64\jre\21.0.8-win32-x86_64\bin\vcruntime140_1.dll
0x00007ffae0890000 - 0x00007ffae091d000 	c:\Users\alifs\.vscode\extensions\redhat.java-1.46.0-win32-x64\jre\21.0.8-win32-x86_64\bin\msvcp140.dll
0x00007ffa27b50000 - 0x00007ffa288e7000 	c:\Users\alifs\.vscode\extensions\redhat.java-1.46.0-win32-x64\jre\21.0.8-win32-x86_64\bin\server\jvm.dll
0x00007ffb20920000 - 0x00007ffb209d4000 	C:\WINDOWS\System32\ADVAPI32.dll
0x00007ffb207f0000 - 0x00007ffb20896000 	C:\WINDOWS\System32\sechost.dll
0x00007ffb1fdd0000 - 0x00007ffb1fee8000 	C:\WINDOWS\System32\RPCRT4.dll
0x00007ffb21610000 - 0x00007ffb21684000 	C:\WINDOWS\System32\WS2_32.dll
0x00007ffb1e730000 - 0x00007ffb1e78e000 	C:\WINDOWS\SYSTEM32\POWRPROF.dll
0x00007ffb16630000 - 0x00007ffb16665000 	C:\WINDOWS\SYSTEM32\WINMM.dll
0x00007ffb172a0000 - 0x00007ffb172ab000 	C:\WINDOWS\SYSTEM32\VERSION.dll
0x00007ffb1e710000 - 0x00007ffb1e724000 	C:\WINDOWS\SYSTEM32\UMPDC.dll
0x00007ffb1d6b0000 - 0x00007ffb1d6cb000 	C:\WINDOWS\SYSTEM32\kernel.appcore.dll
0x00007ffb0dfc0000 - 0x00007ffb0dfca000 	c:\Users\alifs\.vscode\extensions\redhat.java-1.46.0-win32-x64\jre\21.0.8-win32-x86_64\bin\jimage.dll
0x00007ffb111c0000 - 0x00007ffb11402000 	C:\WINDOWS\SYSTEM32\DBGHELP.DLL
0x00007ffb1f510000 - 0x00007ffb1f88b000 	C:\WINDOWS\System32\combase.dll
0x00007ffb1fb60000 - 0x00007ffb1fc37000 	C:\WINDOWS\System32\OLEAUT32.dll
0x00007ffafd770000 - 0x00007ffafd7ad000 	C:\WINDOWS\SYSTEM32\dbgcore.DLL
0x00007ffb1ea00000 - 0x00007ffb1ea99000 	C:\WINDOWS\System32\bcryptPrimitives.dll
0x00007ffb18bf0000 - 0x00007ffb18bff000 	c:\Users\alifs\.vscode\extensions\redhat.java-1.46.0-win32-x64\jre\21.0.8-win32-x86_64\bin\instrument.dll
0x00007ffaf56e0000 - 0x00007ffaf56ff000 	c:\Users\alifs\.vscode\extensions\redhat.java-1.46.0-win32-x64\jre\21.0.8-win32-x86_64\bin\java.dll
0x00007ffb20c50000 - 0x00007ffb2139d000 	C:\WINDOWS\System32\SHELL32.dll
0x00007ffb1ec20000 - 0x00007ffb1ed8c000 	C:\WINDOWS\System32\wintypes.dll
0x00007ffb1c500000 - 0x00007ffb1cd59000 	C:\WINDOWS\SYSTEM32\windows.storage.dll
0x00007ffb1fcd0000 - 0x00007ffb1fdc0000 	C:\WINDOWS\System32\SHCORE.dll
0x00007ffb1faa0000 - 0x00007ffb1fb02000 	C:\WINDOWS\System32\shlwapi.dll
0x00007ffb1e7f0000 - 0x00007ffb1e819000 	C:\WINDOWS\SYSTEM32\profapi.dll
0x00007ffaf4d40000 - 0x00007ffaf4d58000 	c:\Users\alifs\.vscode\extensions\redhat.java-1.46.0-win32-x64\jre\21.0.8-win32-x86_64\bin\zip.dll
0x00007ffb0d0e0000 - 0x00007ffb0d0f0000 	C:\Users\alifs\.vscode\extensions\redhat.java-1.46.0-win32-x64\jre\21.0.8-win32-x86_64\bin\net.dll
0x00007ffb17a30000 - 0x00007ffb17b4f000 	C:\WINDOWS\SYSTEM32\WINHTTP.dll
0x00007ffb1dc30000 - 0x00007ffb1dc9b000 	C:\WINDOWS\system32\mswsock.dll
0x00007ffaf6aa0000 - 0x00007ffaf6ab6000 	C:\Users\alifs\.vscode\extensions\redhat.java-1.46.0-win32-x64\jre\21.0.8-win32-x86_64\bin\nio.dll
0x00007ffb0dfa0000 - 0x00007ffb0dfb0000 	c:\Users\alifs\.vscode\extensions\redhat.java-1.46.0-win32-x64\jre\21.0.8-win32-x86_64\bin\verify.dll
0x00007ffafe1a0000 - 0x00007ffafe1e4000 	C:\Users\alifs\AppData\Roaming\Code\User\globalStorage\redhat.java\1.46.0\config_win\org.eclipse.equinox.launcher\org.eclipse.equinox.launcher.win32.win32.x86_64_1.2.1400.v20250801-0854\eclipse_11916.dll
0x00007ffb20000000 - 0x00007ffb20198000 	C:\WINDOWS\System32\ole32.dll
0x00007ffb1ded0000 - 0x00007ffb1deeb000 	C:\WINDOWS\SYSTEM32\CRYPTSP.dll
0x00007ffb1d610000 - 0x00007ffb1d64b000 	C:\WINDOWS\system32\rsaenh.dll
0x00007ffb1dcd0000 - 0x00007ffb1dcfb000 	C:\WINDOWS\SYSTEM32\USERENV.dll
0x00007ffb1e7c0000 - 0x00007ffb1e7e6000 	C:\WINDOWS\SYSTEM32\bcrypt.dll
0x00007ffb1def0000 - 0x00007ffb1defc000 	C:\WINDOWS\SYSTEM32\CRYPTBASE.dll
0x00007ffb1d0d0000 - 0x00007ffb1d104000 	C:\WINDOWS\SYSTEM32\IPHLPAPI.DLL
0x00007ffb209f0000 - 0x00007ffb209fa000 	C:\WINDOWS\System32\NSI.dll
0x00007ffae93e0000 - 0x00007ffae9429000 	C:\Users\alifs\AppData\Local\Temp\jna-92903147\jna15223244569395008181.dll
0x00007ffb1fef0000 - 0x00007ffb1fef8000 	C:\WINDOWS\System32\PSAPI.DLL
0x00007ffb18d60000 - 0x00007ffb18d7e000 	C:\WINDOWS\SYSTEM32\dhcpcsvc6.DLL
0x00007ffb18b60000 - 0x00007ffb18b83000 	C:\WINDOWS\SYSTEM32\dhcpcsvc.DLL

JVMTI agents:
c:\Users\alifs\.vscode\extensions\redhat.java-1.46.0-win32-x64\lombok\lombok-1.18.39-4050.jar path:c:\Users\alifs\.vscode\extensions\redhat.java-1.46.0-win32-x64\jre\21.0.8-win32-x86_64\bin\instrument.dll, loaded, initialized, instrumentlib options:none

dbghelp: loaded successfully - version: 4.0.5 - missing functions: none
symbol engine: initialized successfully - sym options: 0x614 - pdb path: .;c:\Users\alifs\.vscode\extensions\redhat.java-1.46.0-win32-x64\jre\21.0.8-win32-x86_64\bin;C:\WINDOWS\SYSTEM32;C:\WINDOWS\WinSxS\amd64_microsoft.windows.common-controls_6595b64144ccf1df_6.0.26100.5074_none_3e0d6f78e32fd63f;c:\Users\alifs\.vscode\extensions\redhat.java-1.46.0-win32-x64\jre\21.0.8-win32-x86_64\bin\server;C:\Users\alifs\AppData\Roaming\Code\User\globalStorage\redhat.java\1.46.0\config_win\org.eclipse.equinox.launcher\org.eclipse.equinox.launcher.win32.win32.x86_64_1.2.1400.v20250801-0854;C:\Users\alifs\AppData\Local\Temp\jna-92903147

VM Arguments:
jvm_args: --add-modules=ALL-SYSTEM --add-opens=java.base/java.util=ALL-UNNAMED --add-opens=java.base/java.lang=ALL-UNNAMED --add-opens=java.base/sun.nio.fs=ALL-UNNAMED -Declipse.application=org.eclipse.jdt.ls.core.id1 -Dosgi.bundles.defaultStartLevel=4 -Declipse.product=org.eclipse.jdt.ls.core.product -Djava.import.generatesMetadataFilesAtProjectRoot=false -DDetectVMInstallationsJob.disabled=true -Dfile.encoding=utf8 -XX:+UseParallelGC -XX:GCTimeRatio=4 -XX:AdaptiveSizePolicyWeight=90 -Dsun.zip.disableMemoryMapping=true -Xmx2G -Xms100m -Xlog:disable -javaagent:c:\Users\alifs\.vscode\extensions\redhat.java-1.46.0-win32-x64\lombok\lombok-1.18.39-4050.jar -XX:+HeapDumpOnOutOfMemoryError -XX:HeapDumpPath=c:\Users\alifs\AppData\Roaming\Code\User\workspaceStorage\b58b63099126c7551d0743b44b78206b\redhat.java -Daether.dependencyCollector.impl=bf 
java_command: c:\Users\alifs\.vscode\extensions\redhat.java-1.46.0-win32-x64\server\plugins\org.eclipse.equinox.launcher_1.7.0.v20250519-0528.jar -configuration c:\Users\alifs\AppData\Roaming\Code\User\globalStorage\redhat.java\1.46.0\config_win -data c:\Users\alifs\AppData\Roaming\Code\User\workspaceStorage\b58b63099126c7551d0743b44b78206b\redhat.java\jdt_ws --pipe=\\.\pipe\lsp-3502b504928480f0541a9d731fa91903-sock
java_class_path (initial): c:\Users\alifs\.vscode\extensions\redhat.java-1.46.0-win32-x64\server\plugins\org.eclipse.equinox.launcher_1.7.0.v20250519-0528.jar
Launcher Type: SUN_STANDARD

[Global flags]
    uintx AdaptiveSizePolicyWeight                 = 90                                        {product} {command line}
     intx CICompilerCount                          = 4                                         {product} {ergonomic}
    uintx GCTimeRatio                              = 4                                         {product} {command line}
     bool HeapDumpOnOutOfMemoryError               = true                                   {manageable} {command line}
    ccstr HeapDumpPath                             = c:\Users\alifs\AppData\Roaming\Code\User\workspaceStorage\b58b63099126c7551d0743b44b78206b\redhat.java         {manageable} {command line}
   size_t InitialHeapSize                          = 104857600                                 {product} {command line}
   size_t MaxHeapSize                              = 2147483648                                {product} {command line}
   size_t MaxNewSize                               = 715653120                                 {product} {ergonomic}
   size_t MinHeapDeltaBytes                        = 524288                                    {product} {ergonomic}
   size_t MinHeapSize                              = 104857600                                 {product} {command line}
   size_t NewSize                                  = 34603008                                  {product} {ergonomic}
    uintx NonNMethodCodeHeapSize                   = 5839372                                {pd product} {ergonomic}
    uintx NonProfiledCodeHeapSize                  = 122909434                              {pd product} {ergonomic}
   size_t OldSize                                  = 70254592                                  {product} {ergonomic}
    uintx ProfiledCodeHeapSize                     = 122909434                              {pd product} {ergonomic}
    uintx ReservedCodeCacheSize                    = 251658240                              {pd product} {ergonomic}
     bool SegmentedCodeCache                       = true                                      {product} {ergonomic}
   size_t SoftMaxHeapSize                          = 2147483648                             {manageable} {ergonomic}
     bool UseCompressedOops                        = true                           {product lp64_product} {ergonomic}
     bool UseLargePagesIndividualAllocation        = false                                  {pd product} {ergonomic}
     bool UseParallelGC                            = true                                      {product} {command line}

Logging:
Log output configuration:
 #0: stdout all=off uptime,level,tags foldmultilines=false
 #1: stderr all=off uptime,level,tags foldmultilines=false

Environment Variables:
JAVA_HOME=C:\Program Files\Amazon Corretto\jdk17.0.16_8
PATH=C:\Program Files\Amazon Corretto\jdk17.0.16_8\bin;C:\Program Files\Amazon Corretto\jdk11.0.28_6\bin;C:\Program Files\Python313\Scripts\;C:\Program Files\Python313\;C:\windows\system32;C:\windows;C:\windows\System32\Wbem;C:\windows\System32\WindowsPowerShell\v1.0\;C:\windows\System32\OpenSSH\;C:\Program Files (x86)\NVIDIA Corporation\PhysX\Common;C:\Users\Administrator\AppData\Local\Microsoft\WindowsApps;C:\Program Files\HP\OMEN-Broadcast\Common;C:\MinGW\bin;C:\Program Files\HP\HP One Agent;C:\Program Files\Git\cmd;C:\Program Files\Git\mingw64\bin;C:\Program Files\Git\usr\bin;C:\Program Files\Microsoft SQL Server\150\Tools\Binn\;C:\Program Files\Microsoft SQL Server\Client SDK\ODBC\170\Tools\Binn\;C:\Program Files\dotnet\;C:\Program Files\NVIDIA Corporation\NVIDIA app\NvDLISR;C:\WINDOWS\system32;C:\WINDOWS;C:\WINDOWS\System32\Wbem;C:\WINDOWS\System32\WindowsPowerShell\v1.0\;C:\WINDOWS\System32\OpenSSH\;C:\Program Files (x86)\Microsoft SQL Server\160\Tools\Binn\;C:\Program Files\Microsoft SQL Server\160\Tools\Binn\;C:\Program Files\Microsoft SQL Server\160\DTS\Binn\;C:\Program Files (x86)\Microsoft SQL Server\160\DTS\Binn\;C:\Program Files\Azure Data Studio\bin;C:\Program Files\nodejs\;C:\Program Files (x86)\dotnet\;C:\Program Files\Cloudflare\Cloudflare WARP\;C:\Program Files\MySQL\MySQL Shell 8.0\bin\;C:\Users\alifs\AppData\Local\Microsoft\WindowsApps;C:\Users\alifs\AppData\Local\Programs\Microsoft VS Code\bin;C:\Users\alifs\.dotnet\tools;;C:\Program Files\Azure Data Studio\bin;C:\Users\alifs\AppData\Roaming\npm;C:\maven\apache-maven-3.9.4\bin
USERNAME=alifs
OS=Windows_NT
PROCESSOR_IDENTIFIER=AMD64 Family 25 Model 68 Stepping 1, AuthenticAMD
TMP=C:\Users\alifs\AppData\Local\Temp
TEMP=C:\Users\alifs\AppData\Local\Temp




Periodic native trim disabled

---------------  S Y S T E M  ---------------

OS:
 Windows 11 , 64 bit Build 26100 (10.0.26100.5074)
OS uptime: 11 days 16:05 hours
Hyper-V role detected

CPU: total 12 (initial active 12) (12 cores per cpu, 2 threads per core) family 25 model 68 stepping 1 microcode 0xa404107, cx8, cmov, fxsr, ht, mmx, 3dnowpref, sse, sse2, sse3, ssse3, sse4a, sse4.1, sse4.2, popcnt, lzcnt, tsc, tscinvbit, avx, avx2, aes, erms, clmul, bmi1, bmi2, adx, sha, fma, vzeroupper, clflush, clflushopt, hv, rdtscp, rdpid, fsrm, f16c, cet_ss
Processor Information for processor 0
  Max Mhz: 3301, Current Mhz: 2024, Mhz Limit: 3301
Processor Information for processor 1
  Max Mhz: 3301, Current Mhz: 2024, Mhz Limit: 3301
Processor Information for processor 2
  Max Mhz: 3301, Current Mhz: 2024, Mhz Limit: 3301
Processor Information for processor 3
  Max Mhz: 3301, Current Mhz: 2024, Mhz Limit: 3301
Processor Information for processor 4
  Max Mhz: 3301, Current Mhz: 2496, Mhz Limit: 3301
Processor Information for processor 5
  Max Mhz: 3301, Current Mhz: 2024, Mhz Limit: 3301
Processor Information for processor 6
  Max Mhz: 3301, Current Mhz: 2024, Mhz Limit: 3301
Processor Information for processor 7
  Max Mhz: 3301, Current Mhz: 2024, Mhz Limit: 3301
Processor Information for processor 8
  Max Mhz: 3301, Current Mhz: 2024, Mhz Limit: 3301
Processor Information for processor 9
  Max Mhz: 3301, Current Mhz: 2024, Mhz Limit: 3301
Processor Information for processor 10
  Max Mhz: 3301, Current Mhz: 2024, Mhz Limit: 3301
Processor Information for processor 11
  Max Mhz: 3301, Current Mhz: 2024, Mhz Limit: 3301

Memory: 4k page, system-wide physical 5845M (467M free)
TotalPageFile size 24277M (AvailPageFile size 13M)
current process WorkingSet (physical memory assigned to process): 298M, peak: 302M
current process commit charge ("private bytes"): 395M, peak: 398M

vm_info: OpenJDK 64-Bit Server VM (21.0.8+9-LTS) for windows-amd64 JRE (21.0.8+9-LTS), built on 2025-07-15T00:00:00Z by "admin" with MS VC++ 17.7 (VS2022)

END.
