#
# There is insufficient memory for the Java Runtime Environment to continue.
# Native memory allocation (malloc) failed to allocate 1048576 bytes. Error detail: AllocateHeap
# Possible reasons:
#   The system is out of physical RAM or swap space
#   This process is running with CompressedOops enabled, and the Java Heap may be blocking the growth of the native heap
# Possible solutions:
#   Reduce memory load on the system
#   Increase physical memory or swap space
#   Check if swap backing store is full
#   Decrease Java heap size (-Xmx/-Xms)
#   Decrease number of Java threads
#   Decrease Java thread stack sizes (-Xss)
#   Set larger code cache with -XX:ReservedCodeCacheSize=
#   JVM is running with Unscaled Compressed Oops mode in which the Java heap is
#     placed in the first 4GB address space. The Java Heap base address is the
#     maximum limit for the native heap growth. Please use -XX:HeapBaseMinAddress
#     to set the Java Heap base and to place the Java Heap above 4GB virtual address.
# This output file may be truncated or incomplete.
#
#  Out of Memory Error (allocation.cpp:44), pid=34204, tid=19592
#
# JRE version: OpenJDK Runtime Environment Temurin-21.0.8+9 (21.0.8+9) (build 21.0.8+9-LTS)
# Java VM: OpenJDK 64-Bit Server VM Temurin-21.0.8+9 (21.0.8+9-LTS, mixed mode, sharing, tiered, compressed oops, compressed class ptrs, parallel gc, windows-amd64)
# No core dump will be written. Minidumps are not enabled by default on client versions of Windows
#

---------------  S U M M A R Y ------------

Command Line: --add-modules=ALL-SYSTEM --add-opens=java.base/java.util=ALL-UNNAMED --add-opens=java.base/java.lang=ALL-UNNAMED --add-opens=java.base/sun.nio.fs=ALL-UNNAMED -Declipse.application=org.eclipse.jdt.ls.core.id1 -Dosgi.bundles.defaultStartLevel=4 -Declipse.product=org.eclipse.jdt.ls.core.product -Djava.import.generatesMetadataFilesAtProjectRoot=false -DDetectVMInstallationsJob.disabled=true -Dfile.encoding=utf8 -XX:+UseParallelGC -XX:GCTimeRatio=4 -XX:AdaptiveSizePolicyWeight=90 -Dsun.zip.disableMemoryMapping=true -Xmx2G -Xms100m -Xlog:disable -javaagent:c:\Users\alifs\.vscode\extensions\redhat.java-1.46.0-win32-x64\lombok\lombok-1.18.39-4050.jar -XX:+HeapDumpOnOutOfMemoryError -XX:HeapDumpPath=c:\Users\alifs\AppData\Roaming\Code\User\workspaceStorage\b58b63099126c7551d0743b44b78206b\redhat.java -Daether.dependencyCollector.impl=bf c:\Users\alifs\.vscode\extensions\redhat.java-1.46.0-win32-x64\server\plugins\org.eclipse.equinox.launcher_1.7.0.v20250519-0528.jar -configuration c:\Users\alifs\AppData\Roaming\Code\User\globalStorage\redhat.java\1.46.0\config_win -data c:\Users\alifs\AppData\Roaming\Code\User\workspaceStorage\b58b63099126c7551d0743b44b78206b\redhat.java\jdt_ws --pipe=\\.\pipe\lsp-bdabd8447b3329267ac8e5c3f97dd3b9-sock

Host: AMD Ryzen 5 7535HS with Radeon Graphics        , 12 cores, 5G,  Windows 11 , 64 bit Build 26100 (10.0.26100.5074)
Time: Sun Oct  5 20:01:01 2025 Bangladesh Standard Time elapsed time: 2709.280813 seconds (0d 0h 45m 9s)

---------------  T H R E A D  ---------------

Current thread (0x000001e670c0f740):  JavaThread "Attach Listener" daemon [_thread_in_vm, id=19592, stack(0x0000003cc8400000,0x0000003cc8500000) (1024K)]

Stack: [0x0000003cc8400000,0x0000003cc8500000]
Native frames: (J=compiled Java code, j=interpreted, Vv=VM code, C=native code)
V  [jvm.dll+0x6d2449]
V  [jvm.dll+0x8ae341]
V  [jvm.dll+0x8b08be]
V  [jvm.dll+0x8b0fa3]
V  [jvm.dll+0x280c96]
V  [jvm.dll+0xc0347]
V  [jvm.dll+0x6d2cf9]
V  [jvm.dll+0x131116]
V  [jvm.dll+0x3f2d16]
V  [jvm.dll+0x857e6b]
V  [jvm.dll+0x6d0b0d]
C  [ucrtbase.dll+0x37b0]
C  [KERNEL32.DLL+0x2e8d7]
C  [ntdll.dll+0x8d9c]


---------------  P R O C E S S  ---------------

Threads class SMR info:
_java_thread_list=0x000001e650a0ffe0, length=38, elements={
0x000001e66e8bc860, 0x000001e670c094c0, 0x000001e670c0ab00, 0x000001e670c0cae0,
0x000001e670c0f740, 0x000001e670c10d80, 0x000001e670c14300, 0x000001e6799b24d0,
0x000001e670c1cdb0, 0x000001e670bce360, 0x000001e679cff3a0, 0x000001e67f61f500,
0x000001e67f416160, 0x000001e679a36fa0, 0x000001e67f1d04d0, 0x000001e67f126f80,
0x000001e67f3250a0, 0x000001e6502baa10, 0x000001e6502bbdc0, 0x000001e6502bc450,
0x000001e650ba2ab0, 0x000001e650ba37d0, 0x000001e650ba3140, 0x000001e650ba44f0,
0x000001e650ba3e60, 0x000001e650ba2420, 0x000001e650ba1070, 0x000001e650ba4b80,
0x000001e650ba1700, 0x000001e650ba5210, 0x000001e650ba1d90, 0x000001e650ba8000,
0x000001e650ba58a0, 0x000001e650ba65c0, 0x000001e650ba6c50, 0x000001e650ba5f30,
0x000001e65189a290, 0x000001e65189b640
}

Java Threads: ( => current thread )
  0x000001e66e8bc860 JavaThread "main"                              [_thread_blocked, id=15740, stack(0x0000003cc7d00000,0x0000003cc7e00000) (1024K)]
  0x000001e670c094c0 JavaThread "Reference Handler"          daemon [_thread_blocked, id=21076, stack(0x0000003cc8100000,0x0000003cc8200000) (1024K)]
  0x000001e670c0ab00 JavaThread "Finalizer"                  daemon [_thread_blocked, id=37688, stack(0x0000003cc8200000,0x0000003cc8300000) (1024K)]
  0x000001e670c0cae0 JavaThread "Signal Dispatcher"          daemon [_thread_blocked, id=12588, stack(0x0000003cc8300000,0x0000003cc8400000) (1024K)]
=>0x000001e670c0f740 JavaThread "Attach Listener"            daemon [_thread_in_vm, id=19592, stack(0x0000003cc8400000,0x0000003cc8500000) (1024K)]
  0x000001e670c10d80 JavaThread "Service Thread"             daemon [_thread_blocked, id=27588, stack(0x0000003cc8500000,0x0000003cc8600000) (1024K)]
  0x000001e670c14300 JavaThread "Monitor Deflation Thread"   daemon [_thread_blocked, id=8332, stack(0x0000003cc8600000,0x0000003cc8700000) (1024K)]
  0x000001e6799b24d0 JavaThread "C2 CompilerThread0"         daemon [_thread_blocked, id=30276, stack(0x0000003cc8700000,0x0000003cc8800000) (1024K)]
  0x000001e670c1cdb0 JavaThread "C1 CompilerThread0"         daemon [_thread_blocked, id=25912, stack(0x0000003cc8800000,0x0000003cc8900000) (1024K)]
  0x000001e670bce360 JavaThread "Common-Cleaner"             daemon [_thread_blocked, id=37228, stack(0x0000003cc8900000,0x0000003cc8a00000) (1024K)]
  0x000001e679cff3a0 JavaThread "Notification Thread"        daemon [_thread_blocked, id=29124, stack(0x0000003cc8a00000,0x0000003cc8b00000) (1024K)]
  0x000001e67f61f500 JavaThread "Active Thread: Equinox Container: f3544b86-4373-40d1-8a6d-6f93523bb33a"        [_thread_blocked, id=35256, stack(0x0000003cc9100000,0x0000003cc9200000) (1024K)]
  0x000001e67f416160 JavaThread "Refresh Thread: Equinox Container: f3544b86-4373-40d1-8a6d-6f93523bb33a" daemon [_thread_blocked, id=31384, stack(0x0000003cc9300000,0x0000003cc9400000) (1024K)]
  0x000001e679a36fa0 JavaThread "Framework Event Dispatcher: Equinox Container: f3544b86-4373-40d1-8a6d-6f93523bb33a" daemon [_thread_blocked, id=13808, stack(0x0000003cc9400000,0x0000003cc9500000) (1024K)]
  0x000001e67f1d04d0 JavaThread "Start Level: Equinox Container: f3544b86-4373-40d1-8a6d-6f93523bb33a" daemon [_thread_blocked, id=11252, stack(0x0000003cc9500000,0x0000003cc9600000) (1024K)]
  0x000001e67f126f80 JavaThread "Bundle File Closer"         daemon [_thread_blocked, id=11860, stack(0x0000003cc9800000,0x0000003cc9900000) (1024K)]
  0x000001e67f3250a0 JavaThread "SCR Component Actor"        daemon [_thread_blocked, id=16048, stack(0x0000003cc9900000,0x0000003cc9a00000) (1024K)]
  0x000001e6502baa10 JavaThread "Worker-JM"                         [_thread_blocked, id=37048, stack(0x0000003cc9a00000,0x0000003cc9b00000) (1024K)]
  0x000001e6502bbdc0 JavaThread "JNA Cleaner"                daemon [_thread_blocked, id=17740, stack(0x0000003cc9b00000,0x0000003cc9c00000) (1024K)]
  0x000001e6502bc450 JavaThread "Java indexing"              daemon [_thread_blocked, id=9240, stack(0x0000003cc9e00000,0x0000003cc9f00000) (1024K)]
  0x000001e650ba2ab0 JavaThread "Thread-1"                   daemon [_thread_in_native, id=35792, stack(0x0000003cca400000,0x0000003cca500000) (1024K)]
  0x000001e650ba37d0 JavaThread "Thread-2"                   daemon [_thread_in_native, id=34936, stack(0x0000003cca500000,0x0000003cca600000) (1024K)]
  0x000001e650ba3140 JavaThread "Thread-3"                   daemon [_thread_in_native, id=37068, stack(0x0000003cca600000,0x0000003cca700000) (1024K)]
  0x000001e650ba44f0 JavaThread "Thread-4"                   daemon [_thread_in_native, id=37352, stack(0x0000003cca700000,0x0000003cca800000) (1024K)]
  0x000001e650ba3e60 JavaThread "Thread-5"                   daemon [_thread_in_native, id=21600, stack(0x0000003cca800000,0x0000003cca900000) (1024K)]
  0x000001e650ba2420 JavaThread "Thread-6"                   daemon [_thread_in_native, id=35208, stack(0x0000003cca900000,0x0000003ccaa00000) (1024K)]
  0x000001e650ba1070 JavaThread "Thread-7"                   daemon [_thread_in_native, id=32836, stack(0x0000003ccaa00000,0x0000003ccab00000) (1024K)]
  0x000001e650ba4b80 JavaThread "Thread-8"                   daemon [_thread_in_native, id=31264, stack(0x0000003ccab00000,0x0000003ccac00000) (1024K)]
  0x000001e650ba1700 JavaThread "Thread-9"                   daemon [_thread_in_native, id=33152, stack(0x0000003ccac00000,0x0000003ccad00000) (1024K)]
  0x000001e650ba5210 JavaThread "Thread-10"                  daemon [_thread_in_native, id=26360, stack(0x0000003ccad00000,0x0000003ccae00000) (1024K)]
  0x000001e650ba1d90 JavaThread "Thread-11"                  daemon [_thread_in_native, id=12916, stack(0x0000003ccae00000,0x0000003ccaf00000) (1024K)]
  0x000001e650ba8000 JavaThread "Thread-12"                  daemon [_thread_in_native, id=6216, stack(0x0000003ccaf00000,0x0000003ccb000000) (1024K)]
  0x000001e650ba58a0 JavaThread "Thread-13"                  daemon [_thread_in_native, id=21960, stack(0x0000003ccb000000,0x0000003ccb100000) (1024K)]
  0x000001e650ba65c0 JavaThread "pool-2-thread-1"                   [_thread_blocked, id=17252, stack(0x0000003ccb100000,0x0000003ccb200000) (1024K)]
  0x000001e650ba6c50 JavaThread "WorkspaceEventsHandler"            [_thread_blocked, id=35488, stack(0x0000003ccb200000,0x0000003ccb300000) (1024K)]
  0x000001e650ba5f30 JavaThread "pool-1-thread-1"                   [_thread_blocked, id=21448, stack(0x0000003ccb300000,0x0000003ccb400000) (1024K)]
  0x000001e65189a290 JavaThread "Worker-16"                         [_thread_blocked, id=33688, stack(0x0000003cc7b00000,0x0000003cc7c00000) (1024K)]
  0x000001e65189b640 JavaThread "Worker-17"                         [_thread_blocked, id=37460, stack(0x0000003cc9c00000,0x0000003cc9d00000) (1024K)]
Total: 38

Other Threads:
  0x000001e6785e3520 VMThread "VM Thread"                           [id=25808, stack(0x0000003cc8000000,0x0000003cc8100000) (1024K)]
  0x000001e6784dca00 WatcherThread "VM Periodic Task Thread"        [id=4568, stack(0x0000003cc7f00000,0x0000003cc8000000) (1024K)]
  0x000001e670b7dec0 WorkerThread "GC Thread#0"                     [id=23848, stack(0x0000003cc7e00000,0x0000003cc7f00000) (1024K)]
  0x000001e67f48a260 WorkerThread "GC Thread#1"                     [id=34408, stack(0x0000003cc8b00000,0x0000003cc8c00000) (1024K)]
  0x000001e67f48a600 WorkerThread "GC Thread#2"                     [id=12464, stack(0x0000003cc8c00000,0x0000003cc8d00000) (1024K)]
  0x000001e67f4c53b0 WorkerThread "GC Thread#3"                     [id=37324, stack(0x0000003cc8d00000,0x0000003cc8e00000) (1024K)]
  0x000001e67f0a7420 WorkerThread "GC Thread#4"                     [id=11948, stack(0x0000003cc8e00000,0x0000003cc8f00000) (1024K)]
  0x000001e67f0a7bd0 WorkerThread "GC Thread#5"                     [id=37368, stack(0x0000003cc8f00000,0x0000003cc9000000) (1024K)]
  0x000001e67f0a8780 WorkerThread "GC Thread#6"                     [id=24772, stack(0x0000003cc9000000,0x0000003cc9100000) (1024K)]
  0x000001e67f141a10 WorkerThread "GC Thread#7"                     [id=27268, stack(0x0000003cc9200000,0x0000003cc9300000) (1024K)]
  0x000001e67f05ba70 WorkerThread "GC Thread#8"                     [id=24608, stack(0x0000003cc9600000,0x0000003cc9700000) (1024K)]
  0x000001e67f05abf0 WorkerThread "GC Thread#9"                     [id=34244, stack(0x0000003cc9700000,0x0000003cc9800000) (1024K)]
Total: 12

Threads with active compile tasks:
Total: 0

VM state: not at safepoint (normal execution)

VM Mutex/Monitor currently owned by a thread: None

Heap address: 0x0000000080000000, size: 2048 MB, Compressed Oops mode: 32-bit

CDS archive(s) mapped at: [0x000001e60f000000-0x000001e60fba0000-0x000001e60fba0000), size 12189696, SharedBaseAddress: 0x000001e60f000000, ArchiveRelocationMode: 1.
Compressed class space mapped at: 0x000001e610000000-0x000001e650000000, reserved size: 1073741824
Narrow klass base: 0x000001e60f000000, Narrow klass shift: 0, Narrow klass range: 0x100000000

GC Precious Log:
 CardTable entry size: 512
 CPUs: 12 total, 12 available
 Memory: 5845M
 Large Page Support: Disabled
 NUMA Support: Disabled
 Compressed Oops: Enabled (32-bit)
 Alignments: Space 512K, Generation 512K, Heap 2M
 Heap Min Capacity: 100M
 Heap Initial Capacity: 100M
 Heap Max Capacity: 2G
 Pre-touch: Disabled
 Parallel Workers: 10

Heap:
 PSYoungGen      total 4096K, used 1449K [0x00000000d5580000, 0x00000000d5a00000, 0x0000000100000000)
  eden space 3072K, 34% used [0x00000000d5580000,0x00000000d56872f8,0x00000000d5880000)
  from space 1024K, 38% used [0x00000000d5880000,0x00000000d58e3428,0x00000000d5980000)
  to   space 512K, 0% used [0x00000000d5980000,0x00000000d5980000,0x00000000d5a00000)
 ParOldGen       total 204800K, used 204627K [0x0000000080000000, 0x000000008c800000, 0x00000000d5580000)
  object space 204800K, 99% used [0x0000000080000000,0x000000008c7d4d38,0x000000008c800000)
 Metaspace       used 71813K, committed 73408K, reserved 1114112K
  class space    used 7558K, committed 8256K, reserved 1048576K

Card table byte_map: [0x000001e670510000,0x000001e670920000] _byte_map_base: 0x000001e670110000

Marking Bits: (ParMarkBitMap*) 0x00007ffa00e3a340
 Begin Bits: [0x000001e674000000, 0x000001e676000000)
 End Bits:   [0x000001e676000000, 0x000001e678000000)

Polling page: 0x000001e66ed50000

Metaspace:

Usage:
  Non-class:     62.75 MB used.
      Class:      7.38 MB used.
       Both:     70.13 MB used.

Virtual space:
  Non-class space:       64.00 MB reserved,      63.62 MB (>99%) committed,  1 nodes.
      Class space:        1.00 GB reserved,       8.06 MB ( <1%) committed,  1 nodes.
             Both:        1.06 GB reserved,      71.69 MB (  7%) committed. 

Chunk freelists:
   Non-Class:  224.00 KB
       Class:  7.95 MB
        Both:  8.17 MB

MaxMetaspaceSize: unlimited
CompressedClassSpaceSize: 1.00 GB
Initial GC threshold: 21.00 MB
Current GC threshold: 97.31 MB
CDS: on
 - commit_granule_bytes: 65536.
 - commit_granule_words: 8192.
 - virtual_space_node_default_size: 8388608.
 - enlarge_chunks_in_place: 1.
 - use_allocation_guard: 0.


Internal statistics:

num_allocs_failed_limit: 9.
num_arena_births: 1368.
num_arena_deaths: 14.
num_vsnodes_births: 2.
num_vsnodes_deaths: 0.
num_space_committed: 1147.
num_space_uncommitted: 0.
num_chunks_returned_to_freelist: 23.
num_chunks_taken_from_freelist: 4689.
num_chunk_merges: 12.
num_chunk_splits: 2850.
num_chunks_enlarged: 1544.
num_inconsistent_stats: 0.

CodeHeap 'non-profiled nmethods': size=120000Kb used=8108Kb max_used=8108Kb free=111891Kb
 bounds [0x000001e607ad0000, 0x000001e6082c0000, 0x000001e60f000000]
CodeHeap 'profiled nmethods': size=120000Kb used=30358Kb max_used=30358Kb free=89641Kb
 bounds [0x000001e600000000, 0x000001e601db0000, 0x000001e607530000]
CodeHeap 'non-nmethods': size=5760Kb used=1477Kb max_used=1536Kb free=4282Kb
 bounds [0x000001e607530000, 0x000001e6077a0000, 0x000001e607ad0000]
CodeCache: size=245760Kb, used=39943Kb, max_used=40002Kb, free=205814Kb
 total_blobs=14320, nmethods=13526, adapters=696, full_count=0
Compilation: enabled, stopped_count=0, restarted_count=0

Compilation events (20 events):
Event: 1716.690 Thread 0x000001e670c1cdb0 14259       1       com.sun.jna.internal.Cleaner::access$100 (5 bytes)
Event: 1716.694 Thread 0x000001e670c1cdb0 nmethod 14259 0x000001e6082bad10 code [0x000001e6082baea0, 0x000001e6082baf50]
Event: 2087.954 Thread 0x000001e670c1cdb0 14260       3       java.util.concurrent.ScheduledThreadPoolExecutor$DelayedWorkQueue::finishPoll (43 bytes)
Event: 2087.973 Thread 0x000001e670c1cdb0 nmethod 14260 0x000001e601d9c090 code [0x000001e601d9c260, 0x000001e601d9c7e8]
Event: 2087.974 Thread 0x000001e670c1cdb0 14261       3       java.util.concurrent.locks.AbstractQueuedSynchronizer$ConditionObject::awaitNanos (207 bytes)
Event: 2088.020 Thread 0x000001e670c1cdb0 nmethod 14261 0x000001e601d9c990 code [0x000001e601d9cc80, 0x000001e601d9daf0]
Event: 2097.967 Thread 0x000001e670c1cdb0 14262   !   3       java.util.concurrent.ScheduledThreadPoolExecutor$DelayedWorkQueue::offer (123 bytes)
Event: 2098.006 Thread 0x000001e670c1cdb0 nmethod 14262 0x000001e601d9e090 code [0x000001e601d9e3a0, 0x000001e601d9f730]
Event: 2098.006 Thread 0x000001e670c1cdb0 14263       3       java.util.concurrent.ThreadPoolExecutor::ensurePrestart (41 bytes)
Event: 2098.025 Thread 0x000001e670c1cdb0 nmethod 14263 0x000001e601d9ff90 code [0x000001e601da0160, 0x000001e601da0410]
Event: 2103.486 Thread 0x000001e670c1cdb0 14264       1       org.eclipse.osgi.internal.framework.EquinoxContainer::getStorage (5 bytes)
Event: 2103.491 Thread 0x000001e670c1cdb0 nmethod 14264 0x000001e6082bb010 code [0x000001e6082bb1a0, 0x000001e6082bb268]
Event: 2107.982 Thread 0x000001e670c1cdb0 14265   !   3       java.util.concurrent.FutureTask::runAndReset (125 bytes)
Event: 2108.024 Thread 0x000001e670c1cdb0 nmethod 14265 0x000001e601da0510 code [0x000001e601da0980, 0x000001e601da2da0]
Event: 2108.024 Thread 0x000001e670c1cdb0 14266       3       java.util.concurrent.ScheduledThreadPoolExecutor$ScheduledFutureTask::setNextRunTime (38 bytes)
Event: 2108.026 Thread 0x000001e670c1cdb0 nmethod 14266 0x000001e601da3910 code [0x000001e601da3ac0, 0x000001e601da3d50]
Event: 2108.027 Thread 0x000001e670c1cdb0 14267       3       java.util.concurrent.ScheduledThreadPoolExecutor::reExecutePeriodic (49 bytes)
Event: 2108.034 Thread 0x000001e670c1cdb0 nmethod 14267 0x000001e601da3e10 code [0x000001e601da4040, 0x000001e601da47c0]
Event: 2598.362 Thread 0x000001e670c1cdb0 14268       3       org.eclipse.jdt.ls.core.internal.ParentProcessWatcher::run (83 bytes)
Event: 2598.425 Thread 0x000001e670c1cdb0 nmethod 14268 0x000001e601da4a10 code [0x000001e601da4ca0, 0x000001e601da56f8]

GC Heap History (20 events):
Event: 608.864 GC heap before
{Heap before GC invocations=193 (full 3):
 PSYoungGen      total 3584K, used 3583K [0x00000000d5580000, 0x00000000d5a80000, 0x0000000100000000)
  eden space 3072K, 99% used [0x00000000d5580000,0x00000000d587fff0,0x00000000d5880000)
  from space 512K, 100% used [0x00000000d5900000,0x00000000d5980000,0x00000000d5980000)
  to   space 1024K, 0% used [0x00000000d5980000,0x00000000d5980000,0x00000000d5a80000)
 ParOldGen       total 201216K, used 200751K [0x0000000080000000, 0x000000008c480000, 0x00000000d5580000)
  object space 201216K, 99% used [0x0000000080000000,0x000000008c40bce0,0x000000008c480000)
 Metaspace       used 70960K, committed 72640K, reserved 1114112K
  class space    used 7491K, committed 8256K, reserved 1048576K
}
Event: 608.931 GC heap after
{Heap after GC invocations=193 (full 3):
 PSYoungGen      total 4096K, used 640K [0x00000000d5580000, 0x00000000d5a80000, 0x0000000100000000)
  eden space 3072K, 0% used [0x00000000d5580000,0x00000000d5580000,0x00000000d5880000)
  from space 1024K, 62% used [0x00000000d5980000,0x00000000d5a20000,0x00000000d5a80000)
  to   space 1024K, 0% used [0x00000000d5880000,0x00000000d5880000,0x00000000d5980000)
 ParOldGen       total 201216K, used 201159K [0x0000000080000000, 0x000000008c480000, 0x00000000d5580000)
  object space 201216K, 99% used [0x0000000080000000,0x000000008c471cf0,0x000000008c480000)
 Metaspace       used 70960K, committed 72640K, reserved 1114112K
  class space    used 7491K, committed 8256K, reserved 1048576K
}
Event: 611.719 GC heap before
{Heap before GC invocations=194 (full 3):
 PSYoungGen      total 4096K, used 3712K [0x00000000d5580000, 0x00000000d5a80000, 0x0000000100000000)
  eden space 3072K, 100% used [0x00000000d5580000,0x00000000d5880000,0x00000000d5880000)
  from space 1024K, 62% used [0x00000000d5980000,0x00000000d5a20000,0x00000000d5a80000)
  to   space 1024K, 0% used [0x00000000d5880000,0x00000000d5880000,0x00000000d5980000)
 ParOldGen       total 201216K, used 201159K [0x0000000080000000, 0x000000008c480000, 0x00000000d5580000)
  object space 201216K, 99% used [0x0000000080000000,0x000000008c471cf0,0x000000008c480000)
 Metaspace       used 70974K, committed 72640K, reserved 1114112K
  class space    used 7491K, committed 8256K, reserved 1048576K
}
Event: 611.724 GC heap after
{Heap after GC invocations=194 (full 3):
 PSYoungGen      total 4096K, used 410K [0x00000000d5580000, 0x00000000d5a00000, 0x0000000100000000)
  eden space 3072K, 0% used [0x00000000d5580000,0x00000000d5580000,0x00000000d5880000)
  from space 1024K, 40% used [0x00000000d5880000,0x00000000d58e6920,0x00000000d5980000)
  to   space 512K, 0% used [0x00000000d5980000,0x00000000d5980000,0x00000000d5a00000)
 ParOldGen       total 201728K, used 201575K [0x0000000080000000, 0x000000008c500000, 0x00000000d5580000)
  object space 201728K, 99% used [0x0000000080000000,0x000000008c4d9fa8,0x000000008c500000)
 Metaspace       used 70974K, committed 72640K, reserved 1114112K
  class space    used 7491K, committed 8256K, reserved 1048576K
}
Event: 611.874 GC heap before
{Heap before GC invocations=195 (full 3):
 PSYoungGen      total 4096K, used 3482K [0x00000000d5580000, 0x00000000d5a00000, 0x0000000100000000)
  eden space 3072K, 100% used [0x00000000d5580000,0x00000000d5880000,0x00000000d5880000)
  from space 1024K, 40% used [0x00000000d5880000,0x00000000d58e6920,0x00000000d5980000)
  to   space 512K, 0% used [0x00000000d5980000,0x00000000d5980000,0x00000000d5a00000)
 ParOldGen       total 201728K, used 201575K [0x0000000080000000, 0x000000008c500000, 0x00000000d5580000)
  object space 201728K, 99% used [0x0000000080000000,0x000000008c4d9fa8,0x000000008c500000)
 Metaspace       used 70986K, committed 72640K, reserved 1114112K
  class space    used 7491K, committed 8256K, reserved 1048576K
}
Event: 611.879 GC heap after
{Heap after GC invocations=195 (full 3):
 PSYoungGen      total 3584K, used 496K [0x00000000d5580000, 0x00000000d5a80000, 0x0000000100000000)
  eden space 3072K, 0% used [0x00000000d5580000,0x00000000d5580000,0x00000000d5880000)
  from space 512K, 96% used [0x00000000d5980000,0x00000000d59fc010,0x00000000d5a00000)
  to   space 1024K, 0% used [0x00000000d5880000,0x00000000d5880000,0x00000000d5980000)
 ParOldGen       total 202240K, used 201873K [0x0000000080000000, 0x000000008c580000, 0x00000000d5580000)
  object space 202240K, 99% used [0x0000000080000000,0x000000008c524450,0x000000008c580000)
 Metaspace       used 70986K, committed 72640K, reserved 1114112K
  class space    used 7491K, committed 8256K, reserved 1048576K
}
Event: 611.971 GC heap before
{Heap before GC invocations=196 (full 3):
 PSYoungGen      total 3584K, used 3568K [0x00000000d5580000, 0x00000000d5a80000, 0x0000000100000000)
  eden space 3072K, 100% used [0x00000000d5580000,0x00000000d5880000,0x00000000d5880000)
  from space 512K, 96% used [0x00000000d5980000,0x00000000d59fc010,0x00000000d5a00000)
  to   space 1024K, 0% used [0x00000000d5880000,0x00000000d5880000,0x00000000d5980000)
 ParOldGen       total 202240K, used 201873K [0x0000000080000000, 0x000000008c580000, 0x00000000d5580000)
  object space 202240K, 99% used [0x0000000080000000,0x000000008c524450,0x000000008c580000)
 Metaspace       used 71053K, committed 72704K, reserved 1114112K
  class space    used 7491K, committed 8256K, reserved 1048576K
}
Event: 611.976 GC heap after
{Heap after GC invocations=196 (full 3):
 PSYoungGen      total 4096K, used 720K [0x00000000d5580000, 0x00000000d5a80000, 0x0000000100000000)
  eden space 3072K, 0% used [0x00000000d5580000,0x00000000d5580000,0x00000000d5880000)
  from space 1024K, 70% used [0x00000000d5880000,0x00000000d5934010,0x00000000d5980000)
  to   space 1024K, 0% used [0x00000000d5980000,0x00000000d5980000,0x00000000d5a80000)
 ParOldGen       total 202752K, used 202273K [0x0000000080000000, 0x000000008c600000, 0x00000000d5580000)
  object space 202752K, 99% used [0x0000000080000000,0x000000008c588460,0x000000008c600000)
 Metaspace       used 71053K, committed 72704K, reserved 1114112K
  class space    used 7491K, committed 8256K, reserved 1048576K
}
Event: 942.617 GC heap before
{Heap before GC invocations=197 (full 3):
 PSYoungGen      total 4096K, used 3792K [0x00000000d5580000, 0x00000000d5a80000, 0x0000000100000000)
  eden space 3072K, 100% used [0x00000000d5580000,0x00000000d5880000,0x00000000d5880000)
  from space 1024K, 70% used [0x00000000d5880000,0x00000000d5934010,0x00000000d5980000)
  to   space 1024K, 0% used [0x00000000d5980000,0x00000000d5980000,0x00000000d5a80000)
 ParOldGen       total 202752K, used 202273K [0x0000000080000000, 0x000000008c600000, 0x00000000d5580000)
  object space 202752K, 99% used [0x0000000080000000,0x000000008c588460,0x000000008c600000)
 Metaspace       used 71084K, committed 72768K, reserved 1114112K
  class space    used 7491K, committed 8256K, reserved 1048576K
}
Event: 942.687 GC heap after
{Heap after GC invocations=197 (full 3):
 PSYoungGen      total 4096K, used 544K [0x00000000d5580000, 0x00000000d5a80000, 0x0000000100000000)
  eden space 3072K, 0% used [0x00000000d5580000,0x00000000d5580000,0x00000000d5880000)
  from space 1024K, 53% used [0x00000000d5980000,0x00000000d5a08000,0x00000000d5a80000)
  to   space 1024K, 0% used [0x00000000d5880000,0x00000000d5880000,0x00000000d5980000)
 ParOldGen       total 203264K, used 202781K [0x0000000080000000, 0x000000008c680000, 0x00000000d5580000)
  object space 203264K, 99% used [0x0000000080000000,0x000000008c607670,0x000000008c680000)
 Metaspace       used 71084K, committed 72768K, reserved 1114112K
  class space    used 7491K, committed 8256K, reserved 1048576K
}
Event: 1005.156 GC heap before
{Heap before GC invocations=198 (full 3):
 PSYoungGen      total 4096K, used 3615K [0x00000000d5580000, 0x00000000d5a80000, 0x0000000100000000)
  eden space 3072K, 99% used [0x00000000d5580000,0x00000000d587ffd0,0x00000000d5880000)
  from space 1024K, 53% used [0x00000000d5980000,0x00000000d5a08000,0x00000000d5a80000)
  to   space 1024K, 0% used [0x00000000d5880000,0x00000000d5880000,0x00000000d5980000)
 ParOldGen       total 203264K, used 202781K [0x0000000080000000, 0x000000008c680000, 0x00000000d5580000)
  object space 203264K, 99% used [0x0000000080000000,0x000000008c607670,0x000000008c680000)
 Metaspace       used 71089K, committed 72768K, reserved 1114112K
  class space    used 7491K, committed 8256K, reserved 1048576K
}
Event: 1005.193 GC heap after
{Heap after GC invocations=198 (full 3):
 PSYoungGen      total 4096K, used 378K [0x00000000d5580000, 0x00000000d5a00000, 0x0000000100000000)
  eden space 3072K, 0% used [0x00000000d5580000,0x00000000d5580000,0x00000000d5880000)
  from space 1024K, 36% used [0x00000000d5880000,0x00000000d58de920,0x00000000d5980000)
  to   space 512K, 0% used [0x00000000d5980000,0x00000000d5980000,0x00000000d5a00000)
 ParOldGen       total 203264K, used 203045K [0x0000000080000000, 0x000000008c680000, 0x00000000d5580000)
  object space 203264K, 99% used [0x0000000080000000,0x000000008c649670,0x000000008c680000)
 Metaspace       used 71089K, committed 72768K, reserved 1114112K
  class space    used 7491K, committed 8256K, reserved 1048576K
}
Event: 1005.445 GC heap before
{Heap before GC invocations=199 (full 3):
 PSYoungGen      total 4096K, used 3450K [0x00000000d5580000, 0x00000000d5a00000, 0x0000000100000000)
  eden space 3072K, 100% used [0x00000000d5580000,0x00000000d5880000,0x00000000d5880000)
  from space 1024K, 36% used [0x00000000d5880000,0x00000000d58de920,0x00000000d5980000)
  to   space 512K, 0% used [0x00000000d5980000,0x00000000d5980000,0x00000000d5a00000)
 ParOldGen       total 203264K, used 203045K [0x0000000080000000, 0x000000008c680000, 0x00000000d5580000)
  object space 203264K, 99% used [0x0000000080000000,0x000000008c649670,0x000000008c680000)
 Metaspace       used 71127K, committed 72768K, reserved 1114112K
  class space    used 7491K, committed 8256K, reserved 1048576K
}
Event: 1005.448 GC heap after
{Heap after GC invocations=199 (full 3):
 PSYoungGen      total 3584K, used 512K [0x00000000d5580000, 0x00000000d5a80000, 0x0000000100000000)
  eden space 3072K, 0% used [0x00000000d5580000,0x00000000d5580000,0x00000000d5880000)
  from space 512K, 100% used [0x00000000d5980000,0x00000000d5a00000,0x00000000d5a00000)
  to   space 1024K, 0% used [0x00000000d5880000,0x00000000d5880000,0x00000000d5980000)
 ParOldGen       total 203776K, used 203382K [0x0000000080000000, 0x000000008c700000, 0x00000000d5580000)
  object space 203776K, 99% used [0x0000000080000000,0x000000008c69daa0,0x000000008c700000)
 Metaspace       used 71127K, committed 72768K, reserved 1114112K
  class space    used 7491K, committed 8256K, reserved 1048576K
}
Event: 1005.476 GC heap before
{Heap before GC invocations=200 (full 3):
 PSYoungGen      total 3584K, used 3584K [0x00000000d5580000, 0x00000000d5a80000, 0x0000000100000000)
  eden space 3072K, 100% used [0x00000000d5580000,0x00000000d5880000,0x00000000d5880000)
  from space 512K, 100% used [0x00000000d5980000,0x00000000d5a00000,0x00000000d5a00000)
  to   space 1024K, 0% used [0x00000000d5880000,0x00000000d5880000,0x00000000d5980000)
 ParOldGen       total 203776K, used 203382K [0x0000000080000000, 0x000000008c700000, 0x00000000d5580000)
  object space 203776K, 99% used [0x0000000080000000,0x000000008c69daa0,0x000000008c700000)
 Metaspace       used 71127K, committed 72768K, reserved 1114112K
  class space    used 7491K, committed 8256K, reserved 1048576K
}
Event: 1005.479 GC heap after
{Heap after GC invocations=200 (full 3):
 PSYoungGen      total 4096K, used 656K [0x00000000d5580000, 0x00000000d5a80000, 0x0000000100000000)
  eden space 3072K, 0% used [0x00000000d5580000,0x00000000d5580000,0x00000000d5880000)
  from space 1024K, 64% used [0x00000000d5880000,0x00000000d5924010,0x00000000d5980000)
  to   space 1024K, 0% used [0x00000000d5980000,0x00000000d5980000,0x00000000d5a80000)
 ParOldGen       total 204288K, used 203875K [0x0000000080000000, 0x000000008c780000, 0x00000000d5580000)
  object space 204288K, 99% used [0x0000000080000000,0x000000008c718d28,0x000000008c780000)
 Metaspace       used 71127K, committed 72768K, reserved 1114112K
  class space    used 7491K, committed 8256K, reserved 1048576K
}
Event: 1683.425 GC heap before
{Heap before GC invocations=201 (full 3):
 PSYoungGen      total 4096K, used 3728K [0x00000000d5580000, 0x00000000d5a80000, 0x0000000100000000)
  eden space 3072K, 100% used [0x00000000d5580000,0x00000000d5880000,0x00000000d5880000)
  from space 1024K, 64% used [0x00000000d5880000,0x00000000d5924010,0x00000000d5980000)
  to   space 1024K, 0% used [0x00000000d5980000,0x00000000d5980000,0x00000000d5a80000)
 ParOldGen       total 204288K, used 203875K [0x0000000080000000, 0x000000008c780000, 0x00000000d5580000)
  object space 204288K, 99% used [0x0000000080000000,0x000000008c718d28,0x000000008c780000)
 Metaspace       used 71410K, committed 73088K, reserved 1114112K
  class space    used 7515K, committed 8256K, reserved 1048576K
}
Event: 1683.478 GC heap after
{Heap after GC invocations=201 (full 3):
 PSYoungGen      total 4096K, used 480K [0x00000000d5580000, 0x00000000d5a80000, 0x0000000100000000)
  eden space 3072K, 0% used [0x00000000d5580000,0x00000000d5580000,0x00000000d5880000)
  from space 1024K, 46% used [0x00000000d5980000,0x00000000d59f8000,0x00000000d5a80000)
  to   space 1024K, 0% used [0x00000000d5880000,0x00000000d5880000,0x00000000d5980000)
 ParOldGen       total 204800K, used 204355K [0x0000000080000000, 0x000000008c800000, 0x00000000d5580000)
  object space 204800K, 99% used [0x0000000080000000,0x000000008c790d38,0x000000008c800000)
 Metaspace       used 71410K, committed 73088K, reserved 1114112K
  class space    used 7515K, committed 8256K, reserved 1048576K
}
Event: 1683.865 GC heap before
{Heap before GC invocations=202 (full 3):
 PSYoungGen      total 4096K, used 3526K [0x00000000d5580000, 0x00000000d5a80000, 0x0000000100000000)
  eden space 3072K, 99% used [0x00000000d5580000,0x00000000d5879bb0,0x00000000d5880000)
  from space 1024K, 46% used [0x00000000d5980000,0x00000000d59f8000,0x00000000d5a80000)
  to   space 1024K, 0% used [0x00000000d5880000,0x00000000d5880000,0x00000000d5980000)
 ParOldGen       total 204800K, used 204355K [0x0000000080000000, 0x000000008c800000, 0x00000000d5580000)
  object space 204800K, 99% used [0x0000000080000000,0x000000008c790d38,0x000000008c800000)
 Metaspace       used 71717K, committed 73344K, reserved 1114112K
  class space    used 7548K, committed 8256K, reserved 1048576K
}
Event: 1683.870 GC heap after
{Heap after GC invocations=202 (full 3):
 PSYoungGen      total 4096K, used 397K [0x00000000d5580000, 0x00000000d5a00000, 0x0000000100000000)
  eden space 3072K, 0% used [0x00000000d5580000,0x00000000d5580000,0x00000000d5880000)
  from space 1024K, 38% used [0x00000000d5880000,0x00000000d58e3428,0x00000000d5980000)
  to   space 512K, 0% used [0x00000000d5980000,0x00000000d5980000,0x00000000d5a00000)
 ParOldGen       total 204800K, used 204627K [0x0000000080000000, 0x000000008c800000, 0x00000000d5580000)
  object space 204800K, 99% used [0x0000000080000000,0x000000008c7d4d38,0x000000008c800000)
 Metaspace       used 71717K, committed 73344K, reserved 1114112K
  class space    used 7548K, committed 8256K, reserved 1048576K
}

Dll operation events (12 events):
Event: 0.036 Loaded shared library c:\Users\alifs\.vscode\extensions\redhat.java-1.46.0-win32-x64\jre\21.0.8-win32-x86_64\bin\java.dll
Event: 0.184 Loaded shared library c:\Users\alifs\.vscode\extensions\redhat.java-1.46.0-win32-x64\jre\21.0.8-win32-x86_64\bin\zip.dll
Event: 0.223 Loaded shared library C:\Users\alifs\.vscode\extensions\redhat.java-1.46.0-win32-x64\jre\21.0.8-win32-x86_64\bin\instrument.dll
Event: 0.234 Loaded shared library C:\Users\alifs\.vscode\extensions\redhat.java-1.46.0-win32-x64\jre\21.0.8-win32-x86_64\bin\net.dll
Event: 0.239 Loaded shared library C:\Users\alifs\.vscode\extensions\redhat.java-1.46.0-win32-x64\jre\21.0.8-win32-x86_64\bin\nio.dll
Event: 0.245 Loaded shared library C:\Users\alifs\.vscode\extensions\redhat.java-1.46.0-win32-x64\jre\21.0.8-win32-x86_64\bin\zip.dll
Event: 0.280 Loaded shared library C:\Users\alifs\.vscode\extensions\redhat.java-1.46.0-win32-x64\jre\21.0.8-win32-x86_64\bin\jimage.dll
Event: 0.532 Loaded shared library c:\Users\alifs\.vscode\extensions\redhat.java-1.46.0-win32-x64\jre\21.0.8-win32-x86_64\bin\verify.dll
Event: 12.785 Loaded shared library C:\Users\alifs\AppData\Roaming\Code\User\globalStorage\redhat.java\1.46.0\config_win\org.eclipse.equinox.launcher\org.eclipse.equinox.launcher.win32.win32.x86_64_1.2.1400.v20250801-0854\eclipse_11916.dll
Event: 34.028 Loaded shared library C:\Users\alifs\AppData\Local\Temp\jna-92903147\jna2075146240810780759.dll
Event: 36.524 Loaded shared library C:\Users\alifs\.vscode\extensions\redhat.java-1.46.0-win32-x64\jre\21.0.8-win32-x86_64\bin\sunmscapi.dll
Event: 36.650 Loaded shared library C:\Users\alifs\.vscode\extensions\redhat.java-1.46.0-win32-x64\jre\21.0.8-win32-x86_64\bin\extnet.dll

Deoptimization events (20 events):
Event: 1683.418 Thread 0x000001e65189b640 Uncommon trap: trap_request=0xffffffde fr.pc=0x000001e607bfae94 relative=0x0000000000000db4
Event: 1683.419 Thread 0x000001e65189b640 Uncommon trap: reason=class_check action=maybe_recompile pc=0x000001e607bfae94 method=java.io.BufferedInputStream.implRead([BII)I @ 100 c2
Event: 1683.419 Thread 0x000001e65189b640 DEOPT PACKING pc=0x000001e607bfae94 sp=0x0000003cc9cfe430
Event: 1683.419 Thread 0x000001e65189b640 DEOPT UNPACKING pc=0x000001e607583aa2 sp=0x0000003cc9cfe310 mode 2
Event: 1683.419 Thread 0x000001e65189b640 Uncommon trap: trap_request=0xffffff45 fr.pc=0x000001e608141e20 relative=0x0000000000000f40
Event: 1683.419 Thread 0x000001e65189b640 Uncommon trap: reason=unstable_if action=reinterpret pc=0x000001e608141e20 method=org.eclipse.core.runtime.Path.toOSString()Ljava/lang/String; @ 6 c2
Event: 1683.419 Thread 0x000001e65189b640 DEOPT PACKING pc=0x000001e608141e20 sp=0x0000003cc9cfe460
Event: 1683.420 Thread 0x000001e65189b640 DEOPT UNPACKING pc=0x000001e607583aa2 sp=0x0000003cc9cfe420 mode 2
Event: 1683.422 Thread 0x000001e65189b640 Uncommon trap: trap_request=0xffffffde fr.pc=0x000001e607bfae94 relative=0x0000000000000db4
Event: 1683.422 Thread 0x000001e65189b640 Uncommon trap: reason=class_check action=maybe_recompile pc=0x000001e607bfae94 method=java.io.BufferedInputStream.implRead([BII)I @ 100 c2
Event: 1683.422 Thread 0x000001e65189b640 DEOPT PACKING pc=0x000001e607bfae94 sp=0x0000003cc9cfe420
Event: 1683.422 Thread 0x000001e65189b640 DEOPT UNPACKING pc=0x000001e607583aa2 sp=0x0000003cc9cfe300 mode 2
Event: 1683.498 Thread 0x000001e65189b640 Uncommon trap: trap_request=0xffffffde fr.pc=0x000001e607bfae94 relative=0x0000000000000db4
Event: 1683.498 Thread 0x000001e65189b640 Uncommon trap: reason=class_check action=maybe_recompile pc=0x000001e607bfae94 method=java.io.BufferedInputStream.implRead([BII)I @ 100 c2
Event: 1683.498 Thread 0x000001e65189b640 DEOPT PACKING pc=0x000001e607bfae94 sp=0x0000003cc9cfe540
Event: 1683.498 Thread 0x000001e65189b640 DEOPT UNPACKING pc=0x000001e607583aa2 sp=0x0000003cc9cfe420 mode 2
Event: 1683.570 Thread 0x000001e65189b640 Uncommon trap: trap_request=0xffffff45 fr.pc=0x000001e607dfc3b4 relative=0x0000000000006ed4
Event: 1683.571 Thread 0x000001e65189b640 Uncommon trap: reason=unstable_if action=reinterpret pc=0x000001e607dfc3b4 method=lombok.patcher.MethodTarget.matches(Ljava/lang/String;Ljava/lang/String;Ljava/lang/String;)Z @ 18 c2
Event: 1683.571 Thread 0x000001e65189b640 DEOPT PACKING pc=0x000001e607dfc3b4 sp=0x0000003cc9cfa7a0
Event: 1683.571 Thread 0x000001e65189b640 DEOPT UNPACKING pc=0x000001e607583aa2 sp=0x0000003cc9cfa6e0 mode 2

Classes loaded (20 events):
Event: 53.757 Loading class java/util/stream/ReduceOps$1
Event: 53.757 Loading class java/util/stream/ReduceOps$1 done
Event: 53.757 Loading class java/util/stream/ReduceOps$1ReducingSink
Event: 53.758 Loading class java/util/stream/ReduceOps$1ReducingSink done
Event: 53.787 Loading class java/util/stream/DistinctOps
Event: 53.787 Loading class java/util/stream/DistinctOps done
Event: 53.787 Loading class java/util/stream/DistinctOps$1
Event: 53.788 Loading class java/util/stream/DistinctOps$1 done
Event: 53.791 Loading class java/util/stream/DistinctOps$1$2
Event: 53.791 Loading class java/util/stream/DistinctOps$1$2 done
Event: 90.251 Loading class jdk/internal/event/SecurityPropertyModificationEvent
Event: 90.255 Loading class jdk/internal/event/SecurityPropertyModificationEvent done
Event: 90.455 Loading class java/util/zip/CheckedInputStream
Event: 90.459 Loading class java/util/zip/CheckedInputStream done
Event: 90.546 Loading class java/util/zip/GZIPInputStream$1
Event: 90.550 Loading class java/util/zip/GZIPInputStream$1 done
Event: 188.889 Loading class java/lang/UnsupportedClassVersionError
Event: 188.895 Loading class java/lang/UnsupportedClassVersionError done
Event: 1682.257 Loading class java/util/ImmutableCollections$SubList
Event: 1682.303 Loading class java/util/ImmutableCollections$SubList done

Classes unloaded (7 events):
Event: 34.791 Thread 0x000001e6785e3520 Unloading class 0x000001e6101ab400 'java/lang/invoke/LambdaForm$MH+0x000001e6101ab400'
Event: 34.792 Thread 0x000001e6785e3520 Unloading class 0x000001e6101ab000 'java/lang/invoke/LambdaForm$MH+0x000001e6101ab000'
Event: 34.792 Thread 0x000001e6785e3520 Unloading class 0x000001e6101aac00 'java/lang/invoke/LambdaForm$MH+0x000001e6101aac00'
Event: 34.792 Thread 0x000001e6785e3520 Unloading class 0x000001e6101aa800 'java/lang/invoke/LambdaForm$MH+0x000001e6101aa800'
Event: 34.792 Thread 0x000001e6785e3520 Unloading class 0x000001e6101aa400 'java/lang/invoke/LambdaForm$BMH+0x000001e6101aa400'
Event: 34.792 Thread 0x000001e6785e3520 Unloading class 0x000001e6101aa000 'java/lang/invoke/LambdaForm$DMH+0x000001e6101aa000'
Event: 34.792 Thread 0x000001e6785e3520 Unloading class 0x000001e6101a8c00 'java/lang/invoke/LambdaForm$DMH+0x000001e6101a8c00'

Classes redefined (0 events):
No events

Internal exceptions (20 events):
Event: 51.780 Thread 0x000001e65189d710 Exception <a 'sun/nio/fs/WindowsException'{0x00000000d60f1f78}> (0x00000000d60f1f78) 
thrown [s\src\hotspot\share\prims\jni.cpp, line 520]
Event: 51.792 Thread 0x000001e65189d710 Exception <a 'sun/nio/fs/WindowsException'{0x00000000d5619338}> (0x00000000d5619338) 
thrown [s\src\hotspot\share\prims\jni.cpp, line 520]
Event: 51.793 Thread 0x000001e65189d710 Exception <a 'sun/nio/fs/WindowsException'{0x00000000d5619ca8}> (0x00000000d5619ca8) 
thrown [s\src\hotspot\share\prims\jni.cpp, line 520]
Event: 51.827 Thread 0x000001e65189a920 Exception <a 'sun/nio/fs/WindowsException'{0x00000000d58c15b8}> (0x00000000d58c15b8) 
thrown [s\src\hotspot\share\prims\jni.cpp, line 520]
Event: 51.827 Thread 0x000001e65189a920 Exception <a 'sun/nio/fs/WindowsException'{0x00000000d58c1f28}> (0x00000000d58c1f28) 
thrown [s\src\hotspot\share\prims\jni.cpp, line 520]
Event: 52.435 Thread 0x000001e650ba5f30 Exception <a 'java/lang/IncompatibleClassChangeError'{0x00000000d60a60f0}: Found class java.lang.Object, but interface was expected> (0x00000000d60a60f0) 
thrown [s\src\hotspot\share\interpreter\linkResolver.cpp, line 840]
Event: 53.498 Thread 0x000001e65189afb0 Exception <a 'java/lang/IncompatibleClassChangeError'{0x00000000d56cc810}: Found class java.lang.Object, but interface was expected> (0x00000000d56cc810) 
thrown [s\src\hotspot\share\interpreter\linkResolver.cpp, line 840]
Event: 53.565 Thread 0x000001e6502ba380 Exception <a 'sun/nio/fs/WindowsException'{0x00000000d5bcdce8}> (0x00000000d5bcdce8) 
thrown [s\src\hotspot\share\prims\jni.cpp, line 520]
Event: 53.565 Thread 0x000001e6502ba380 Exception <a 'sun/nio/fs/WindowsException'{0x00000000d5bce3a8}> (0x00000000d5bce3a8) 
thrown [s\src\hotspot\share\prims\jni.cpp, line 520]
Event: 53.596 Thread 0x000001e6502bd800 Exception <a 'java/lang/NoSuchMethodError'{0x00000000d5726cc8}: 'int java.lang.invoke.DirectMethodHandle$Holder.invokeSpecialIFC(java.lang.Object, java.lang.Object, java.lang.Object)'> (0x00000000d5726cc8) 
thrown [s\src\hotspot\share\interpreter\linkResolver.cpp, line 773]
Event: 54.033 Thread 0x000001e6502bd800 Exception <a 'java/lang/NoSuchMethodError'{0x00000000d5871ef0}: 'java.lang.Object java.lang.invoke.DirectMethodHandle$Holder.invokeStatic(java.lang.Object, java.lang.Object, int, java.lang.Object, java.lang.Object)'> (0x00000000d5871ef0) 
thrown [s\src\hotspot\share\interpreter\linkResolver.cpp, line 773]
Event: 54.210 Thread 0x000001e6502bd800 Exception <a 'java/io/FileNotFoundException'{0x00000000d5d4cfb0}> (0x00000000d5d4cfb0) 
thrown [s\src\hotspot\share\prims\jni.cpp, line 520]
Event: 54.210 Thread 0x000001e6502bd800 Exception <a 'java/io/FileNotFoundException'{0x00000000d5d4e098}> (0x00000000d5d4e098) 
thrown [s\src\hotspot\share\prims\jni.cpp, line 520]
Event: 54.211 Thread 0x000001e6502bd800 Exception <a 'java/io/FileNotFoundException'{0x00000000d5d4ee00}> (0x00000000d5d4ee00) 
thrown [s\src\hotspot\share\prims\jni.cpp, line 520]
Event: 65.509 Thread 0x000001e6502bcae0 Exception <a 'sun/nio/fs/WindowsException'{0x00000000d5cc2410}> (0x00000000d5cc2410) 
thrown [s\src\hotspot\share\prims\jni.cpp, line 520]
Event: 65.510 Thread 0x000001e6502bcae0 Exception <a 'sun/nio/fs/WindowsException'{0x00000000d5cc2d20}> (0x00000000d5cc2d20) 
thrown [s\src\hotspot\share\prims\jni.cpp, line 520]
Event: 186.738 Thread 0x000001e650ba5f30 Exception <a 'java/lang/IncompatibleClassChangeError'{0x00000000d566a250}: Found class java.lang.Object, but interface was expected> (0x00000000d566a250) 
thrown [s\src\hotspot\share\interpreter\linkResolver.cpp, line 840]
Event: 189.024 Thread 0x000001e65189afb0 Exception <a 'java/lang/NoSuchMethodError'{0x00000000d57b75d8}: 'int java.lang.invoke.Invokers$Holder.invokeExact_MT(java.lang.Object, java.lang.Object)'> (0x00000000d57b75d8) 
thrown [s\src\hotspot\share\interpreter\linkResolver.cpp, line 773]
Event: 189.897 Thread 0x000001e650ba5f30 Implicit null exception at 0x000001e607ff2b44 to 0x000001e607ff306c
Event: 190.501 Thread 0x000001e65189afb0 Exception <a 'java/lang/NoSuchMethodError'{0x00000000d5805c80}: 'void java.lang.invoke.DirectMethodHandle$Holder.invokeStatic(java.lang.Object, int, java.lang.Object)'> (0x00000000d5805c80) 
thrown [s\src\hotspot\share\interpreter\linkResolver.cpp, line 773]

ZGC Phase Switch (0 events):
No events

VM Operations (20 events):
Event: 2465.998 Executing VM operation: HandshakeAllThreads (HandshakeForDeflation)
Event: 2466.002 Executing VM operation: HandshakeAllThreads (HandshakeForDeflation) done
Event: 2466.002 Executing VM operation: RendezvousGCThreads
Event: 2466.002 Executing VM operation: RendezvousGCThreads done
Event: 2526.002 Executing VM operation: HandshakeAllThreads (HandshakeForDeflation)
Event: 2526.005 Executing VM operation: HandshakeAllThreads (HandshakeForDeflation) done
Event: 2526.005 Executing VM operation: RendezvousGCThreads
Event: 2526.005 Executing VM operation: RendezvousGCThreads done
Event: 2586.033 Executing VM operation: HandshakeAllThreads (HandshakeForDeflation)
Event: 2586.033 Executing VM operation: HandshakeAllThreads (HandshakeForDeflation) done
Event: 2586.033 Executing VM operation: RendezvousGCThreads
Event: 2586.033 Executing VM operation: RendezvousGCThreads done
Event: 2646.049 Executing VM operation: HandshakeAllThreads (HandshakeForDeflation)
Event: 2646.052 Executing VM operation: HandshakeAllThreads (HandshakeForDeflation) done
Event: 2646.052 Executing VM operation: RendezvousGCThreads
Event: 2646.052 Executing VM operation: RendezvousGCThreads done
Event: 2706.236 Executing VM operation: HandshakeAllThreads (HandshakeForDeflation)
Event: 2706.240 Executing VM operation: HandshakeAllThreads (HandshakeForDeflation) done
Event: 2706.241 Executing VM operation: RendezvousGCThreads
Event: 2706.241 Executing VM operation: RendezvousGCThreads done

Memory protections (0 events):
No events

Nmethod flushes (20 events):
Event: 42.344 Thread 0x000001e6785e3520 flushing  nmethod 0x000001e600788710
Event: 42.344 Thread 0x000001e6785e3520 flushing  nmethod 0x000001e6007a2b10
Event: 42.344 Thread 0x000001e6785e3520 flushing  nmethod 0x000001e6007a7c10
Event: 42.344 Thread 0x000001e6785e3520 flushing  nmethod 0x000001e6007eb690
Event: 42.344 Thread 0x000001e6785e3520 flushing  nmethod 0x000001e6007eba90
Event: 42.344 Thread 0x000001e6785e3520 flushing  nmethod 0x000001e6007ebf10
Event: 42.344 Thread 0x000001e6785e3520 flushing  nmethod 0x000001e6007ec990
Event: 42.344 Thread 0x000001e6785e3520 flushing  nmethod 0x000001e6007fdf10
Event: 42.344 Thread 0x000001e6785e3520 flushing  nmethod 0x000001e600800910
Event: 42.344 Thread 0x000001e6785e3520 flushing  nmethod 0x000001e60080a890
Event: 42.344 Thread 0x000001e6785e3520 flushing  nmethod 0x000001e600823110
Event: 42.344 Thread 0x000001e6785e3520 flushing  nmethod 0x000001e600828710
Event: 42.344 Thread 0x000001e6785e3520 flushing osr nmethod 0x000001e600868810
Event: 42.344 Thread 0x000001e6785e3520 flushing osr nmethod 0x000001e60087b210
Event: 42.344 Thread 0x000001e6785e3520 flushing  nmethod 0x000001e600880d10
Event: 42.344 Thread 0x000001e6785e3520 flushing  nmethod 0x000001e6008c4690
Event: 42.344 Thread 0x000001e6785e3520 flushing  nmethod 0x000001e6008c7210
Event: 42.344 Thread 0x000001e6785e3520 flushing  nmethod 0x000001e6008e2a90
Event: 42.344 Thread 0x000001e6785e3520 flushing  nmethod 0x000001e6008e3390
Event: 42.344 Thread 0x000001e6785e3520 flushing  nmethod 0x000001e6008e3710

Events (20 events):
Event: 628.582 Thread 0x000001e650ba72e0 Thread exited: 0x000001e650ba72e0
Event: 669.496 Thread 0x000001e65189afb0 Thread exited: 0x000001e65189afb0
Event: 671.665 Thread 0x000001e65189c360 Thread exited: 0x000001e65189c360
Event: 688.598 Thread 0x000001e65189d080 Thread exited: 0x000001e65189d080
Event: 748.625 Thread 0x000001e650ba8690 Thread exited: 0x000001e650ba8690
Event: 788.696 Thread 0x000001e650ba5f30 Thread added: 0x000001e65189a290
Event: 788.700 Thread 0x000001e65189a290 Thread added: 0x000001e65189a920
Event: 808.623 Thread 0x000001e65189b640 Thread exited: 0x000001e65189b640
Event: 942.807 Thread 0x000001e6799b24d0 Thread added: 0x000001e650b39ae0
Event: 942.810 Thread 0x000001e65189a290 Thread exited: 0x000001e65189a290
Event: 947.814 Thread 0x000001e650b39ae0 Thread exited: 0x000001e650b39ae0
Event: 1065.549 Thread 0x000001e65189a920 Thread exited: 0x000001e65189a920
Event: 1122.613 Thread 0x000001e650ba5f30 Thread added: 0x000001e65189a290
Event: 1122.615 Thread 0x000001e65189a290 Thread added: 0x000001e65189b640
Event: 1234.266 Thread 0x000001e65189f150 Thread exited: 0x000001e65189f150
Event: 1294.213 Thread 0x000001e65189bcd0 Thread exited: 0x000001e65189bcd0
Event: 1682.925 Thread 0x000001e670c1cdb0 Thread added: 0x000001e65172cb00
Event: 1683.160 Thread 0x000001e65172cb00 Thread exited: 0x000001e65172cb00
Event: 1683.308 Thread 0x000001e670c1cdb0 Thread added: 0x000001e6524f0930
Event: 1689.048 Thread 0x000001e6524f0930 Thread exited: 0x000001e6524f0930


Dynamic libraries:
0x00007ff7c4250000 - 0x00007ff7c425e000 	c:\Users\alifs\.vscode\extensions\redhat.java-1.46.0-win32-x64\jre\21.0.8-win32-x86_64\bin\java.exe
0x00007ffb21740000 - 0x00007ffb219a9000 	C:\WINDOWS\SYSTEM32\ntdll.dll
0x00007ffb1ff00000 - 0x00007ffb1ffc9000 	C:\WINDOWS\System32\KERNEL32.DLL
0x00007ffb1ee50000 - 0x00007ffb1f243000 	C:\WINDOWS\System32\KERNELBASE.dll
0x00007ffb1ead0000 - 0x00007ffb1ec1b000 	C:\WINDOWS\System32\ucrtbase.dll
0x00007ffaeeec0000 - 0x00007ffaeeed8000 	c:\Users\alifs\.vscode\extensions\redhat.java-1.46.0-win32-x64\jre\21.0.8-win32-x86_64\bin\jli.dll
0x00007ffaee5a0000 - 0x00007ffaee5be000 	c:\Users\alifs\.vscode\extensions\redhat.java-1.46.0-win32-x64\jre\21.0.8-win32-x86_64\bin\VCRUNTIME140.dll
0x00007ffb20a00000 - 0x00007ffb20bc4000 	C:\WINDOWS\System32\USER32.dll
0x00007ffb1eaa0000 - 0x00007ffb1eac7000 	C:\WINDOWS\System32\win32u.dll
0x00007ffafcde0000 - 0x00007ffafd073000 	C:\WINDOWS\WinSxS\amd64_microsoft.windows.common-controls_6595b64144ccf1df_6.0.26100.5074_none_3e0d6f78e32fd63f\COMCTL32.dll
0x00007ffb21690000 - 0x00007ffb216bb000 	C:\WINDOWS\System32\GDI32.dll
0x00007ffb1f9f0000 - 0x00007ffb1fa99000 	C:\WINDOWS\System32\msvcrt.dll
0x00007ffb1e8d0000 - 0x00007ffb1e9fd000 	C:\WINDOWS\System32\gdi32full.dll
0x00007ffb1f3d0000 - 0x00007ffb1f473000 	C:\WINDOWS\System32\msvcp_win.dll
0x00007ffb216c0000 - 0x00007ffb216ef000 	C:\WINDOWS\System32\IMM32.DLL
0x00007ffb197f0000 - 0x00007ffb197fc000 	c:\Users\alifs\.vscode\extensions\redhat.java-1.46.0-win32-x64\jre\21.0.8-win32-x86_64\bin\vcruntime140_1.dll
0x00007ffadca00000 - 0x00007ffadca8d000 	c:\Users\alifs\.vscode\extensions\redhat.java-1.46.0-win32-x64\jre\21.0.8-win32-x86_64\bin\msvcp140.dll
0x00007ffa00180000 - 0x00007ffa00f17000 	c:\Users\alifs\.vscode\extensions\redhat.java-1.46.0-win32-x64\jre\21.0.8-win32-x86_64\bin\server\jvm.dll
0x00007ffb20920000 - 0x00007ffb209d4000 	C:\WINDOWS\System32\ADVAPI32.dll
0x00007ffb207f0000 - 0x00007ffb20896000 	C:\WINDOWS\System32\sechost.dll
0x00007ffb1fdd0000 - 0x00007ffb1fee8000 	C:\WINDOWS\System32\RPCRT4.dll
0x00007ffb21610000 - 0x00007ffb21684000 	C:\WINDOWS\System32\WS2_32.dll
0x00007ffb1e730000 - 0x00007ffb1e78e000 	C:\WINDOWS\SYSTEM32\POWRPROF.dll
0x00007ffb16630000 - 0x00007ffb16665000 	C:\WINDOWS\SYSTEM32\WINMM.dll
0x00007ffb172a0000 - 0x00007ffb172ab000 	C:\WINDOWS\SYSTEM32\VERSION.dll
0x00007ffb1e710000 - 0x00007ffb1e724000 	C:\WINDOWS\SYSTEM32\UMPDC.dll
0x00007ffb1d6b0000 - 0x00007ffb1d6cb000 	C:\WINDOWS\SYSTEM32\kernel.appcore.dll
0x00007ffb0dfa0000 - 0x00007ffb0dfaa000 	c:\Users\alifs\.vscode\extensions\redhat.java-1.46.0-win32-x64\jre\21.0.8-win32-x86_64\bin\jimage.dll
0x00007ffb111c0000 - 0x00007ffb11402000 	C:\WINDOWS\SYSTEM32\DBGHELP.DLL
0x00007ffb1f510000 - 0x00007ffb1f88b000 	C:\WINDOWS\System32\combase.dll
0x00007ffb1fb60000 - 0x00007ffb1fc37000 	C:\WINDOWS\System32\OLEAUT32.dll
0x00007ffafd770000 - 0x00007ffafd7ad000 	C:\WINDOWS\SYSTEM32\dbgcore.DLL
0x00007ffb1ea00000 - 0x00007ffb1ea99000 	C:\WINDOWS\System32\bcryptPrimitives.dll
0x00007ffb0d720000 - 0x00007ffb0d72f000 	c:\Users\alifs\.vscode\extensions\redhat.java-1.46.0-win32-x64\jre\21.0.8-win32-x86_64\bin\instrument.dll
0x00007ffaee210000 - 0x00007ffaee22f000 	c:\Users\alifs\.vscode\extensions\redhat.java-1.46.0-win32-x64\jre\21.0.8-win32-x86_64\bin\java.dll
0x00007ffb20c50000 - 0x00007ffb2139d000 	C:\WINDOWS\System32\SHELL32.dll
0x00007ffb1ec20000 - 0x00007ffb1ed8c000 	C:\WINDOWS\System32\wintypes.dll
0x00007ffb1c500000 - 0x00007ffb1cd59000 	C:\WINDOWS\SYSTEM32\windows.storage.dll
0x00007ffb1fcd0000 - 0x00007ffb1fdc0000 	C:\WINDOWS\System32\SHCORE.dll
0x00007ffb1faa0000 - 0x00007ffb1fb02000 	C:\WINDOWS\System32\shlwapi.dll
0x00007ffb1e7f0000 - 0x00007ffb1e819000 	C:\WINDOWS\SYSTEM32\profapi.dll
0x00007ffaedfd0000 - 0x00007ffaedfe8000 	c:\Users\alifs\.vscode\extensions\redhat.java-1.46.0-win32-x64\jre\21.0.8-win32-x86_64\bin\zip.dll
0x00007ffb0d0e0000 - 0x00007ffb0d0f0000 	C:\Users\alifs\.vscode\extensions\redhat.java-1.46.0-win32-x64\jre\21.0.8-win32-x86_64\bin\net.dll
0x00007ffb17a30000 - 0x00007ffb17b4f000 	C:\WINDOWS\SYSTEM32\WINHTTP.dll
0x00007ffb1dc30000 - 0x00007ffb1dc9b000 	C:\WINDOWS\system32\mswsock.dll
0x00007ffaecb70000 - 0x00007ffaecb86000 	C:\Users\alifs\.vscode\extensions\redhat.java-1.46.0-win32-x64\jre\21.0.8-win32-x86_64\bin\nio.dll
0x00007ffafecd0000 - 0x00007ffafece0000 	c:\Users\alifs\.vscode\extensions\redhat.java-1.46.0-win32-x64\jre\21.0.8-win32-x86_64\bin\verify.dll
0x00007ffae91a0000 - 0x00007ffae91e4000 	C:\Users\alifs\AppData\Roaming\Code\User\globalStorage\redhat.java\1.46.0\config_win\org.eclipse.equinox.launcher\org.eclipse.equinox.launcher.win32.win32.x86_64_1.2.1400.v20250801-0854\eclipse_11916.dll
0x00007ffb20000000 - 0x00007ffb20198000 	C:\WINDOWS\System32\ole32.dll
0x00007ffb1ded0000 - 0x00007ffb1deeb000 	C:\WINDOWS\SYSTEM32\CRYPTSP.dll
0x00007ffb1d610000 - 0x00007ffb1d64b000 	C:\WINDOWS\system32\rsaenh.dll
0x00007ffb1dcd0000 - 0x00007ffb1dcfb000 	C:\WINDOWS\SYSTEM32\USERENV.dll
0x00007ffb1e7c0000 - 0x00007ffb1e7e6000 	C:\WINDOWS\SYSTEM32\bcrypt.dll
0x00007ffb1def0000 - 0x00007ffb1defc000 	C:\WINDOWS\SYSTEM32\CRYPTBASE.dll
0x00007ffb1d0d0000 - 0x00007ffb1d104000 	C:\WINDOWS\SYSTEM32\IPHLPAPI.DLL
0x00007ffb209f0000 - 0x00007ffb209fa000 	C:\WINDOWS\System32\NSI.dll
0x00007ffadfbc0000 - 0x00007ffadfc09000 	C:\Users\alifs\AppData\Local\Temp\jna-92903147\jna2075146240810780759.dll
0x00007ffb1fef0000 - 0x00007ffb1fef8000 	C:\WINDOWS\System32\PSAPI.DLL
0x00007ffb18d60000 - 0x00007ffb18d7e000 	C:\WINDOWS\SYSTEM32\dhcpcsvc6.DLL
0x00007ffb18b60000 - 0x00007ffb18b83000 	C:\WINDOWS\SYSTEM32\dhcpcsvc.DLL
0x00007ffb19850000 - 0x00007ffb1985e000 	C:\Users\alifs\.vscode\extensions\redhat.java-1.46.0-win32-x64\jre\21.0.8-win32-x86_64\bin\sunmscapi.dll
0x00007ffb1f250000 - 0x00007ffb1f3c7000 	C:\WINDOWS\System32\CRYPT32.dll
0x00007ffb1e0f0000 - 0x00007ffb1e120000 	C:\WINDOWS\SYSTEM32\ncrypt.dll
0x00007ffb1e0a0000 - 0x00007ffb1e0df000 	C:\WINDOWS\SYSTEM32\NTASN1.dll
0x00007ffb1d180000 - 0x00007ffb1d2a6000 	C:\WINDOWS\SYSTEM32\DNSAPI.dll
0x00007ffb17cd0000 - 0x00007ffb17cdb000 	C:\Windows\System32\rasadhlp.dll
0x00007ffb19040000 - 0x00007ffb190c6000 	C:\WINDOWS\System32\fwpuclnt.dll
0x00007ffb11f00000 - 0x00007ffb11f09000 	C:\Users\alifs\.vscode\extensions\redhat.java-1.46.0-win32-x64\jre\21.0.8-win32-x86_64\bin\extnet.dll

JVMTI agents:
c:\Users\alifs\.vscode\extensions\redhat.java-1.46.0-win32-x64\lombok\lombok-1.18.39-4050.jar path:c:\Users\alifs\.vscode\extensions\redhat.java-1.46.0-win32-x64\jre\21.0.8-win32-x86_64\bin\instrument.dll, loaded, initialized, instrumentlib options:none

dbghelp: loaded successfully - version: 4.0.5 - missing functions: none
symbol engine: initialized successfully - sym options: 0x614 - pdb path: .;c:\Users\alifs\.vscode\extensions\redhat.java-1.46.0-win32-x64\jre\21.0.8-win32-x86_64\bin;C:\WINDOWS\SYSTEM32;C:\WINDOWS\WinSxS\amd64_microsoft.windows.common-controls_6595b64144ccf1df_6.0.26100.5074_none_3e0d6f78e32fd63f;c:\Users\alifs\.vscode\extensions\redhat.java-1.46.0-win32-x64\jre\21.0.8-win32-x86_64\bin\server;C:\Users\alifs\AppData\Roaming\Code\User\globalStorage\redhat.java\1.46.0\config_win\org.eclipse.equinox.launcher\org.eclipse.equinox.launcher.win32.win32.x86_64_1.2.1400.v20250801-0854;C:\Users\alifs\AppData\Local\Temp\jna-92903147

VM Arguments:
jvm_args: --add-modules=ALL-SYSTEM --add-opens=java.base/java.util=ALL-UNNAMED --add-opens=java.base/java.lang=ALL-UNNAMED --add-opens=java.base/sun.nio.fs=ALL-UNNAMED -Declipse.application=org.eclipse.jdt.ls.core.id1 -Dosgi.bundles.defaultStartLevel=4 -Declipse.product=org.eclipse.jdt.ls.core.product -Djava.import.generatesMetadataFilesAtProjectRoot=false -DDetectVMInstallationsJob.disabled=true -Dfile.encoding=utf8 -XX:+UseParallelGC -XX:GCTimeRatio=4 -XX:AdaptiveSizePolicyWeight=90 -Dsun.zip.disableMemoryMapping=true -Xmx2G -Xms100m -Xlog:disable -javaagent:c:\Users\alifs\.vscode\extensions\redhat.java-1.46.0-win32-x64\lombok\lombok-1.18.39-4050.jar -XX:+HeapDumpOnOutOfMemoryError -XX:HeapDumpPath=c:\Users\alifs\AppData\Roaming\Code\User\workspaceStorage\b58b63099126c7551d0743b44b78206b\redhat.java -Daether.dependencyCollector.impl=bf 
java_command: c:\Users\alifs\.vscode\extensions\redhat.java-1.46.0-win32-x64\server\plugins\org.eclipse.equinox.launcher_1.7.0.v20250519-0528.jar -configuration c:\Users\alifs\AppData\Roaming\Code\User\globalStorage\redhat.java\1.46.0\config_win -data c:\Users\alifs\AppData\Roaming\Code\User\workspaceStorage\b58b63099126c7551d0743b44b78206b\redhat.java\jdt_ws --pipe=\\.\pipe\lsp-bdabd8447b3329267ac8e5c3f97dd3b9-sock
java_class_path (initial): c:\Users\alifs\.vscode\extensions\redhat.java-1.46.0-win32-x64\server\plugins\org.eclipse.equinox.launcher_1.7.0.v20250519-0528.jar
Launcher Type: SUN_STANDARD

[Global flags]
    uintx AdaptiveSizePolicyWeight                 = 90                                        {product} {command line}
     intx CICompilerCount                          = 4                                         {product} {ergonomic}
    uintx GCTimeRatio                              = 4                                         {product} {command line}
     bool HeapDumpOnOutOfMemoryError               = true                                   {manageable} {command line}
    ccstr HeapDumpPath                             = c:\Users\alifs\AppData\Roaming\Code\User\workspaceStorage\b58b63099126c7551d0743b44b78206b\redhat.java         {manageable} {command line}
   size_t InitialHeapSize                          = 104857600                                 {product} {command line}
   size_t MaxHeapSize                              = 2147483648                                {product} {command line}
   size_t MaxNewSize                               = 715653120                                 {product} {ergonomic}
   size_t MinHeapDeltaBytes                        = 524288                                    {product} {ergonomic}
   size_t MinHeapSize                              = 104857600                                 {product} {command line}
   size_t NewSize                                  = 34603008                                  {product} {ergonomic}
    uintx NonNMethodCodeHeapSize                   = 5839372                                {pd product} {ergonomic}
    uintx NonProfiledCodeHeapSize                  = 122909434                              {pd product} {ergonomic}
   size_t OldSize                                  = 70254592                                  {product} {ergonomic}
    uintx ProfiledCodeHeapSize                     = 122909434                              {pd product} {ergonomic}
    uintx ReservedCodeCacheSize                    = 251658240                              {pd product} {ergonomic}
     bool SegmentedCodeCache                       = true                                      {product} {ergonomic}
   size_t SoftMaxHeapSize                          = 2147483648                             {manageable} {ergonomic}
     bool UseCompressedOops                        = true                           {product lp64_product} {ergonomic}
     bool UseLargePagesIndividualAllocation        = false                                  {pd product} {ergonomic}
     bool UseParallelGC                            = true                                      {product} {command line}

Logging:
Log output configuration:
 #0: stdout all=off uptime,level,tags foldmultilines=false
 #1: stderr all=off uptime,level,tags foldmultilines=false

Environment Variables:
JAVA_HOME=C:\Program Files\Amazon Corretto\jdk17.0.16_8
PATH=C:\Program Files\Amazon Corretto\jdk17.0.16_8\bin;C:\Program Files\Amazon Corretto\jdk11.0.28_6\bin;C:\Program Files\Python313\Scripts\;C:\Program Files\Python313\;C:\windows\system32;C:\windows;C:\windows\System32\Wbem;C:\windows\System32\WindowsPowerShell\v1.0\;C:\windows\System32\OpenSSH\;C:\Program Files (x86)\NVIDIA Corporation\PhysX\Common;C:\Users\Administrator\AppData\Local\Microsoft\WindowsApps;C:\Program Files\HP\OMEN-Broadcast\Common;C:\MinGW\bin;C:\Program Files\HP\HP One Agent;C:\Program Files\Git\cmd;C:\Program Files\Git\mingw64\bin;C:\Program Files\Git\usr\bin;C:\Program Files\Microsoft SQL Server\150\Tools\Binn\;C:\Program Files\Microsoft SQL Server\Client SDK\ODBC\170\Tools\Binn\;C:\Program Files\dotnet\;C:\Program Files\NVIDIA Corporation\NVIDIA app\NvDLISR;C:\WINDOWS\system32;C:\WINDOWS;C:\WINDOWS\System32\Wbem;C:\WINDOWS\System32\WindowsPowerShell\v1.0\;C:\WINDOWS\System32\OpenSSH\;C:\Program Files (x86)\Microsoft SQL Server\160\Tools\Binn\;C:\Program Files\Microsoft SQL Server\160\Tools\Binn\;C:\Program Files\Microsoft SQL Server\160\DTS\Binn\;C:\Program Files (x86)\Microsoft SQL Server\160\DTS\Binn\;C:\Program Files\Azure Data Studio\bin;C:\Program Files\nodejs\;C:\Program Files (x86)\dotnet\;C:\Program Files\Cloudflare\Cloudflare WARP\;C:\Program Files\MySQL\MySQL Shell 8.0\bin\;C:\Users\alifs\AppData\Local\Microsoft\WindowsApps;C:\Users\alifs\AppData\Local\Programs\Microsoft VS Code\bin;C:\Users\alifs\.dotnet\tools;;C:\Program Files\Azure Data Studio\bin;C:\Users\alifs\AppData\Roaming\npm;C:\maven\apache-maven-3.9.4\bin
USERNAME=alifs
OS=Windows_NT
PROCESSOR_IDENTIFIER=AMD64 Family 25 Model 68 Stepping 1, AuthenticAMD
TMP=C:\Users\alifs\AppData\Local\Temp
TEMP=C:\Users\alifs\AppData\Local\Temp




Periodic native trim disabled

---------------  S Y S T E M  ---------------

OS:
 Windows 11 , 64 bit Build 26100 (10.0.26100.5074)
OS uptime: 11 days 12:51 hours
Hyper-V role detected

CPU: total 12 (initial active 12) (12 cores per cpu, 2 threads per core) family 25 model 68 stepping 1 microcode 0xa404107, cx8, cmov, fxsr, ht, mmx, 3dnowpref, sse, sse2, sse3, ssse3, sse4a, sse4.1, sse4.2, popcnt, lzcnt, tsc, tscinvbit, avx, avx2, aes, erms, clmul, bmi1, bmi2, adx, sha, fma, vzeroupper, clflush, clflushopt, hv, rdtscp, rdpid, fsrm, f16c, cet_ss
Processor Information for processor 0
  Max Mhz: 3301, Current Mhz: 2024, Mhz Limit: 3301
Processor Information for processor 1
  Max Mhz: 3301, Current Mhz: 2496, Mhz Limit: 3301
Processor Information for processor 2
  Max Mhz: 3301, Current Mhz: 2496, Mhz Limit: 3301
Processor Information for processor 3
  Max Mhz: 3301, Current Mhz: 2496, Mhz Limit: 3301
Processor Information for processor 4
  Max Mhz: 3301, Current Mhz: 2024, Mhz Limit: 3301
Processor Information for processor 5
  Max Mhz: 3301, Current Mhz: 2024, Mhz Limit: 3301
Processor Information for processor 6
  Max Mhz: 3301, Current Mhz: 2024, Mhz Limit: 3301
Processor Information for processor 7
  Max Mhz: 3301, Current Mhz: 2024, Mhz Limit: 3301
Processor Information for processor 8
  Max Mhz: 3301, Current Mhz: 2496, Mhz Limit: 3301
Processor Information for processor 9
  Max Mhz: 3301, Current Mhz: 2496, Mhz Limit: 3301
Processor Information for processor 10
  Max Mhz: 3301, Current Mhz: 2496, Mhz Limit: 3301
Processor Information for processor 11
  Max Mhz: 3301, Current Mhz: 2024, Mhz Limit: 3301

Memory: 4k page, system-wide physical 5845M (335M free)
TotalPageFile size 24277M (AvailPageFile size 7M)
current process WorkingSet (physical memory assigned to process): 8M, peak: 290M
current process commit charge ("private bytes"): 489M, peak: 527M

vm_info: OpenJDK 64-Bit Server VM (21.0.8+9-LTS) for windows-amd64 JRE (21.0.8+9-LTS), built on 2025-07-15T00:00:00Z by "admin" with MS VC++ 17.7 (VS2022)

END.
