#
# There is insufficient memory for the Java Runtime Environment to continue.
# Native memory allocation (malloc) failed to allocate 1048576 bytes. Error detail: AllocateHeap
# Possible reasons:
#   The system is out of physical RAM or swap space
#   This process is running with CompressedOops enabled, and the Java Heap may be blocking the growth of the native heap
# Possible solutions:
#   Reduce memory load on the system
#   Increase physical memory or swap space
#   Check if swap backing store is full
#   Decrease Java heap size (-Xmx/-Xms)
#   Decrease number of Java threads
#   Decrease Java thread stack sizes (-Xss)
#   Set larger code cache with -XX:ReservedCodeCacheSize=
#   JVM is running with Unscaled Compressed Oops mode in which the Java heap is
#     placed in the first 4GB address space. The Java Heap base address is the
#     maximum limit for the native heap growth. Please use -XX:HeapBaseMinAddress
#     to set the Java Heap base and to place the Java Heap above 4GB virtual address.
# This output file may be truncated or incomplete.
#
#  Out of Memory Error (allocation.cpp:44), pid=34972, tid=29524
#
# JRE version: OpenJDK Runtime Environment Temurin-21.0.8+9 (21.0.8+9) (build 21.0.8+9-LTS)
# Java VM: OpenJDK 64-Bit Server VM Temurin-21.0.8+9 (21.0.8+9-LTS, mixed mode, sharing, tiered, compressed oops, compressed class ptrs, parallel gc, windows-amd64)
# No core dump will be written. Minidumps are not enabled by default on client versions of Windows
#

---------------  S U M M A R Y ------------

Command Line: --add-modules=ALL-SYSTEM --add-opens=java.base/java.util=ALL-UNNAMED --add-opens=java.base/java.lang=ALL-UNNAMED --add-opens=java.base/sun.nio.fs=ALL-UNNAMED -Declipse.application=org.eclipse.jdt.ls.core.id1 -Dosgi.bundles.defaultStartLevel=4 -Declipse.product=org.eclipse.jdt.ls.core.product -Djava.import.generatesMetadataFilesAtProjectRoot=false -DDetectVMInstallationsJob.disabled=true -Dfile.encoding=utf8 -XX:+UseParallelGC -XX:GCTimeRatio=4 -XX:AdaptiveSizePolicyWeight=90 -Dsun.zip.disableMemoryMapping=true -Xmx2G -Xms100m -Xlog:disable -javaagent:c:\Users\alifs\.vscode\extensions\redhat.java-1.46.0-win32-x64\lombok\lombok-1.18.39-4050.jar -XX:+HeapDumpOnOutOfMemoryError -XX:HeapDumpPath=c:\Users\alifs\AppData\Roaming\Code\User\workspaceStorage\b58b63099126c7551d0743b44b78206b\redhat.java -Daether.dependencyCollector.impl=bf c:\Users\alifs\.vscode\extensions\redhat.java-1.46.0-win32-x64\server\plugins\org.eclipse.equinox.launcher_1.7.0.v20250519-0528.jar -configuration c:\Users\alifs\AppData\Roaming\Code\User\globalStorage\redhat.java\1.46.0\config_win -data c:\Users\alifs\AppData\Roaming\Code\User\workspaceStorage\b58b63099126c7551d0743b44b78206b\redhat.java\jdt_ws --pipe=\\.\pipe\lsp-6467bf53238d0f573c60e8699c54ecad-sock

Host: AMD Ryzen 5 7535HS with Radeon Graphics        , 12 cores, 5G,  Windows 11 , 64 bit Build 26100 (10.0.26100.5074)
Time: Sun Oct  5 23:14:49 2025 Bangladesh Standard Time elapsed time: 3064.196626 seconds (0d 0h 51m 4s)

---------------  T H R E A D  ---------------

Current thread (0x0000010f5935c410):  JavaThread "Attach Listener" daemon [_thread_in_vm, id=29524, stack(0x0000000272e00000,0x0000000272f00000) (1024K)]

Stack: [0x0000000272e00000,0x0000000272f00000]
Native frames: (J=compiled Java code, j=interpreted, Vv=VM code, C=native code)
V  [jvm.dll+0x6d2449]
V  [jvm.dll+0x8ae341]
V  [jvm.dll+0x8b08be]
V  [jvm.dll+0x8b0fa3]
V  [jvm.dll+0x280c96]
V  [jvm.dll+0xc0347]
V  [jvm.dll+0x6d2cf9]
V  [jvm.dll+0x131116]
V  [jvm.dll+0x3f2d16]
V  [jvm.dll+0x857e6b]
V  [jvm.dll+0x6d0b0d]
C  [ucrtbase.dll+0x37b0]
C  [KERNEL32.DLL+0x2e8d7]
C  [ntdll.dll+0x8d9c]


---------------  P R O C E S S  ---------------

Threads class SMR info:
_java_thread_list=0x0000010f5e7e7b90, length=38, elements={
0x0000010f7e8648a0, 0x0000010f59354b30, 0x0000010f59356950, 0x0000010f5935b410,
0x0000010f5935c410, 0x0000010f59365950, 0x0000010f5936e360, 0x0000010f59371b10,
0x0000010f59372fc0, 0x0000010f7e8d1c20, 0x0000010f596b5ab0, 0x0000010f59bfb000,
0x0000010f59cec3d0, 0x0000010f59e04230, 0x0000010f5e290040, 0x0000010f597f84c0,
0x0000010f5e4b41d0, 0x0000010f59c9d2a0, 0x0000010f59c9cc10, 0x0000010f59c9dfc0,
0x0000010f59c9e650, 0x0000010f59c9ece0, 0x0000010f60ee8550, 0x0000010f60ee8be0,
0x0000010f60ee9270, 0x0000010f60ee9f90, 0x0000010f60ee9900, 0x0000010f60eeacb0,
0x0000010f60eea620, 0x0000010f60ee7830, 0x0000010f60eeb340, 0x0000010f60ee7ec0,
0x0000010f60eecd80, 0x0000010f60eec060, 0x0000010f60eec6f0, 0x0000010f60eedaa0,
0x0000010f60eed410, 0x0000010f60eee130
}

Java Threads: ( => current thread )
  0x0000010f7e8648a0 JavaThread "main"                              [_thread_blocked, id=14844, stack(0x0000000272700000,0x0000000272800000) (1024K)]
  0x0000010f59354b30 JavaThread "Reference Handler"          daemon [_thread_blocked, id=6704, stack(0x0000000272b00000,0x0000000272c00000) (1024K)]
  0x0000010f59356950 JavaThread "Finalizer"                  daemon [_thread_blocked, id=18716, stack(0x0000000272c00000,0x0000000272d00000) (1024K)]
  0x0000010f5935b410 JavaThread "Signal Dispatcher"          daemon [_thread_blocked, id=12192, stack(0x0000000272d00000,0x0000000272e00000) (1024K)]
=>0x0000010f5935c410 JavaThread "Attach Listener"            daemon [_thread_in_vm, id=29524, stack(0x0000000272e00000,0x0000000272f00000) (1024K)]
  0x0000010f59365950 JavaThread "Service Thread"             daemon [_thread_blocked, id=25360, stack(0x0000000272f00000,0x0000000273000000) (1024K)]
  0x0000010f5936e360 JavaThread "Monitor Deflation Thread"   daemon [_thread_blocked, id=33328, stack(0x0000000273000000,0x0000000273100000) (1024K)]
  0x0000010f59371b10 JavaThread "C2 CompilerThread0"         daemon [_thread_blocked, id=27444, stack(0x0000000273100000,0x0000000273200000) (1024K)]
  0x0000010f59372fc0 JavaThread "C1 CompilerThread0"         daemon [_thread_blocked, id=7164, stack(0x0000000273200000,0x0000000273300000) (1024K)]
  0x0000010f7e8d1c20 JavaThread "Common-Cleaner"             daemon [_thread_blocked, id=31304, stack(0x0000000273300000,0x0000000273400000) (1024K)]
  0x0000010f596b5ab0 JavaThread "Notification Thread"        daemon [_thread_blocked, id=30876, stack(0x0000000273500000,0x0000000273600000) (1024K)]
  0x0000010f59bfb000 JavaThread "Active Thread: Equinox Container: 3b99bb73-d657-4536-a9a2-33d8f31dab42"        [_thread_blocked, id=35616, stack(0x0000000273c00000,0x0000000273d00000) (1024K)]
  0x0000010f59cec3d0 JavaThread "Refresh Thread: Equinox Container: 3b99bb73-d657-4536-a9a2-33d8f31dab42" daemon [_thread_blocked, id=25024, stack(0x0000000273d00000,0x0000000273e00000) (1024K)]
  0x0000010f59e04230 JavaThread "Framework Event Dispatcher: Equinox Container: 3b99bb73-d657-4536-a9a2-33d8f31dab42" daemon [_thread_blocked, id=25400, stack(0x0000000273e00000,0x0000000273f00000) (1024K)]
  0x0000010f5e290040 JavaThread "Start Level: Equinox Container: 3b99bb73-d657-4536-a9a2-33d8f31dab42" daemon [_thread_blocked, id=30448, stack(0x0000000273f00000,0x0000000274000000) (1024K)]
  0x0000010f597f84c0 JavaThread "Bundle File Closer"         daemon [_thread_blocked, id=34680, stack(0x0000000274200000,0x0000000274300000) (1024K)]
  0x0000010f5e4b41d0 JavaThread "SCR Component Actor"        daemon [_thread_blocked, id=26360, stack(0x0000000274300000,0x0000000274400000) (1024K)]
  0x0000010f59c9d2a0 JavaThread "Worker-JM"                         [_thread_blocked, id=29976, stack(0x0000000274400000,0x0000000274500000) (1024K)]
  0x0000010f59c9cc10 JavaThread "JNA Cleaner"                daemon [_thread_blocked, id=12948, stack(0x0000000274500000,0x0000000274600000) (1024K)]
  0x0000010f59c9dfc0 JavaThread "Worker-0"                          [_thread_blocked, id=26236, stack(0x0000000274600000,0x0000000274700000) (1024K)]
  0x0000010f59c9e650 JavaThread "Worker-1"                          [_thread_blocked, id=10812, stack(0x0000000274700000,0x0000000274800000) (1024K)]
  0x0000010f59c9ece0 JavaThread "Java indexing"              daemon [_thread_blocked, id=7640, stack(0x0000000274800000,0x0000000274900000) (1024K)]
  0x0000010f60ee8550 JavaThread "Thread-1"                   daemon [_thread_in_native, id=24516, stack(0x0000000274e00000,0x0000000274f00000) (1024K)]
  0x0000010f60ee8be0 JavaThread "Thread-2"                   daemon [_thread_in_native, id=7796, stack(0x0000000274f00000,0x0000000275000000) (1024K)]
  0x0000010f60ee9270 JavaThread "Thread-3"                   daemon [_thread_in_native, id=28912, stack(0x0000000275000000,0x0000000275100000) (1024K)]
  0x0000010f60ee9f90 JavaThread "Thread-4"                   daemon [_thread_in_native, id=28624, stack(0x0000000275100000,0x0000000275200000) (1024K)]
  0x0000010f60ee9900 JavaThread "Thread-5"                   daemon [_thread_in_native, id=15848, stack(0x0000000275200000,0x0000000275300000) (1024K)]
  0x0000010f60eeacb0 JavaThread "Thread-6"                   daemon [_thread_in_native, id=6032, stack(0x0000000275300000,0x0000000275400000) (1024K)]
  0x0000010f60eea620 JavaThread "Thread-7"                   daemon [_thread_in_native, id=10592, stack(0x0000000275400000,0x0000000275500000) (1024K)]
  0x0000010f60ee7830 JavaThread "Thread-8"                   daemon [_thread_in_native, id=26604, stack(0x0000000275500000,0x0000000275600000) (1024K)]
  0x0000010f60eeb340 JavaThread "Thread-9"                   daemon [_thread_in_native, id=768, stack(0x0000000275600000,0x0000000275700000) (1024K)]
  0x0000010f60ee7ec0 JavaThread "Thread-10"                  daemon [_thread_in_native, id=33716, stack(0x0000000275700000,0x0000000275800000) (1024K)]
  0x0000010f60eecd80 JavaThread "Thread-11"                  daemon [_thread_in_native, id=37576, stack(0x0000000275800000,0x0000000275900000) (1024K)]
  0x0000010f60eec060 JavaThread "Thread-12"                  daemon [_thread_in_native, id=19392, stack(0x0000000275900000,0x0000000275a00000) (1024K)]
  0x0000010f60eec6f0 JavaThread "Thread-13"                  daemon [_thread_in_native, id=24108, stack(0x0000000275a00000,0x0000000275b00000) (1024K)]
  0x0000010f60eedaa0 JavaThread "pool-2-thread-1"                   [_thread_blocked, id=17972, stack(0x0000000275b00000,0x0000000275c00000) (1024K)]
  0x0000010f60eed410 JavaThread "WorkspaceEventsHandler"            [_thread_blocked, id=34392, stack(0x0000000272600000,0x0000000272700000) (1024K)]
  0x0000010f60eee130 JavaThread "pool-1-thread-1"                   [_thread_blocked, id=18176, stack(0x0000000275c00000,0x0000000275d00000) (1024K)]
Total: 38

Other Threads:
  0x0000010f16314960 VMThread "VM Thread"                           [id=20132, stack(0x0000000272a00000,0x0000000272b00000) (1024K)]
  0x0000010f1620ca00 WatcherThread "VM Periodic Task Thread"        [id=26480, stack(0x0000000272900000,0x0000000272a00000) (1024K)]
  0x0000010f7e8832f0 WorkerThread "GC Thread#0"                     [id=22376, stack(0x0000000272800000,0x0000000272900000) (1024K)]
  0x0000010f59c16de0 WorkerThread "GC Thread#1"                     [id=3540, stack(0x0000000273600000,0x0000000273700000) (1024K)]
  0x0000010f59c17180 WorkerThread "GC Thread#2"                     [id=36532, stack(0x0000000273700000,0x0000000273800000) (1024K)]
  0x0000010f59c17520 WorkerThread "GC Thread#3"                     [id=4836, stack(0x0000000273800000,0x0000000273900000) (1024K)]
  0x0000010f59c178c0 WorkerThread "GC Thread#4"                     [id=3328, stack(0x0000000273900000,0x0000000273a00000) (1024K)]
  0x0000010f59703fa0 WorkerThread "GC Thread#5"                     [id=15588, stack(0x0000000273a00000,0x0000000273b00000) (1024K)]
  0x0000010f59704340 WorkerThread "GC Thread#6"                     [id=35580, stack(0x0000000273b00000,0x0000000273c00000) (1024K)]
  0x0000010f594859e0 WorkerThread "GC Thread#7"                     [id=32352, stack(0x0000000273400000,0x0000000273500000) (1024K)]
  0x0000010f5e1a8ef0 WorkerThread "GC Thread#8"                     [id=13032, stack(0x0000000274000000,0x0000000274100000) (1024K)]
  0x0000010f597f6cd0 WorkerThread "GC Thread#9"                     [id=20896, stack(0x0000000274100000,0x0000000274200000) (1024K)]
Total: 12

Threads with active compile tasks:
Total: 0

VM state: not at safepoint (normal execution)

VM Mutex/Monitor currently owned by a thread: None

Heap address: 0x0000000080000000, size: 2048 MB, Compressed Oops mode: 32-bit

CDS archive(s) mapped at: [0x0000010f17000000-0x0000010f17ba0000-0x0000010f17ba0000), size 12189696, SharedBaseAddress: 0x0000010f17000000, ArchiveRelocationMode: 1.
Compressed class space mapped at: 0x0000010f18000000-0x0000010f58000000, reserved size: 1073741824
Narrow klass base: 0x0000010f17000000, Narrow klass shift: 0, Narrow klass range: 0x100000000

GC Precious Log:
 CardTable entry size: 512
 CPUs: 12 total, 12 available
 Memory: 5845M
 Large Page Support: Disabled
 NUMA Support: Disabled
 Compressed Oops: Enabled (32-bit)
 Alignments: Space 512K, Generation 512K, Heap 2M
 Heap Min Capacity: 100M
 Heap Initial Capacity: 100M
 Heap Max Capacity: 2G
 Pre-touch: Disabled
 Parallel Workers: 10

Heap:
 PSYoungGen      total 18944K, used 5759K [0x00000000d5580000, 0x00000000d6a00000, 0x0000000100000000)
  eden space 16896K, 24% used [0x00000000d5580000,0x00000000d598a3b0,0x00000000d6600000)
  from space 2048K, 79% used [0x00000000d6600000,0x00000000d6795af8,0x00000000d6800000)
  to   space 2048K, 0% used [0x00000000d6800000,0x00000000d6800000,0x00000000d6a00000)
 ParOldGen       total 78848K, used 78506K [0x0000000080000000, 0x0000000084d00000, 0x00000000d5580000)
  object space 78848K, 99% used [0x0000000080000000,0x0000000084caa9e0,0x0000000084d00000)
 Metaspace       used 63633K, committed 65216K, reserved 1114112K
  class space    used 6732K, committed 7424K, reserved 1048576K

Card table byte_map: [0x0000010f7e210000,0x0000010f7e620000] _byte_map_base: 0x0000010f7de10000

Marking Bits: (ParMarkBitMap*) 0x00007ffa2880a340
 Begin Bits: [0x0000010f12130000, 0x0000010f14130000)
 End Bits:   [0x0000010f14130000, 0x0000010f16130000)

Polling page: 0x0000010f7ca50000

Metaspace:

Usage:
  Non-class:     55.57 MB used.
      Class:      6.57 MB used.
       Both:     62.14 MB used.

Virtual space:
  Non-class space:       64.00 MB reserved,      56.44 MB ( 88%) committed,  1 nodes.
      Class space:        1.00 GB reserved,       7.25 MB ( <1%) committed,  1 nodes.
             Both:        1.06 GB reserved,      63.69 MB (  6%) committed. 

Chunk freelists:
   Non-Class:  7.58 MB
       Class:  8.61 MB
        Both:  16.19 MB

MaxMetaspaceSize: unlimited
CompressedClassSpaceSize: 1.00 GB
Initial GC threshold: 21.00 MB
Current GC threshold: 97.31 MB
CDS: on
 - commit_granule_bytes: 65536.
 - commit_granule_words: 8192.
 - virtual_space_node_default_size: 8388608.
 - enlarge_chunks_in_place: 1.
 - use_allocation_guard: 0.


Internal statistics:

num_allocs_failed_limit: 9.
num_arena_births: 1290.
num_arena_deaths: 14.
num_vsnodes_births: 2.
num_vsnodes_deaths: 0.
num_space_committed: 1019.
num_space_uncommitted: 0.
num_chunks_returned_to_freelist: 23.
num_chunks_taken_from_freelist: 4347.
num_chunk_merges: 12.
num_chunk_splits: 2634.
num_chunks_enlarged: 1453.
num_inconsistent_stats: 0.

CodeHeap 'non-profiled nmethods': size=120000Kb used=5124Kb max_used=5124Kb free=114876Kb
 bounds [0x0000010f0ac00000, 0x0000010f0b110000, 0x0000010f12130000]
CodeHeap 'profiled nmethods': size=120000Kb used=23693Kb max_used=23693Kb free=96306Kb
 bounds [0x0000010f03130000, 0x0000010f04860000, 0x0000010f0a660000]
CodeHeap 'non-nmethods': size=5760Kb used=1430Kb max_used=1486Kb free=4329Kb
 bounds [0x0000010f0a660000, 0x0000010f0a8d0000, 0x0000010f0ac00000]
CodeCache: size=245760Kb, used=30247Kb, max_used=30303Kb, free=215511Kb
 total_blobs=12096, nmethods=11359, adapters=642, full_count=0
Compilation: enabled, stopped_count=0, restarted_count=0

Compilation events (20 events):
Event: 2591.982 Thread 0x0000010f59372fc0 12064       3       org.eclipse.jdt.ls.core.internal.ParentProcessWatcher::run (83 bytes)
Event: 2592.020 Thread 0x0000010f59372fc0 nmethod 12064 0x0000010f0484f890 code [0x0000010f0484fb20, 0x0000010f04850578]
Event: 2592.020 Thread 0x0000010f59372fc0 12065       3       org.eclipse.jdt.ls.core.internal.ParentProcessWatcher::parentProcessStillRunning (62 bytes)
Event: 2592.026 Thread 0x0000010f59372fc0 nmethod 12065 0x0000010f04850910 code [0x0000010f04850b40, 0x0000010f04851248]
Event: 2632.015 Thread 0x0000010f59372fc0 12066       3       java.lang.ProcessHandleImpl::<init> (15 bytes)
Event: 2632.018 Thread 0x0000010f59372fc0 nmethod 12066 0x0000010f04851490 code [0x0000010f04851640, 0x0000010f048517b0]
Event: 2822.538 Thread 0x0000010f59371b10 12067       4       java.util.concurrent.locks.ReentrantReadWriteLock$NonfairSync::readerShouldBlock (5 bytes)
Event: 2822.551 Thread 0x0000010f59371b10 nmethod 12067 0x0000010f0b0ffc10 code [0x0000010f0b0ffda0, 0x0000010f0b0ffe48]
Event: 2822.551 Thread 0x0000010f59371b10 12068       4       java.util.concurrent.locks.AbstractQueuedSynchronizer::apparentlyFirstQueuedIsExclusive (38 bytes)
Event: 2822.552 Thread 0x0000010f59371b10 nmethod 12068 0x0000010f0b0fff10 code [0x0000010f0b1000a0, 0x0000010f0b100148]
Event: 3027.174 Thread 0x0000010f59372fc0 12069       3       org.eclipse.core.internal.jobs.InternalJob::internalGetState (9 bytes)
Event: 3027.179 Thread 0x0000010f59372fc0 nmethod 12069 0x0000010f04851890 code [0x0000010f04851a20, 0x0000010f04851b30]
Event: 3027.195 Thread 0x0000010f59372fc0 12070       1       org.eclipse.core.internal.jobs.InternalJob::setStartTime (6 bytes)
Event: 3027.196 Thread 0x0000010f59372fc0 nmethod 12070 0x0000010f0b100210 code [0x0000010f0b1003a0, 0x0000010f0b100480]
Event: 3027.198 Thread 0x0000010f59371b10 12071       4       java.util.concurrent.TimeUnit::toNanos (45 bytes)
Event: 3027.203 Thread 0x0000010f59371b10 nmethod 12071 0x0000010f0b100510 code [0x0000010f0b1006a0, 0x0000010f0b100798]
Event: 3032.586 Thread 0x0000010f59371b10 12072       4       java.util.concurrent.locks.ReentrantReadWriteLock$Sync::tryAcquireShared (177 bytes)
Event: 3032.629 Thread 0x0000010f59371b10 nmethod 12072 0x0000010f0b100890 code [0x0000010f0b100a60, 0x0000010f0b100d38]
Event: 3060.756 Thread 0x0000010f59372fc0 12073   !   3       java.util.logging.LogManager::ensureLogManagerInitialized (144 bytes)
Event: 3060.791 Thread 0x0000010f59372fc0 nmethod 12073 0x0000010f04851c10 code [0x0000010f04851f20, 0x0000010f04853040]

GC Heap History (20 events):
Event: 45.924 GC heap before
{Heap before GC invocations=71 (full 3):
 PSYoungGen      total 19968K, used 19456K [0x00000000d5580000, 0x00000000d6a80000, 0x0000000100000000)
  eden space 18432K, 100% used [0x00000000d5580000,0x00000000d6780000,0x00000000d6780000)
  from space 1536K, 66% used [0x00000000d6780000,0x00000000d6880000,0x00000000d6900000)
  to   space 1536K, 0% used [0x00000000d6900000,0x00000000d6900000,0x00000000d6a80000)
 ParOldGen       total 68608K, used 67780K [0x0000000080000000, 0x0000000084300000, 0x00000000d5580000)
  object space 68608K, 98% used [0x0000000080000000,0x00000000842311d8,0x0000000084300000)
 Metaspace       used 59914K, committed 61440K, reserved 1114112K
  class space    used 6403K, committed 7040K, reserved 1048576K
}
Event: 45.926 GC heap after
{Heap after GC invocations=71 (full 3):
 PSYoungGen      total 19456K, used 608K [0x00000000d5580000, 0x00000000d6a00000, 0x0000000100000000)
  eden space 18432K, 0% used [0x00000000d5580000,0x00000000d5580000,0x00000000d6780000)
  from space 1024K, 59% used [0x00000000d6900000,0x00000000d6998020,0x00000000d6a00000)
  to   space 1024K, 0% used [0x00000000d6800000,0x00000000d6800000,0x00000000d6900000)
 ParOldGen       total 69120K, used 68619K [0x0000000080000000, 0x0000000084380000, 0x00000000d5580000)
  object space 69120K, 99% used [0x0000000080000000,0x0000000084302c70,0x0000000084380000)
 Metaspace       used 59914K, committed 61440K, reserved 1114112K
  class space    used 6403K, committed 7040K, reserved 1048576K
}
Event: 46.067 GC heap before
{Heap before GC invocations=72 (full 3):
 PSYoungGen      total 19456K, used 19040K [0x00000000d5580000, 0x00000000d6a00000, 0x0000000100000000)
  eden space 18432K, 100% used [0x00000000d5580000,0x00000000d6780000,0x00000000d6780000)
  from space 1024K, 59% used [0x00000000d6900000,0x00000000d6998020,0x00000000d6a00000)
  to   space 1024K, 0% used [0x00000000d6800000,0x00000000d6800000,0x00000000d6900000)
 ParOldGen       total 69120K, used 68619K [0x0000000080000000, 0x0000000084380000, 0x00000000d5580000)
  object space 69120K, 99% used [0x0000000080000000,0x0000000084302c70,0x0000000084380000)
 Metaspace       used 59926K, committed 61504K, reserved 1114112K
  class space    used 6403K, committed 7040K, reserved 1048576K
}
Event: 46.071 GC heap after
{Heap after GC invocations=72 (full 3):
 PSYoungGen      total 19456K, used 572K [0x00000000d5580000, 0x00000000d6980000, 0x0000000100000000)
  eden space 18432K, 0% used [0x00000000d5580000,0x00000000d5580000,0x00000000d6780000)
  from space 1024K, 55% used [0x00000000d6800000,0x00000000d688f000,0x00000000d6900000)
  to   space 512K, 0% used [0x00000000d6900000,0x00000000d6900000,0x00000000d6980000)
 ParOldGen       total 69120K, used 69043K [0x0000000080000000, 0x0000000084380000, 0x00000000d5580000)
  object space 69120K, 99% used [0x0000000080000000,0x000000008436cc90,0x0000000084380000)
 Metaspace       used 59926K, committed 61504K, reserved 1114112K
  class space    used 6403K, committed 7040K, reserved 1048576K
}
Event: 46.109 GC heap before
{Heap before GC invocations=73 (full 3):
 PSYoungGen      total 19456K, used 18993K [0x00000000d5580000, 0x00000000d6980000, 0x0000000100000000)
  eden space 18432K, 99% used [0x00000000d5580000,0x00000000d677d6d8,0x00000000d6780000)
  from space 1024K, 55% used [0x00000000d6800000,0x00000000d688f000,0x00000000d6900000)
  to   space 512K, 0% used [0x00000000d6900000,0x00000000d6900000,0x00000000d6980000)
 ParOldGen       total 69120K, used 69043K [0x0000000080000000, 0x0000000084380000, 0x00000000d5580000)
  object space 69120K, 99% used [0x0000000080000000,0x000000008436cc90,0x0000000084380000)
 Metaspace       used 59941K, committed 61504K, reserved 1114112K
  class space    used 6406K, committed 7040K, reserved 1048576K
}
Event: 46.110 GC heap after
{Heap after GC invocations=73 (full 3):
 PSYoungGen      total 18944K, used 491K [0x00000000d5580000, 0x00000000d6a80000, 0x0000000100000000)
  eden space 18432K, 0% used [0x00000000d5580000,0x00000000d5580000,0x00000000d6780000)
  from space 512K, 96% used [0x00000000d6900000,0x00000000d697af50,0x00000000d6980000)
  to   space 1536K, 0% used [0x00000000d6780000,0x00000000d6780000,0x00000000d6900000)
 ParOldGen       total 69632K, used 69570K [0x0000000080000000, 0x0000000084400000, 0x00000000d5580000)
  object space 69632K, 99% used [0x0000000080000000,0x00000000843f09e0,0x0000000084400000)
 Metaspace       used 59941K, committed 61504K, reserved 1114112K
  class space    used 6406K, committed 7040K, reserved 1048576K
}
Event: 46.217 GC heap before
{Heap before GC invocations=74 (full 3):
 PSYoungGen      total 18944K, used 18923K [0x00000000d5580000, 0x00000000d6a80000, 0x0000000100000000)
  eden space 18432K, 100% used [0x00000000d5580000,0x00000000d6780000,0x00000000d6780000)
  from space 512K, 96% used [0x00000000d6900000,0x00000000d697af50,0x00000000d6980000)
  to   space 1536K, 0% used [0x00000000d6780000,0x00000000d6780000,0x00000000d6900000)
 ParOldGen       total 69632K, used 69570K [0x0000000080000000, 0x0000000084400000, 0x00000000d5580000)
  object space 69632K, 99% used [0x0000000080000000,0x00000000843f09e0,0x0000000084400000)
 Metaspace       used 60543K, committed 62080K, reserved 1114112K
  class space    used 6465K, committed 7104K, reserved 1048576K
}
Event: 46.219 GC heap after
{Heap after GC invocations=74 (full 3):
 PSYoungGen      total 19968K, used 1512K [0x00000000d5580000, 0x00000000d6c80000, 0x0000000100000000)
  eden space 18432K, 0% used [0x00000000d5580000,0x00000000d5580000,0x00000000d6780000)
  from space 1536K, 98% used [0x00000000d6780000,0x00000000d68fa130,0x00000000d6900000)
  to   space 2560K, 0% used [0x00000000d6a00000,0x00000000d6a00000,0x00000000d6c80000)
 ParOldGen       total 70656K, used 70181K [0x0000000080000000, 0x0000000084500000, 0x00000000d5580000)
  object space 70656K, 99% used [0x0000000080000000,0x00000000844897d8,0x0000000084500000)
 Metaspace       used 60543K, committed 62080K, reserved 1114112K
  class space    used 6465K, committed 7104K, reserved 1048576K
}
Event: 46.533 GC heap before
{Heap before GC invocations=75 (full 3):
 PSYoungGen      total 19968K, used 19921K [0x00000000d5580000, 0x00000000d6c80000, 0x0000000100000000)
  eden space 18432K, 99% used [0x00000000d5580000,0x00000000d677a418,0x00000000d6780000)
  from space 1536K, 98% used [0x00000000d6780000,0x00000000d68fa130,0x00000000d6900000)
  to   space 2560K, 0% used [0x00000000d6a00000,0x00000000d6a00000,0x00000000d6c80000)
 ParOldGen       total 70656K, used 70181K [0x0000000080000000, 0x0000000084500000, 0x00000000d5580000)
  object space 70656K, 99% used [0x0000000080000000,0x00000000844897d8,0x0000000084500000)
 Metaspace       used 61369K, committed 62976K, reserved 1114112K
  class space    used 6565K, committed 7232K, reserved 1048576K
}
Event: 46.537 GC heap after
{Heap after GC invocations=75 (full 3):
 PSYoungGen      total 20480K, used 1938K [0x00000000d5580000, 0x00000000d6c00000, 0x0000000100000000)
  eden space 18432K, 0% used [0x00000000d5580000,0x00000000d5580000,0x00000000d6780000)
  from space 2048K, 94% used [0x00000000d6a00000,0x00000000d6be48a8,0x00000000d6c00000)
  to   space 2048K, 0% used [0x00000000d6800000,0x00000000d6800000,0x00000000d6a00000)
 ParOldGen       total 71680K, used 71485K [0x0000000080000000, 0x0000000084600000, 0x00000000d5580000)
  object space 71680K, 99% used [0x0000000080000000,0x00000000845cf498,0x0000000084600000)
 Metaspace       used 61369K, committed 62976K, reserved 1114112K
  class space    used 6565K, committed 7232K, reserved 1048576K
}
Event: 46.748 GC heap before
{Heap before GC invocations=76 (full 3):
 PSYoungGen      total 20480K, used 20370K [0x00000000d5580000, 0x00000000d6c00000, 0x0000000100000000)
  eden space 18432K, 100% used [0x00000000d5580000,0x00000000d6780000,0x00000000d6780000)
  from space 2048K, 94% used [0x00000000d6a00000,0x00000000d6be48a8,0x00000000d6c00000)
  to   space 2048K, 0% used [0x00000000d6800000,0x00000000d6800000,0x00000000d6a00000)
 ParOldGen       total 71680K, used 71485K [0x0000000080000000, 0x0000000084600000, 0x00000000d5580000)
  object space 71680K, 99% used [0x0000000080000000,0x00000000845cf498,0x0000000084600000)
 Metaspace       used 61611K, committed 63168K, reserved 1114112K
  class space    used 6582K, committed 7232K, reserved 1048576K
}
Event: 46.751 GC heap after
{Heap after GC invocations=76 (full 3):
 PSYoungGen      total 19968K, used 1152K [0x00000000d5580000, 0x00000000d6a80000, 0x0000000100000000)
  eden space 18432K, 0% used [0x00000000d5580000,0x00000000d5580000,0x00000000d6780000)
  from space 1536K, 75% used [0x00000000d6800000,0x00000000d6920020,0x00000000d6980000)
  to   space 1024K, 0% used [0x00000000d6980000,0x00000000d6980000,0x00000000d6a80000)
 ParOldGen       total 73216K, used 72956K [0x0000000080000000, 0x0000000084780000, 0x00000000d5580000)
  object space 73216K, 99% used [0x0000000080000000,0x000000008473f318,0x0000000084780000)
 Metaspace       used 61611K, committed 63168K, reserved 1114112K
  class space    used 6582K, committed 7232K, reserved 1048576K
}
Event: 47.270 GC heap before
{Heap before GC invocations=77 (full 3):
 PSYoungGen      total 19968K, used 19584K [0x00000000d5580000, 0x00000000d6a80000, 0x0000000100000000)
  eden space 18432K, 100% used [0x00000000d5580000,0x00000000d6780000,0x00000000d6780000)
  from space 1536K, 75% used [0x00000000d6800000,0x00000000d6920020,0x00000000d6980000)
  to   space 1024K, 0% used [0x00000000d6980000,0x00000000d6980000,0x00000000d6a80000)
 ParOldGen       total 73216K, used 72956K [0x0000000080000000, 0x0000000084780000, 0x00000000d5580000)
  object space 73216K, 99% used [0x0000000080000000,0x000000008473f318,0x0000000084780000)
 Metaspace       used 62820K, committed 64384K, reserved 1114112K
  class space    used 6703K, committed 7360K, reserved 1048576K
}
Event: 47.272 GC heap after
{Heap after GC invocations=77 (full 3):
 PSYoungGen      total 17920K, used 1008K [0x00000000d5580000, 0x00000000d6e80000, 0x0000000100000000)
  eden space 16896K, 0% used [0x00000000d5580000,0x00000000d5580000,0x00000000d6600000)
  from space 1024K, 98% used [0x00000000d6980000,0x00000000d6a7c3f8,0x00000000d6a80000)
  to   space 3584K, 0% used [0x00000000d6600000,0x00000000d6600000,0x00000000d6980000)
 ParOldGen       total 75264K, used 74830K [0x0000000080000000, 0x0000000084980000, 0x00000000d5580000)
  object space 75264K, 99% used [0x0000000080000000,0x00000000849139d0,0x0000000084980000)
 Metaspace       used 62820K, committed 64384K, reserved 1114112K
  class space    used 6703K, committed 7360K, reserved 1048576K
}
Event: 47.443 GC heap before
{Heap before GC invocations=78 (full 3):
 PSYoungGen      total 17920K, used 17904K [0x00000000d5580000, 0x00000000d6e80000, 0x0000000100000000)
  eden space 16896K, 100% used [0x00000000d5580000,0x00000000d6600000,0x00000000d6600000)
  from space 1024K, 98% used [0x00000000d6980000,0x00000000d6a7c3f8,0x00000000d6a80000)
  to   space 3584K, 0% used [0x00000000d6600000,0x00000000d6600000,0x00000000d6980000)
 ParOldGen       total 75264K, used 74830K [0x0000000080000000, 0x0000000084980000, 0x00000000d5580000)
  object space 75264K, 99% used [0x0000000080000000,0x00000000849139d0,0x0000000084980000)
 Metaspace       used 63081K, committed 64704K, reserved 1114112K
  class space    used 6718K, committed 7360K, reserved 1048576K
}
Event: 47.446 GC heap after
{Heap after GC invocations=78 (full 3):
 PSYoungGen      total 18944K, used 1914K [0x00000000d5580000, 0x00000000d6b00000, 0x0000000100000000)
  eden space 16896K, 0% used [0x00000000d5580000,0x00000000d5580000,0x00000000d6600000)
  from space 2048K, 93% used [0x00000000d6600000,0x00000000d67de920,0x00000000d6800000)
  to   space 2560K, 0% used [0x00000000d6880000,0x00000000d6880000,0x00000000d6b00000)
 ParOldGen       total 76288K, used 76072K [0x0000000080000000, 0x0000000084a80000, 0x00000000d5580000)
  object space 76288K, 99% used [0x0000000080000000,0x0000000084a4a0d0,0x0000000084a80000)
 Metaspace       used 63081K, committed 64704K, reserved 1114112K
  class space    used 6718K, committed 7360K, reserved 1048576K
}
Event: 47.746 GC heap before
{Heap before GC invocations=79 (full 3):
 PSYoungGen      total 18944K, used 18704K [0x00000000d5580000, 0x00000000d6b00000, 0x0000000100000000)
  eden space 16896K, 99% used [0x00000000d5580000,0x00000000d65e5920,0x00000000d6600000)
  from space 2048K, 93% used [0x00000000d6600000,0x00000000d67de920,0x00000000d6800000)
  to   space 2560K, 0% used [0x00000000d6880000,0x00000000d6880000,0x00000000d6b00000)
 ParOldGen       total 76288K, used 76072K [0x0000000080000000, 0x0000000084a80000, 0x00000000d5580000)
  object space 76288K, 99% used [0x0000000080000000,0x0000000084a4a0d0,0x0000000084a80000)
 Metaspace       used 63438K, committed 65088K, reserved 1114112K
  class space    used 6730K, committed 7424K, reserved 1048576K
}
Event: 47.748 GC heap after
{Heap after GC invocations=79 (full 3):
 PSYoungGen      total 18432K, used 1303K [0x00000000d5580000, 0x00000000d6a00000, 0x0000000100000000)
  eden space 16896K, 0% used [0x00000000d5580000,0x00000000d5580000,0x00000000d6600000)
  from space 1536K, 84% used [0x00000000d6880000,0x00000000d69c5c38,0x00000000d6a00000)
  to   space 2048K, 0% used [0x00000000d6600000,0x00000000d6600000,0x00000000d6800000)
 ParOldGen       total 77824K, used 77784K [0x0000000080000000, 0x0000000084c00000, 0x00000000d5580000)
  object space 77824K, 99% used [0x0000000080000000,0x0000000084bf6390,0x0000000084c00000)
 Metaspace       used 63438K, committed 65088K, reserved 1114112K
  class space    used 6730K, committed 7424K, reserved 1048576K
}
Event: 47.991 GC heap before
{Heap before GC invocations=80 (full 3):
 PSYoungGen      total 18432K, used 18199K [0x00000000d5580000, 0x00000000d6a00000, 0x0000000100000000)
  eden space 16896K, 100% used [0x00000000d5580000,0x00000000d6600000,0x00000000d6600000)
  from space 1536K, 84% used [0x00000000d6880000,0x00000000d69c5c38,0x00000000d6a00000)
  to   space 2048K, 0% used [0x00000000d6600000,0x00000000d6600000,0x00000000d6800000)
 ParOldGen       total 77824K, used 77784K [0x0000000080000000, 0x0000000084c00000, 0x00000000d5580000)
  object space 77824K, 99% used [0x0000000080000000,0x0000000084bf6390,0x0000000084c00000)
 Metaspace       used 63559K, committed 65216K, reserved 1114112K
  class space    used 6731K, committed 7424K, reserved 1048576K
}
Event: 47.994 GC heap after
{Heap after GC invocations=80 (full 3):
 PSYoungGen      total 18944K, used 1622K [0x00000000d5580000, 0x00000000d6a00000, 0x0000000100000000)
  eden space 16896K, 0% used [0x00000000d5580000,0x00000000d5580000,0x00000000d6600000)
  from space 2048K, 79% used [0x00000000d6600000,0x00000000d6795af8,0x00000000d6800000)
  to   space 2048K, 0% used [0x00000000d6800000,0x00000000d6800000,0x00000000d6a00000)
 ParOldGen       total 78848K, used 78506K [0x0000000080000000, 0x0000000084d00000, 0x00000000d5580000)
  object space 78848K, 99% used [0x0000000080000000,0x0000000084caa9e0,0x0000000084d00000)
 Metaspace       used 63559K, committed 65216K, reserved 1114112K
  class space    used 6731K, committed 7424K, reserved 1048576K
}

Dll operation events (10 events):
Event: 0.014 Loaded shared library c:\Users\alifs\.vscode\extensions\redhat.java-1.46.0-win32-x64\jre\21.0.8-win32-x86_64\bin\java.dll
Event: 0.091 Loaded shared library c:\Users\alifs\.vscode\extensions\redhat.java-1.46.0-win32-x64\jre\21.0.8-win32-x86_64\bin\zip.dll
Event: 0.117 Loaded shared library C:\Users\alifs\.vscode\extensions\redhat.java-1.46.0-win32-x64\jre\21.0.8-win32-x86_64\bin\instrument.dll
Event: 0.123 Loaded shared library C:\Users\alifs\.vscode\extensions\redhat.java-1.46.0-win32-x64\jre\21.0.8-win32-x86_64\bin\net.dll
Event: 0.125 Loaded shared library C:\Users\alifs\.vscode\extensions\redhat.java-1.46.0-win32-x64\jre\21.0.8-win32-x86_64\bin\nio.dll
Event: 0.129 Loaded shared library C:\Users\alifs\.vscode\extensions\redhat.java-1.46.0-win32-x64\jre\21.0.8-win32-x86_64\bin\zip.dll
Event: 0.150 Loaded shared library C:\Users\alifs\.vscode\extensions\redhat.java-1.46.0-win32-x64\jre\21.0.8-win32-x86_64\bin\jimage.dll
Event: 0.242 Loaded shared library c:\Users\alifs\.vscode\extensions\redhat.java-1.46.0-win32-x64\jre\21.0.8-win32-x86_64\bin\verify.dll
Event: 7.321 Loaded shared library C:\Users\alifs\AppData\Roaming\Code\User\globalStorage\redhat.java\1.46.0\config_win\org.eclipse.equinox.launcher\org.eclipse.equinox.launcher.win32.win32.x86_64_1.2.1400.v20250801-0854\eclipse_11916.dll
Event: 26.692 Loaded shared library C:\Users\alifs\AppData\Local\Temp\jna-92903147\jna6320856559201489069.dll

Deoptimization events (20 events):
Event: 47.565 Thread 0x0000010f59c9dfc0 Uncommon trap: trap_request=0xffffffde fr.pc=0x0000010f0ae4f0fc relative=0x000000000000059c
Event: 47.565 Thread 0x0000010f59c9dfc0 Uncommon trap: reason=class_check action=maybe_recompile pc=0x0000010f0ae4f0fc method=java.util.HashMap.removeNode(ILjava/lang/Object;Ljava/lang/Object;ZZ)Ljava/util/HashMap$Node; @ 143 c2
Event: 47.565 Thread 0x0000010f59c9dfc0 DEOPT PACKING pc=0x0000010f0ae4f0fc sp=0x00000002746fe660
Event: 47.565 Thread 0x0000010f59c9dfc0 DEOPT UNPACKING pc=0x0000010f0a6b3aa2 sp=0x00000002746fe558 mode 2
Event: 47.593 Thread 0x0000010f59c9dfc0 DEOPT PACKING pc=0x0000010f045a9207 sp=0x00000002746fd370
Event: 47.593 Thread 0x0000010f59c9dfc0 DEOPT UNPACKING pc=0x0000010f0a6b4242 sp=0x00000002746fc828 mode 0
Event: 47.723 Thread 0x0000010f59c9dfc0 Uncommon trap: trap_request=0xffffffde fr.pc=0x0000010f0ae4f0fc relative=0x000000000000059c
Event: 47.723 Thread 0x0000010f59c9dfc0 Uncommon trap: reason=class_check action=maybe_recompile pc=0x0000010f0ae4f0fc method=java.util.HashMap.removeNode(ILjava/lang/Object;Ljava/lang/Object;ZZ)Ljava/util/HashMap$Node; @ 143 c2
Event: 47.723 Thread 0x0000010f59c9dfc0 DEOPT PACKING pc=0x0000010f0ae4f0fc sp=0x00000002746fe660
Event: 47.723 Thread 0x0000010f59c9dfc0 DEOPT UNPACKING pc=0x0000010f0a6b3aa2 sp=0x00000002746fe558 mode 2
Event: 47.738 Thread 0x0000010f59c9dfc0 Uncommon trap: trap_request=0xffffff45 fr.pc=0x0000010f0b0a60ec relative=0x000000000000096c
Event: 47.738 Thread 0x0000010f59c9dfc0 Uncommon trap: reason=unstable_if action=reinterpret pc=0x0000010f0b0a60ec method=lombok.core.configuration.FileSystemSourceCache.parseIfNeccesary(Llombok/core/configuration/ConfigurationFile;Llombok/core/configuration/ConfigurationParser;)Llombok/core/co
Event: 47.738 Thread 0x0000010f59c9dfc0 DEOPT PACKING pc=0x0000010f0b0a60ec sp=0x00000002746fe470
Event: 47.738 Thread 0x0000010f59c9dfc0 DEOPT UNPACKING pc=0x0000010f0a6b3aa2 sp=0x00000002746fe418 mode 2
Event: 47.821 Thread 0x0000010f59c9dfc0 DEOPT PACKING pc=0x0000010f0456f605 sp=0x00000002746fde00
Event: 47.821 Thread 0x0000010f59c9dfc0 DEOPT UNPACKING pc=0x0000010f0a6b4242 sp=0x00000002746fd240 mode 0
Event: 47.899 Thread 0x0000010f59c9dfc0 DEOPT PACKING pc=0x0000010f03dea50b sp=0x00000002746fe2d0
Event: 47.899 Thread 0x0000010f59c9dfc0 DEOPT UNPACKING pc=0x0000010f0a6b4242 sp=0x00000002746fd7b8 mode 0
Event: 47.925 Thread 0x0000010f59c9dfc0 DEOPT PACKING pc=0x0000010f0462def0 sp=0x00000002746fe5a0
Event: 47.925 Thread 0x0000010f59c9dfc0 DEOPT UNPACKING pc=0x0000010f0a6b4242 sp=0x00000002746fda48 mode 0

Classes loaded (20 events):
Event: 46.554 Loading class java/util/stream/DistinctOps$1
Event: 46.554 Loading class java/util/stream/DistinctOps$1 done
Event: 46.558 Loading class java/util/stream/DistinctOps$1$2
Event: 46.558 Loading class java/util/stream/DistinctOps$1$2 done
Event: 46.762 Loading class java/util/stream/ReduceOps$5
Event: 46.762 Loading class java/util/stream/ReduceOps$5 done
Event: 46.762 Loading class java/util/stream/ReduceOps$CountingSink$OfRef
Event: 46.762 Loading class java/util/stream/ReduceOps$CountingSink
Event: 46.762 Loading class java/util/stream/ReduceOps$CountingSink done
Event: 46.762 Loading class java/util/stream/ReduceOps$CountingSink$OfRef done
Event: 47.023 Loading class java/util/stream/ReduceOps$1
Event: 47.024 Loading class java/util/stream/ReduceOps$1 done
Event: 47.024 Loading class java/util/stream/ReduceOps$1ReducingSink
Event: 47.024 Loading class java/util/stream/ReduceOps$1ReducingSink done
Event: 47.396 Loading class java/util/AbstractList$RandomAccessSubList
Event: 47.396 Loading class java/util/AbstractList$SubList
Event: 47.397 Loading class java/util/AbstractList$SubList done
Event: 47.397 Loading class java/util/AbstractList$RandomAccessSubList done
Event: 47.397 Loading class java/util/AbstractList$SubList$1
Event: 47.397 Loading class java/util/AbstractList$SubList$1 done

Classes unloaded (7 events):
Event: 28.070 Thread 0x0000010f16314960 Unloading class 0x0000010f181a8c00 'java/lang/invoke/LambdaForm$MH+0x0000010f181a8c00'
Event: 28.071 Thread 0x0000010f16314960 Unloading class 0x0000010f181a8800 'java/lang/invoke/LambdaForm$MH+0x0000010f181a8800'
Event: 28.071 Thread 0x0000010f16314960 Unloading class 0x0000010f181a8400 'java/lang/invoke/LambdaForm$MH+0x0000010f181a8400'
Event: 28.071 Thread 0x0000010f16314960 Unloading class 0x0000010f181a8000 'java/lang/invoke/LambdaForm$MH+0x0000010f181a8000'
Event: 28.071 Thread 0x0000010f16314960 Unloading class 0x0000010f181a7c00 'java/lang/invoke/LambdaForm$BMH+0x0000010f181a7c00'
Event: 28.071 Thread 0x0000010f16314960 Unloading class 0x0000010f181a7800 'java/lang/invoke/LambdaForm$DMH+0x0000010f181a7800'
Event: 28.071 Thread 0x0000010f16314960 Unloading class 0x0000010f181a6400 'java/lang/invoke/LambdaForm$DMH+0x0000010f181a6400'

Classes redefined (0 events):
No events

Internal exceptions (20 events):
Event: 46.445 Thread 0x0000010f59c9dfc0 Implicit null exception at 0x0000010f0af07d24 to 0x0000010f0af07dfa
Event: 46.510 Thread 0x0000010f59c9bef0 Exception <a 'sun/nio/fs/WindowsException'{0x00000000d644d320}> (0x00000000d644d320) 
thrown [s\src\hotspot\share\prims\jni.cpp, line 520]
Event: 46.510 Thread 0x0000010f59c9bef0 Exception <a 'sun/nio/fs/WindowsException'{0x00000000d644d9e0}> (0x00000000d644d9e0) 
thrown [s\src\hotspot\share\prims\jni.cpp, line 520]
Event: 46.685 Thread 0x0000010f5ef938f0 Exception <a 'sun/nio/fs/WindowsException'{0x00000000d61afa18}> (0x00000000d61afa18) 
thrown [s\src\hotspot\share\prims\jni.cpp, line 520]
Event: 46.686 Thread 0x0000010f5ef938f0 Exception <a 'sun/nio/fs/WindowsException'{0x00000000d61b03a8}> (0x00000000d61b03a8) 
thrown [s\src\hotspot\share\prims\jni.cpp, line 520]
Event: 46.686 Thread 0x0000010f5ef938f0 Exception <a 'sun/nio/fs/WindowsException'{0x00000000d61b12d8}> (0x00000000d61b12d8) 
thrown [s\src\hotspot\share\prims\jni.cpp, line 520]
Event: 46.687 Thread 0x0000010f5ef938f0 Exception <a 'sun/nio/fs/WindowsException'{0x00000000d61b1c48}> (0x00000000d61b1c48) 
thrown [s\src\hotspot\share\prims\jni.cpp, line 520]
Event: 46.688 Thread 0x0000010f5ef938f0 Exception <a 'sun/nio/fs/WindowsException'{0x00000000d6210108}> (0x00000000d6210108) 
thrown [s\src\hotspot\share\prims\jni.cpp, line 520]
Event: 46.688 Thread 0x0000010f5ef938f0 Exception <a 'sun/nio/fs/WindowsException'{0x00000000d6210a78}> (0x00000000d6210a78) 
thrown [s\src\hotspot\share\prims\jni.cpp, line 520]
Event: 46.696 Thread 0x0000010f5ef938f0 Exception <a 'sun/nio/fs/WindowsException'{0x00000000d625d680}> (0x00000000d625d680) 
thrown [s\src\hotspot\share\prims\jni.cpp, line 520]
Event: 46.696 Thread 0x0000010f5ef938f0 Exception <a 'sun/nio/fs/WindowsException'{0x00000000d625dff0}> (0x00000000d625dff0) 
thrown [s\src\hotspot\share\prims\jni.cpp, line 520]
Event: 46.764 Thread 0x0000010f59c9d930 Exception <a 'sun/nio/fs/WindowsException'{0x00000000d5656490}> (0x00000000d5656490) 
thrown [s\src\hotspot\share\prims\jni.cpp, line 520]
Event: 46.764 Thread 0x0000010f59c9d930 Exception <a 'sun/nio/fs/WindowsException'{0x00000000d5656b50}> (0x00000000d5656b50) 
thrown [s\src\hotspot\share\prims\jni.cpp, line 520]
Event: 46.852 Thread 0x0000010f59c9dfc0 Exception <a 'java/lang/NoSuchMethodError'{0x00000000d5a4e4d0}: 'java.lang.Object java.lang.invoke.DirectMethodHandle$Holder.invokeStatic(java.lang.Object, java.lang.Object, int, java.lang.Object, java.lang.Object)'> (0x00000000d5a4e4d0) 
thrown [s\src\hotspot\share\interpreter\linkResolver.cpp, line 773]
Event: 47.148 Thread 0x0000010f59c9dfc0 Exception <a 'java/io/FileNotFoundException'{0x00000000d6138440}> (0x00000000d6138440) 
thrown [s\src\hotspot\share\prims\jni.cpp, line 520]
Event: 47.148 Thread 0x0000010f59c9dfc0 Exception <a 'java/io/FileNotFoundException'{0x00000000d6139528}> (0x00000000d6139528) 
thrown [s\src\hotspot\share\prims\jni.cpp, line 520]
Event: 47.149 Thread 0x0000010f59c9dfc0 Exception <a 'java/io/FileNotFoundException'{0x00000000d613a290}> (0x00000000d613a290) 
thrown [s\src\hotspot\share\prims\jni.cpp, line 520]
Event: 47.438 Thread 0x0000010f5ef91190 Exception <a 'sun/nio/fs/WindowsException'{0x00000000d64a5010}> (0x00000000d64a5010) 
thrown [s\src\hotspot\share\prims\jni.cpp, line 520]
Event: 47.438 Thread 0x0000010f5ef91190 Exception <a 'sun/nio/fs/WindowsException'{0x00000000d64b1390}> (0x00000000d64b1390) 
thrown [s\src\hotspot\share\prims\jni.cpp, line 520]
Event: 632.105 Thread 0x0000010f60eee130 Exception <a 'java/lang/IncompatibleClassChangeError'{0x00000000d5973ad8}: Found class java.lang.Object, but interface was expected> (0x00000000d5973ad8) 
thrown [s\src\hotspot\share\interpreter\linkResolver.cpp, line 840]

ZGC Phase Switch (0 events):
No events

VM Operations (20 events):
Event: 2825.145 Executing VM operation: HandshakeAllThreads (HandshakeForDeflation)
Event: 2825.145 Executing VM operation: HandshakeAllThreads (HandshakeForDeflation) done
Event: 2825.145 Executing VM operation: RendezvousGCThreads
Event: 2825.145 Executing VM operation: RendezvousGCThreads done
Event: 2853.409 Executing VM operation: Cleanup
Event: 2853.410 Executing VM operation: Cleanup done
Event: 2885.289 Executing VM operation: HandshakeAllThreads (HandshakeForDeflation)
Event: 2885.289 Executing VM operation: HandshakeAllThreads (HandshakeForDeflation) done
Event: 2885.289 Executing VM operation: RendezvousGCThreads
Event: 2885.289 Executing VM operation: RendezvousGCThreads done
Event: 2945.487 Executing VM operation: HandshakeAllThreads (HandshakeForDeflation)
Event: 2945.488 Executing VM operation: HandshakeAllThreads (HandshakeForDeflation) done
Event: 2945.488 Executing VM operation: RendezvousGCThreads
Event: 2945.488 Executing VM operation: RendezvousGCThreads done
Event: 3005.537 Executing VM operation: HandshakeAllThreads (HandshakeForDeflation)
Event: 3005.538 Executing VM operation: HandshakeAllThreads (HandshakeForDeflation) done
Event: 3005.538 Executing VM operation: RendezvousGCThreads
Event: 3005.538 Executing VM operation: RendezvousGCThreads done
Event: 3063.083 Executing VM operation: Cleanup
Event: 3063.085 Executing VM operation: Cleanup done

Memory protections (0 events):
No events

Nmethod flushes (20 events):
Event: 41.535 Thread 0x0000010f16314960 flushing osr nmethod 0x0000010f03941310
Event: 41.535 Thread 0x0000010f16314960 flushing osr nmethod 0x0000010f03981a90
Event: 41.535 Thread 0x0000010f16314960 flushing  nmethod 0x0000010f0398bc10
Event: 41.535 Thread 0x0000010f16314960 flushing  nmethod 0x0000010f039a1810
Event: 41.535 Thread 0x0000010f16314960 flushing  nmethod 0x0000010f039d6a10
Event: 41.535 Thread 0x0000010f16314960 flushing  nmethod 0x0000010f039d9a10
Event: 41.535 Thread 0x0000010f16314960 flushing  nmethod 0x0000010f03a10990
Event: 41.535 Thread 0x0000010f16314960 flushing  nmethod 0x0000010f03a11510
Event: 41.535 Thread 0x0000010f16314960 flushing  nmethod 0x0000010f03a11f90
Event: 41.535 Thread 0x0000010f16314960 flushing  nmethod 0x0000010f03a12710
Event: 41.535 Thread 0x0000010f16314960 flushing  nmethod 0x0000010f03a12a90
Event: 41.535 Thread 0x0000010f16314960 flushing  nmethod 0x0000010f03a13590
Event: 41.535 Thread 0x0000010f16314960 flushing  nmethod 0x0000010f03a24b90
Event: 41.535 Thread 0x0000010f16314960 flushing  nmethod 0x0000010f03a24f10
Event: 41.535 Thread 0x0000010f16314960 flushing  nmethod 0x0000010f03a25410
Event: 41.535 Thread 0x0000010f16314960 flushing  nmethod 0x0000010f03a28310
Event: 41.535 Thread 0x0000010f16314960 flushing  nmethod 0x0000010f03a28b10
Event: 41.535 Thread 0x0000010f16314960 flushing  nmethod 0x0000010f03a29e90
Event: 41.535 Thread 0x0000010f16314960 flushing  nmethod 0x0000010f03a2a290
Event: 41.535 Thread 0x0000010f16314960 flushing  nmethod 0x0000010f03a3cf90

Events (20 events):
Event: 43.637 Thread 0x0000010f59c9d930 Thread added: 0x0000010f5efeeb30
Event: 45.512 Thread 0x0000010f5efef850 Thread exited: 0x0000010f5efef850
Event: 45.512 Thread 0x0000010f5efef1c0 Thread exited: 0x0000010f5efef1c0
Event: 45.512 Thread 0x0000010f5efee4a0 Thread exited: 0x0000010f5efee4a0
Event: 45.512 Thread 0x0000010f5efeeb30 Thread exited: 0x0000010f5efeeb30
Event: 45.512 Thread 0x0000010f5eff1fb0 Thread exited: 0x0000010f5eff1fb0
Event: 107.428 Thread 0x0000010f59c9c580 Thread exited: 0x0000010f59c9c580
Event: 107.429 Thread 0x0000010f59c9d930 Thread exited: 0x0000010f59c9d930
Event: 107.429 Thread 0x0000010f59c9bef0 Thread exited: 0x0000010f59c9bef0
Event: 107.499 Thread 0x0000010f5ef938f0 Thread exited: 0x0000010f5ef938f0
Event: 167.509 Thread 0x0000010f5ef91190 Thread exited: 0x0000010f5ef91190
Event: 227.514 Thread 0x0000010f5ef92540 Thread exited: 0x0000010f5ef92540
Event: 287.520 Thread 0x0000010f60eeee50 Thread exited: 0x0000010f60eeee50
Event: 347.526 Thread 0x0000010f5ef92bd0 Thread exited: 0x0000010f5ef92bd0
Event: 407.530 Thread 0x0000010f60eeb9d0 Thread exited: 0x0000010f60eeb9d0
Event: 467.543 Thread 0x0000010f5ef90470 Thread exited: 0x0000010f5ef90470
Event: 527.610 Thread 0x0000010f5ef90b00 Thread exited: 0x0000010f5ef90b00
Event: 587.606 Thread 0x0000010f60eee7c0 Thread exited: 0x0000010f60eee7c0
Event: 647.617 Thread 0x0000010f5ef91eb0 Thread exited: 0x0000010f5ef91eb0
Event: 707.626 Thread 0x0000010f5ef91820 Thread exited: 0x0000010f5ef91820


Dynamic libraries:
0x00007ff7f1bd0000 - 0x00007ff7f1bde000 	c:\Users\alifs\.vscode\extensions\redhat.java-1.46.0-win32-x64\jre\21.0.8-win32-x86_64\bin\java.exe
0x00007ffb21740000 - 0x00007ffb219a9000 	C:\WINDOWS\SYSTEM32\ntdll.dll
0x00007ffb1ff00000 - 0x00007ffb1ffc9000 	C:\WINDOWS\System32\KERNEL32.DLL
0x00007ffb1ee50000 - 0x00007ffb1f243000 	C:\WINDOWS\System32\KERNELBASE.dll
0x00007ffb1ead0000 - 0x00007ffb1ec1b000 	C:\WINDOWS\System32\ucrtbase.dll
0x00007ffaf6b90000 - 0x00007ffaf6ba8000 	c:\Users\alifs\.vscode\extensions\redhat.java-1.46.0-win32-x64\jre\21.0.8-win32-x86_64\bin\jli.dll
0x00007ffaf6de0000 - 0x00007ffaf6dfe000 	c:\Users\alifs\.vscode\extensions\redhat.java-1.46.0-win32-x64\jre\21.0.8-win32-x86_64\bin\VCRUNTIME140.dll
0x00007ffb20a00000 - 0x00007ffb20bc4000 	C:\WINDOWS\System32\USER32.dll
0x00007ffafcde0000 - 0x00007ffafd073000 	C:\WINDOWS\WinSxS\amd64_microsoft.windows.common-controls_6595b64144ccf1df_6.0.26100.5074_none_3e0d6f78e32fd63f\COMCTL32.dll
0x00007ffb1eaa0000 - 0x00007ffb1eac7000 	C:\WINDOWS\System32\win32u.dll
0x00007ffb21690000 - 0x00007ffb216bb000 	C:\WINDOWS\System32\GDI32.dll
0x00007ffb1f9f0000 - 0x00007ffb1fa99000 	C:\WINDOWS\System32\msvcrt.dll
0x00007ffb1e8d0000 - 0x00007ffb1e9fd000 	C:\WINDOWS\System32\gdi32full.dll
0x00007ffb1f3d0000 - 0x00007ffb1f473000 	C:\WINDOWS\System32\msvcp_win.dll
0x00007ffb216c0000 - 0x00007ffb216ef000 	C:\WINDOWS\System32\IMM32.DLL
0x00007ffb1ba50000 - 0x00007ffb1ba5c000 	c:\Users\alifs\.vscode\extensions\redhat.java-1.46.0-win32-x64\jre\21.0.8-win32-x86_64\bin\vcruntime140_1.dll
0x00007ffae0890000 - 0x00007ffae091d000 	c:\Users\alifs\.vscode\extensions\redhat.java-1.46.0-win32-x64\jre\21.0.8-win32-x86_64\bin\msvcp140.dll
0x00007ffa27b50000 - 0x00007ffa288e7000 	c:\Users\alifs\.vscode\extensions\redhat.java-1.46.0-win32-x64\jre\21.0.8-win32-x86_64\bin\server\jvm.dll
0x00007ffb20920000 - 0x00007ffb209d4000 	C:\WINDOWS\System32\ADVAPI32.dll
0x00007ffb207f0000 - 0x00007ffb20896000 	C:\WINDOWS\System32\sechost.dll
0x00007ffb1fdd0000 - 0x00007ffb1fee8000 	C:\WINDOWS\System32\RPCRT4.dll
0x00007ffb21610000 - 0x00007ffb21684000 	C:\WINDOWS\System32\WS2_32.dll
0x00007ffb1e730000 - 0x00007ffb1e78e000 	C:\WINDOWS\SYSTEM32\POWRPROF.dll
0x00007ffb172a0000 - 0x00007ffb172ab000 	C:\WINDOWS\SYSTEM32\VERSION.dll
0x00007ffb16630000 - 0x00007ffb16665000 	C:\WINDOWS\SYSTEM32\WINMM.dll
0x00007ffb1e710000 - 0x00007ffb1e724000 	C:\WINDOWS\SYSTEM32\UMPDC.dll
0x00007ffb1d6b0000 - 0x00007ffb1d6cb000 	C:\WINDOWS\SYSTEM32\kernel.appcore.dll
0x00007ffb0dfc0000 - 0x00007ffb0dfca000 	c:\Users\alifs\.vscode\extensions\redhat.java-1.46.0-win32-x64\jre\21.0.8-win32-x86_64\bin\jimage.dll
0x00007ffb111c0000 - 0x00007ffb11402000 	C:\WINDOWS\SYSTEM32\DBGHELP.DLL
0x00007ffb1f510000 - 0x00007ffb1f88b000 	C:\WINDOWS\System32\combase.dll
0x00007ffb1fb60000 - 0x00007ffb1fc37000 	C:\WINDOWS\System32\OLEAUT32.dll
0x00007ffafd770000 - 0x00007ffafd7ad000 	C:\WINDOWS\SYSTEM32\dbgcore.DLL
0x00007ffb1ea00000 - 0x00007ffb1ea99000 	C:\WINDOWS\System32\bcryptPrimitives.dll
0x00007ffb0dfa0000 - 0x00007ffb0dfaf000 	c:\Users\alifs\.vscode\extensions\redhat.java-1.46.0-win32-x64\jre\21.0.8-win32-x86_64\bin\instrument.dll
0x00007ffaf56e0000 - 0x00007ffaf56ff000 	c:\Users\alifs\.vscode\extensions\redhat.java-1.46.0-win32-x64\jre\21.0.8-win32-x86_64\bin\java.dll
0x00007ffb20c50000 - 0x00007ffb2139d000 	C:\WINDOWS\System32\SHELL32.dll
0x00007ffb1ec20000 - 0x00007ffb1ed8c000 	C:\WINDOWS\System32\wintypes.dll
0x00007ffb1c500000 - 0x00007ffb1cd59000 	C:\WINDOWS\SYSTEM32\windows.storage.dll
0x00007ffb1fcd0000 - 0x00007ffb1fdc0000 	C:\WINDOWS\System32\SHCORE.dll
0x00007ffb1faa0000 - 0x00007ffb1fb02000 	C:\WINDOWS\System32\shlwapi.dll
0x00007ffb1e7f0000 - 0x00007ffb1e819000 	C:\WINDOWS\SYSTEM32\profapi.dll
0x00007ffaf4d40000 - 0x00007ffaf4d58000 	c:\Users\alifs\.vscode\extensions\redhat.java-1.46.0-win32-x64\jre\21.0.8-win32-x86_64\bin\zip.dll
0x00007ffb0d0e0000 - 0x00007ffb0d0f0000 	C:\Users\alifs\.vscode\extensions\redhat.java-1.46.0-win32-x64\jre\21.0.8-win32-x86_64\bin\net.dll
0x00007ffb17a30000 - 0x00007ffb17b4f000 	C:\WINDOWS\SYSTEM32\WINHTTP.dll
0x00007ffb1dc30000 - 0x00007ffb1dc9b000 	C:\WINDOWS\system32\mswsock.dll
0x00007ffaf6aa0000 - 0x00007ffaf6ab6000 	C:\Users\alifs\.vscode\extensions\redhat.java-1.46.0-win32-x64\jre\21.0.8-win32-x86_64\bin\nio.dll
0x00007ffaffd70000 - 0x00007ffaffd80000 	c:\Users\alifs\.vscode\extensions\redhat.java-1.46.0-win32-x64\jre\21.0.8-win32-x86_64\bin\verify.dll
0x00007ffae87c0000 - 0x00007ffae8804000 	C:\Users\alifs\AppData\Roaming\Code\User\globalStorage\redhat.java\1.46.0\config_win\org.eclipse.equinox.launcher\org.eclipse.equinox.launcher.win32.win32.x86_64_1.2.1400.v20250801-0854\eclipse_11916.dll
0x00007ffb20000000 - 0x00007ffb20198000 	C:\WINDOWS\System32\ole32.dll
0x00007ffb1ded0000 - 0x00007ffb1deeb000 	C:\WINDOWS\SYSTEM32\CRYPTSP.dll
0x00007ffb1d610000 - 0x00007ffb1d64b000 	C:\WINDOWS\system32\rsaenh.dll
0x00007ffb1dcd0000 - 0x00007ffb1dcfb000 	C:\WINDOWS\SYSTEM32\USERENV.dll
0x00007ffb1e7c0000 - 0x00007ffb1e7e6000 	C:\WINDOWS\SYSTEM32\bcrypt.dll
0x00007ffb1def0000 - 0x00007ffb1defc000 	C:\WINDOWS\SYSTEM32\CRYPTBASE.dll
0x00007ffb1d0d0000 - 0x00007ffb1d104000 	C:\WINDOWS\SYSTEM32\IPHLPAPI.DLL
0x00007ffb209f0000 - 0x00007ffb209fa000 	C:\WINDOWS\System32\NSI.dll
0x00007ffafe1a0000 - 0x00007ffafe1e9000 	C:\Users\alifs\AppData\Local\Temp\jna-92903147\jna6320856559201489069.dll
0x00007ffb1fef0000 - 0x00007ffb1fef8000 	C:\WINDOWS\System32\PSAPI.DLL
0x00007ffb18d60000 - 0x00007ffb18d7e000 	C:\WINDOWS\SYSTEM32\dhcpcsvc6.DLL
0x00007ffb18b60000 - 0x00007ffb18b83000 	C:\WINDOWS\SYSTEM32\dhcpcsvc.DLL

JVMTI agents:
c:\Users\alifs\.vscode\extensions\redhat.java-1.46.0-win32-x64\lombok\lombok-1.18.39-4050.jar path:c:\Users\alifs\.vscode\extensions\redhat.java-1.46.0-win32-x64\jre\21.0.8-win32-x86_64\bin\instrument.dll, loaded, initialized, instrumentlib options:none

dbghelp: loaded successfully - version: 4.0.5 - missing functions: none
symbol engine: initialized successfully - sym options: 0x614 - pdb path: .;c:\Users\alifs\.vscode\extensions\redhat.java-1.46.0-win32-x64\jre\21.0.8-win32-x86_64\bin;C:\WINDOWS\SYSTEM32;C:\WINDOWS\WinSxS\amd64_microsoft.windows.common-controls_6595b64144ccf1df_6.0.26100.5074_none_3e0d6f78e32fd63f;c:\Users\alifs\.vscode\extensions\redhat.java-1.46.0-win32-x64\jre\21.0.8-win32-x86_64\bin\server;C:\Users\alifs\AppData\Roaming\Code\User\globalStorage\redhat.java\1.46.0\config_win\org.eclipse.equinox.launcher\org.eclipse.equinox.launcher.win32.win32.x86_64_1.2.1400.v20250801-0854;C:\Users\alifs\AppData\Local\Temp\jna-92903147

VM Arguments:
jvm_args: --add-modules=ALL-SYSTEM --add-opens=java.base/java.util=ALL-UNNAMED --add-opens=java.base/java.lang=ALL-UNNAMED --add-opens=java.base/sun.nio.fs=ALL-UNNAMED -Declipse.application=org.eclipse.jdt.ls.core.id1 -Dosgi.bundles.defaultStartLevel=4 -Declipse.product=org.eclipse.jdt.ls.core.product -Djava.import.generatesMetadataFilesAtProjectRoot=false -DDetectVMInstallationsJob.disabled=true -Dfile.encoding=utf8 -XX:+UseParallelGC -XX:GCTimeRatio=4 -XX:AdaptiveSizePolicyWeight=90 -Dsun.zip.disableMemoryMapping=true -Xmx2G -Xms100m -Xlog:disable -javaagent:c:\Users\alifs\.vscode\extensions\redhat.java-1.46.0-win32-x64\lombok\lombok-1.18.39-4050.jar -XX:+HeapDumpOnOutOfMemoryError -XX:HeapDumpPath=c:\Users\alifs\AppData\Roaming\Code\User\workspaceStorage\b58b63099126c7551d0743b44b78206b\redhat.java -Daether.dependencyCollector.impl=bf 
java_command: c:\Users\alifs\.vscode\extensions\redhat.java-1.46.0-win32-x64\server\plugins\org.eclipse.equinox.launcher_1.7.0.v20250519-0528.jar -configuration c:\Users\alifs\AppData\Roaming\Code\User\globalStorage\redhat.java\1.46.0\config_win -data c:\Users\alifs\AppData\Roaming\Code\User\workspaceStorage\b58b63099126c7551d0743b44b78206b\redhat.java\jdt_ws --pipe=\\.\pipe\lsp-6467bf53238d0f573c60e8699c54ecad-sock
java_class_path (initial): c:\Users\alifs\.vscode\extensions\redhat.java-1.46.0-win32-x64\server\plugins\org.eclipse.equinox.launcher_1.7.0.v20250519-0528.jar
Launcher Type: SUN_STANDARD

[Global flags]
    uintx AdaptiveSizePolicyWeight                 = 90                                        {product} {command line}
     intx CICompilerCount                          = 4                                         {product} {ergonomic}
    uintx GCTimeRatio                              = 4                                         {product} {command line}
     bool HeapDumpOnOutOfMemoryError               = true                                   {manageable} {command line}
    ccstr HeapDumpPath                             = c:\Users\alifs\AppData\Roaming\Code\User\workspaceStorage\b58b63099126c7551d0743b44b78206b\redhat.java         {manageable} {command line}
   size_t InitialHeapSize                          = 104857600                                 {product} {command line}
   size_t MaxHeapSize                              = 2147483648                                {product} {command line}
   size_t MaxNewSize                               = 715653120                                 {product} {ergonomic}
   size_t MinHeapDeltaBytes                        = 524288                                    {product} {ergonomic}
   size_t MinHeapSize                              = 104857600                                 {product} {command line}
   size_t NewSize                                  = 34603008                                  {product} {ergonomic}
    uintx NonNMethodCodeHeapSize                   = 5839372                                {pd product} {ergonomic}
    uintx NonProfiledCodeHeapSize                  = 122909434                              {pd product} {ergonomic}
   size_t OldSize                                  = 70254592                                  {product} {ergonomic}
    uintx ProfiledCodeHeapSize                     = 122909434                              {pd product} {ergonomic}
    uintx ReservedCodeCacheSize                    = 251658240                              {pd product} {ergonomic}
     bool SegmentedCodeCache                       = true                                      {product} {ergonomic}
   size_t SoftMaxHeapSize                          = 2147483648                             {manageable} {ergonomic}
     bool UseCompressedOops                        = true                           {product lp64_product} {ergonomic}
     bool UseLargePagesIndividualAllocation        = false                                  {pd product} {ergonomic}
     bool UseParallelGC                            = true                                      {product} {command line}

Logging:
Log output configuration:
 #0: stdout all=off uptime,level,tags foldmultilines=false
 #1: stderr all=off uptime,level,tags foldmultilines=false

Environment Variables:
JAVA_HOME=C:\Program Files\Amazon Corretto\jdk17.0.16_8
PATH=C:\Program Files\Amazon Corretto\jdk17.0.16_8\bin;C:\Program Files\Amazon Corretto\jdk11.0.28_6\bin;C:\Program Files\Python313\Scripts\;C:\Program Files\Python313\;C:\windows\system32;C:\windows;C:\windows\System32\Wbem;C:\windows\System32\WindowsPowerShell\v1.0\;C:\windows\System32\OpenSSH\;C:\Program Files (x86)\NVIDIA Corporation\PhysX\Common;C:\Users\Administrator\AppData\Local\Microsoft\WindowsApps;C:\Program Files\HP\OMEN-Broadcast\Common;C:\MinGW\bin;C:\Program Files\HP\HP One Agent;C:\Program Files\Git\cmd;C:\Program Files\Git\mingw64\bin;C:\Program Files\Git\usr\bin;C:\Program Files\Microsoft SQL Server\150\Tools\Binn\;C:\Program Files\Microsoft SQL Server\Client SDK\ODBC\170\Tools\Binn\;C:\Program Files\dotnet\;C:\Program Files\NVIDIA Corporation\NVIDIA app\NvDLISR;C:\WINDOWS\system32;C:\WINDOWS;C:\WINDOWS\System32\Wbem;C:\WINDOWS\System32\WindowsPowerShell\v1.0\;C:\WINDOWS\System32\OpenSSH\;C:\Program Files (x86)\Microsoft SQL Server\160\Tools\Binn\;C:\Program Files\Microsoft SQL Server\160\Tools\Binn\;C:\Program Files\Microsoft SQL Server\160\DTS\Binn\;C:\Program Files (x86)\Microsoft SQL Server\160\DTS\Binn\;C:\Program Files\Azure Data Studio\bin;C:\Program Files\nodejs\;C:\Program Files (x86)\dotnet\;C:\Program Files\Cloudflare\Cloudflare WARP\;C:\Program Files\MySQL\MySQL Shell 8.0\bin\;C:\Users\alifs\AppData\Local\Microsoft\WindowsApps;C:\Users\alifs\AppData\Local\Programs\Microsoft VS Code\bin;C:\Users\alifs\.dotnet\tools;;C:\Program Files\Azure Data Studio\bin;C:\Users\alifs\AppData\Roaming\npm;C:\maven\apache-maven-3.9.4\bin
USERNAME=alifs
OS=Windows_NT
PROCESSOR_IDENTIFIER=AMD64 Family 25 Model 68 Stepping 1, AuthenticAMD
TMP=C:\Users\alifs\AppData\Local\Temp
TEMP=C:\Users\alifs\AppData\Local\Temp




Periodic native trim disabled

---------------  S Y S T E M  ---------------

OS:
 Windows 11 , 64 bit Build 26100 (10.0.26100.5074)
OS uptime: 11 days 16:04 hours
Hyper-V role detected

CPU: total 12 (initial active 12) (12 cores per cpu, 2 threads per core) family 25 model 68 stepping 1 microcode 0xa404107, cx8, cmov, fxsr, ht, mmx, 3dnowpref, sse, sse2, sse3, ssse3, sse4a, sse4.1, sse4.2, popcnt, lzcnt, tsc, tscinvbit, avx, avx2, aes, erms, clmul, bmi1, bmi2, adx, sha, fma, vzeroupper, clflush, clflushopt, hv, rdtscp, rdpid, fsrm, f16c, cet_ss
Processor Information for processor 0
  Max Mhz: 3301, Current Mhz: 2024, Mhz Limit: 3301
Processor Information for processor 1
  Max Mhz: 3301, Current Mhz: 2024, Mhz Limit: 3301
Processor Information for processor 2
  Max Mhz: 3301, Current Mhz: 2496, Mhz Limit: 3301
Processor Information for processor 3
  Max Mhz: 3301, Current Mhz: 2024, Mhz Limit: 3301
Processor Information for processor 4
  Max Mhz: 3301, Current Mhz: 2024, Mhz Limit: 3301
Processor Information for processor 5
  Max Mhz: 3301, Current Mhz: 2496, Mhz Limit: 3301
Processor Information for processor 6
  Max Mhz: 3301, Current Mhz: 2024, Mhz Limit: 3301
Processor Information for processor 7
  Max Mhz: 3301, Current Mhz: 2024, Mhz Limit: 3301
Processor Information for processor 8
  Max Mhz: 3301, Current Mhz: 2024, Mhz Limit: 3301
Processor Information for processor 9
  Max Mhz: 3301, Current Mhz: 2024, Mhz Limit: 3301
Processor Information for processor 10
  Max Mhz: 3301, Current Mhz: 2024, Mhz Limit: 3301
Processor Information for processor 11
  Max Mhz: 3301, Current Mhz: 2024, Mhz Limit: 3301

Memory: 4k page, system-wide physical 5845M (427M free)
TotalPageFile size 24277M (AvailPageFile size 5M)
current process WorkingSet (physical memory assigned to process): 11M, peak: 273M
current process commit charge ("private bytes"): 354M, peak: 393M

vm_info: OpenJDK 64-Bit Server VM (21.0.8+9-LTS) for windows-amd64 JRE (21.0.8+9-LTS), built on 2025-07-15T00:00:00Z by "admin" with MS VC++ 17.7 (VS2022)

END.
